[0.089s] DEBUG:colcon:Command line arguments: ['/usr/bin/colcon', 'build']
[0.089s] DEBUG:colcon:Parsed command line arguments: Namespace(log_base=None, log_level=None, verb_name='build', build_base='build', install_base='install', merge_install=False, symlink_install=False, test_result_base=None, continue_on_error=False, executor='parallel', parallel_workers=8, event_handlers=None, ignore_user_meta=False, metas=['./colcon.meta'], base_paths=['.'], packages_ignore=None, packages_ignore_regex=None, paths=None, packages_up_to=None, packages_up_to_regex=None, packages_above=None, packages_above_and_dependencies=None, packages_above_depth=None, packages_select_by_dep=None, packages_skip_by_dep=None, packages_skip_up_to=None, packages_select_build_failed=False, packages_skip_build_finished=False, packages_select_test_failures=False, packages_skip_test_passed=False, packages_select=None, packages_skip=None, packages_select_regex=None, packages_skip_regex=None, packages_start=None, packages_end=None, allow_overriding=[], cmake_args=None, cmake_target=None, cmake_target_skip_unavailable=False, cmake_clean_cache=False, cmake_clean_first=False, cmake_force_configure=False, ament_cmake_args=None, catkin_cmake_args=None, catkin_skip_building_tests=False, verb_parser=<colcon_defaults.argument_parser.defaults.DefaultArgumentsDecorator object at 0x75f6cda4ed10>, verb_extension=<colcon_core.verb.build.BuildVerb object at 0x75f6cda4e9e0>, main=<bound method BuildVerb.main of <colcon_core.verb.build.BuildVerb object at 0x75f6cda4e9e0>>)
[0.246s] Level 1:colcon.colcon_core.package_discovery:discover_packages(colcon_meta) check parameters
[0.246s] Level 1:colcon.colcon_core.package_discovery:discover_packages(recursive) check parameters
[0.246s] Level 1:colcon.colcon_core.package_discovery:discover_packages(ignore) check parameters
[0.246s] Level 1:colcon.colcon_core.package_discovery:discover_packages(path) check parameters
[0.246s] Level 1:colcon.colcon_core.package_discovery:discover_packages(colcon_meta) discover
[0.246s] Level 1:colcon.colcon_core.package_discovery:discover_packages(recursive) discover
[0.246s] INFO:colcon.colcon_core.package_discovery:Crawling recursively for packages in '/home/amenephous/df_ws'
[0.246s] Level 1:colcon.colcon_core.package_identification:_identify(.) by extensions ['ignore', 'ignore_ament_install']
[0.247s] Level 1:colcon.colcon_core.package_identification:_identify(.) by extension 'ignore'
[0.247s] Level 1:colcon.colcon_core.package_identification:_identify(.) by extension 'ignore_ament_install'
[0.247s] Level 1:colcon.colcon_core.package_identification:_identify(.) by extensions ['colcon_pkg']
[0.247s] Level 1:colcon.colcon_core.package_identification:_identify(.) by extension 'colcon_pkg'
[0.247s] Level 1:colcon.colcon_core.package_identification:_identify(.) by extensions ['colcon_meta']
[0.247s] Level 1:colcon.colcon_core.package_identification:_identify(.) by extension 'colcon_meta'
[0.247s] Level 1:colcon.colcon_core.package_identification:_identify(.) by extensions ['ros']
[0.247s] Level 1:colcon.colcon_core.package_identification:_identify(.) by extension 'ros'
[0.255s] Level 1:colcon.colcon_core.package_identification:_identify(.) by extensions ['cmake', 'python']
[0.256s] Level 1:colcon.colcon_core.package_identification:_identify(.) by extension 'cmake'
[0.256s] Level 1:colcon.colcon_core.package_identification:_identify(.) by extension 'python'
[0.256s] Level 1:colcon.colcon_core.package_identification:_identify(.) by extensions ['python_setup_py']
[0.256s] Level 1:colcon.colcon_core.package_identification:_identify(.) by extension 'python_setup_py'
[0.256s] Level 1:colcon.colcon_core.package_identification:_identify(build) by extensions ['ignore', 'ignore_ament_install']
[0.256s] Level 1:colcon.colcon_core.package_identification:_identify(build) by extension 'ignore'
[0.256s] Level 1:colcon.colcon_core.package_identification:_identify(build) ignored
[0.256s] Level 1:colcon.colcon_core.package_identification:_identify(install) by extensions ['ignore', 'ignore_ament_install']
[0.256s] Level 1:colcon.colcon_core.package_identification:_identify(install) by extension 'ignore'
[0.256s] Level 1:colcon.colcon_core.package_identification:_identify(install) ignored
[0.256s] Level 1:colcon.colcon_core.package_identification:_identify(log) by extensions ['ignore', 'ignore_ament_install']
[0.256s] Level 1:colcon.colcon_core.package_identification:_identify(log) by extension 'ignore'
[0.256s] Level 1:colcon.colcon_core.package_identification:_identify(log) ignored
[0.256s] Level 1:colcon.colcon_core.package_identification:_identify(src) by extensions ['ignore', 'ignore_ament_install']
[0.256s] Level 1:colcon.colcon_core.package_identification:_identify(src) by extension 'ignore'
[0.256s] Level 1:colcon.colcon_core.package_identification:_identify(src) by extension 'ignore_ament_install'
[0.256s] Level 1:colcon.colcon_core.package_identification:_identify(src) by extensions ['colcon_pkg']
[0.256s] Level 1:colcon.colcon_core.package_identification:_identify(src) by extension 'colcon_pkg'
[0.256s] Level 1:colcon.colcon_core.package_identification:_identify(src) by extensions ['colcon_meta']
[0.256s] Level 1:colcon.colcon_core.package_identification:_identify(src) by extension 'colcon_meta'
[0.257s] Level 1:colcon.colcon_core.package_identification:_identify(src) by extensions ['ros']
[0.257s] Level 1:colcon.colcon_core.package_identification:_identify(src) by extension 'ros'
[0.257s] Level 1:colcon.colcon_core.package_identification:_identify(src) by extensions ['cmake', 'python']
[0.257s] Level 1:colcon.colcon_core.package_identification:_identify(src) by extension 'cmake'
[0.257s] Level 1:colcon.colcon_core.package_identification:_identify(src) by extension 'python'
[0.257s] Level 1:colcon.colcon_core.package_identification:_identify(src) by extensions ['python_setup_py']
[0.257s] Level 1:colcon.colcon_core.package_identification:_identify(src) by extension 'python_setup_py'
[0.257s] Level 1:colcon.colcon_core.package_identification:_identify(src/decision_maker_node) by extensions ['ignore', 'ignore_ament_install']
[0.257s] Level 1:colcon.colcon_core.package_identification:_identify(src/decision_maker_node) by extension 'ignore'
[0.257s] Level 1:colcon.colcon_core.package_identification:_identify(src/decision_maker_node) by extension 'ignore_ament_install'
[0.257s] Level 1:colcon.colcon_core.package_identification:_identify(src/decision_maker_node) by extensions ['colcon_pkg']
[0.257s] Level 1:colcon.colcon_core.package_identification:_identify(src/decision_maker_node) by extension 'colcon_pkg'
[0.257s] Level 1:colcon.colcon_core.package_identification:_identify(src/decision_maker_node) by extensions ['colcon_meta']
[0.257s] Level 1:colcon.colcon_core.package_identification:_identify(src/decision_maker_node) by extension 'colcon_meta'
[0.257s] Level 1:colcon.colcon_core.package_identification:_identify(src/decision_maker_node) by extensions ['ros']
[0.257s] Level 1:colcon.colcon_core.package_identification:_identify(src/decision_maker_node) by extension 'ros'
[0.259s] DEBUG:colcon.colcon_core.package_identification:Package 'src/decision_maker_node' with type 'ros.ament_cmake' and name 'decision_maker_node'
[0.259s] Level 1:colcon.colcon_core.package_identification:_identify(src/google_tts_node) by extensions ['ignore', 'ignore_ament_install']
[0.259s] Level 1:colcon.colcon_core.package_identification:_identify(src/google_tts_node) by extension 'ignore'
[0.259s] Level 1:colcon.colcon_core.package_identification:_identify(src/google_tts_node) by extension 'ignore_ament_install'
[0.259s] Level 1:colcon.colcon_core.package_identification:_identify(src/google_tts_node) by extensions ['colcon_pkg']
[0.259s] Level 1:colcon.colcon_core.package_identification:_identify(src/google_tts_node) by extension 'colcon_pkg'
[0.259s] Level 1:colcon.colcon_core.package_identification:_identify(src/google_tts_node) by extensions ['colcon_meta']
[0.259s] Level 1:colcon.colcon_core.package_identification:_identify(src/google_tts_node) by extension 'colcon_meta'
[0.259s] Level 1:colcon.colcon_core.package_identification:_identify(src/google_tts_node) by extensions ['ros']
[0.259s] Level 1:colcon.colcon_core.package_identification:_identify(src/google_tts_node) by extension 'ros'
[0.260s] DEBUG:colcon.colcon_core.package_identification:Package 'src/google_tts_node' with type 'ros.ament_cmake' and name 'google_tts_node'
[0.260s] Level 1:colcon.colcon_core.package_identification:_identify(src/whisper_asr_node) by extensions ['ignore', 'ignore_ament_install']
[0.260s] Level 1:colcon.colcon_core.package_identification:_identify(src/whisper_asr_node) by extension 'ignore'
[0.260s] Level 1:colcon.colcon_core.package_identification:_identify(src/whisper_asr_node) by extension 'ignore_ament_install'
[0.260s] Level 1:colcon.colcon_core.package_identification:_identify(src/whisper_asr_node) by extensions ['colcon_pkg']
[0.260s] Level 1:colcon.colcon_core.package_identification:_identify(src/whisper_asr_node) by extension 'colcon_pkg'
[0.260s] Level 1:colcon.colcon_core.package_identification:_identify(src/whisper_asr_node) by extensions ['colcon_meta']
[0.260s] Level 1:colcon.colcon_core.package_identification:_identify(src/whisper_asr_node) by extension 'colcon_meta'
[0.260s] Level 1:colcon.colcon_core.package_identification:_identify(src/whisper_asr_node) by extensions ['ros']
[0.260s] Level 1:colcon.colcon_core.package_identification:_identify(src/whisper_asr_node) by extension 'ros'
[0.261s] DEBUG:colcon.colcon_core.package_identification:Package 'src/whisper_asr_node' with type 'ros.ament_cmake' and name 'whisper_asr_node'
[0.261s] Level 1:colcon.colcon_core.package_discovery:discover_packages(recursive) using defaults
[0.261s] Level 1:colcon.colcon_core.package_discovery:discover_packages(ignore) discover
[0.261s] Level 1:colcon.colcon_core.package_discovery:discover_packages(ignore) using defaults
[0.261s] Level 1:colcon.colcon_core.package_discovery:discover_packages(path) discover
[0.261s] Level 1:colcon.colcon_core.package_discovery:discover_packages(path) using defaults
[0.284s] Level 1:colcon.colcon_core.package_discovery:discover_packages(prefix_path) check parameters
[0.284s] Level 1:colcon.colcon_core.package_discovery:discover_packages(prefix_path) discover
[0.286s] DEBUG:colcon.colcon_installed_package_information.package_discovery:Found 3 installed packages in /home/amenephous/df_ws/install
[0.286s] DEBUG:colcon.colcon_installed_package_information.package_discovery:Found 2 installed packages in /home/amenephous/selfdrive_ws/install
[0.286s] DEBUG:colcon.colcon_installed_package_information.package_discovery:Found 6 installed packages in /home/amenephous/ros2_ws/install
[0.287s] DEBUG:colcon.colcon_installed_package_information.package_discovery:Found 3 installed packages in /home/amenephous/turtlebot3_ws/install
[0.288s] DEBUG:colcon.colcon_installed_package_information.package_discovery:Found 383 installed packages in /opt/ros/humble
[0.290s] Level 1:colcon.colcon_core.package_discovery:discover_packages(prefix_path) using defaults
[0.328s] Level 5:colcon.colcon_core.verb:set package 'decision_maker_node' build argument 'cmake_args' from command line to 'None'
[0.328s] Level 5:colcon.colcon_core.verb:set package 'decision_maker_node' build argument 'cmake_target' from command line to 'None'
[0.328s] Level 5:colcon.colcon_core.verb:set package 'decision_maker_node' build argument 'cmake_target_skip_unavailable' from command line to 'False'
[0.328s] Level 5:colcon.colcon_core.verb:set package 'decision_maker_node' build argument 'cmake_clean_cache' from command line to 'False'
[0.328s] Level 5:colcon.colcon_core.verb:set package 'decision_maker_node' build argument 'cmake_clean_first' from command line to 'False'
[0.328s] Level 5:colcon.colcon_core.verb:set package 'decision_maker_node' build argument 'cmake_force_configure' from command line to 'False'
[0.328s] Level 5:colcon.colcon_core.verb:set package 'decision_maker_node' build argument 'ament_cmake_args' from command line to 'None'
[0.328s] Level 5:colcon.colcon_core.verb:set package 'decision_maker_node' build argument 'catkin_cmake_args' from command line to 'None'
[0.328s] Level 5:colcon.colcon_core.verb:set package 'decision_maker_node' build argument 'catkin_skip_building_tests' from command line to 'False'
[0.328s] DEBUG:colcon.colcon_core.verb:Building package 'decision_maker_node' with the following arguments: {'ament_cmake_args': None, 'build_base': '/home/amenephous/df_ws/build/decision_maker_node', 'catkin_cmake_args': None, 'catkin_skip_building_tests': False, 'cmake_args': None, 'cmake_clean_cache': False, 'cmake_clean_first': False, 'cmake_force_configure': False, 'cmake_target': None, 'cmake_target_skip_unavailable': False, 'install_base': '/home/amenephous/df_ws/install/decision_maker_node', 'merge_install': False, 'path': '/home/amenephous/df_ws/src/decision_maker_node', 'symlink_install': False, 'test_result_base': None}
[0.328s] Level 5:colcon.colcon_core.verb:set package 'google_tts_node' build argument 'cmake_args' from command line to 'None'
[0.329s] Level 5:colcon.colcon_core.verb:set package 'google_tts_node' build argument 'cmake_target' from command line to 'None'
[0.329s] Level 5:colcon.colcon_core.verb:set package 'google_tts_node' build argument 'cmake_target_skip_unavailable' from command line to 'False'
[0.329s] Level 5:colcon.colcon_core.verb:set package 'google_tts_node' build argument 'cmake_clean_cache' from command line to 'False'
[0.329s] Level 5:colcon.colcon_core.verb:set package 'google_tts_node' build argument 'cmake_clean_first' from command line to 'False'
[0.329s] Level 5:colcon.colcon_core.verb:set package 'google_tts_node' build argument 'cmake_force_configure' from command line to 'False'
[0.329s] Level 5:colcon.colcon_core.verb:set package 'google_tts_node' build argument 'ament_cmake_args' from command line to 'None'
[0.329s] Level 5:colcon.colcon_core.verb:set package 'google_tts_node' build argument 'catkin_cmake_args' from command line to 'None'
[0.329s] Level 5:colcon.colcon_core.verb:set package 'google_tts_node' build argument 'catkin_skip_building_tests' from command line to 'False'
[0.329s] DEBUG:colcon.colcon_core.verb:Building package 'google_tts_node' with the following arguments: {'ament_cmake_args': None, 'build_base': '/home/amenephous/df_ws/build/google_tts_node', 'catkin_cmake_args': None, 'catkin_skip_building_tests': False, 'cmake_args': None, 'cmake_clean_cache': False, 'cmake_clean_first': False, 'cmake_force_configure': False, 'cmake_target': None, 'cmake_target_skip_unavailable': False, 'install_base': '/home/amenephous/df_ws/install/google_tts_node', 'merge_install': False, 'path': '/home/amenephous/df_ws/src/google_tts_node', 'symlink_install': False, 'test_result_base': None}
[0.329s] Level 5:colcon.colcon_core.verb:set package 'whisper_asr_node' build argument 'cmake_args' from command line to 'None'
[0.329s] Level 5:colcon.colcon_core.verb:set package 'whisper_asr_node' build argument 'cmake_target' from command line to 'None'
[0.329s] Level 5:colcon.colcon_core.verb:set package 'whisper_asr_node' build argument 'cmake_target_skip_unavailable' from command line to 'False'
[0.329s] Level 5:colcon.colcon_core.verb:set package 'whisper_asr_node' build argument 'cmake_clean_cache' from command line to 'False'
[0.329s] Level 5:colcon.colcon_core.verb:set package 'whisper_asr_node' build argument 'cmake_clean_first' from command line to 'False'
[0.329s] Level 5:colcon.colcon_core.verb:set package 'whisper_asr_node' build argument 'cmake_force_configure' from command line to 'False'
[0.329s] Level 5:colcon.colcon_core.verb:set package 'whisper_asr_node' build argument 'ament_cmake_args' from command line to 'None'
[0.329s] Level 5:colcon.colcon_core.verb:set package 'whisper_asr_node' build argument 'catkin_cmake_args' from command line to 'None'
[0.329s] Level 5:colcon.colcon_core.verb:set package 'whisper_asr_node' build argument 'catkin_skip_building_tests' from command line to 'False'
[0.329s] DEBUG:colcon.colcon_core.verb:Building package 'whisper_asr_node' with the following arguments: {'ament_cmake_args': None, 'build_base': '/home/amenephous/df_ws/build/whisper_asr_node', 'catkin_cmake_args': None, 'catkin_skip_building_tests': False, 'cmake_args': None, 'cmake_clean_cache': False, 'cmake_clean_first': False, 'cmake_force_configure': False, 'cmake_target': None, 'cmake_target_skip_unavailable': False, 'install_base': '/home/amenephous/df_ws/install/whisper_asr_node', 'merge_install': False, 'path': '/home/amenephous/df_ws/src/whisper_asr_node', 'symlink_install': False, 'test_result_base': None}
[0.329s] INFO:colcon.colcon_core.executor:Executing jobs using 'parallel' executor
[0.330s] DEBUG:colcon.colcon_parallel_executor.executor.parallel:run_until_complete
[0.330s] INFO:colcon.colcon_ros.task.ament_cmake.build:Building ROS package in '/home/amenephous/df_ws/src/decision_maker_node' with build type 'ament_cmake'
[0.330s] INFO:colcon.colcon_cmake.task.cmake.build:Building CMake package in '/home/amenephous/df_ws/src/decision_maker_node'
[0.332s] INFO:colcon.colcon_core.plugin_system:Skipping extension 'colcon_core.shell.bat': Not used on non-Windows systems
[0.332s] INFO:colcon.colcon_core.shell:Skip shell extension 'powershell' for command environment: Not usable outside of PowerShell
[0.332s] DEBUG:colcon.colcon_core.shell:Skip shell extension 'dsv' for command environment
[0.336s] INFO:colcon.colcon_ros.task.ament_cmake.build:Building ROS package in '/home/amenephous/df_ws/src/google_tts_node' with build type 'ament_cmake'
[0.336s] INFO:colcon.colcon_cmake.task.cmake.build:Building CMake package in '/home/amenephous/df_ws/src/google_tts_node'
[0.336s] INFO:colcon.colcon_core.shell:Skip shell extension 'powershell' for command environment: Not usable outside of PowerShell
[0.336s] DEBUG:colcon.colcon_core.shell:Skip shell extension 'dsv' for command environment
[0.340s] INFO:colcon.colcon_ros.task.ament_cmake.build:Building ROS package in '/home/amenephous/df_ws/src/whisper_asr_node' with build type 'ament_cmake'
[0.340s] INFO:colcon.colcon_cmake.task.cmake.build:Building CMake package in '/home/amenephous/df_ws/src/whisper_asr_node'
[0.340s] INFO:colcon.colcon_core.shell:Skip shell extension 'powershell' for command environment: Not usable outside of PowerShell
[0.340s] DEBUG:colcon.colcon_core.shell:Skip shell extension 'dsv' for command environment
[0.347s] DEBUG:colcon.colcon_core.event_handler.log_command:Invoking command in '/home/amenephous/df_ws/build/decision_maker_node': CMAKE_PREFIX_PATH=${CMAKE_PREFIX_PATH}:/home/amenephous/selfdrive_ws/install/self_driving_car_pkg:/home/amenephous/ros2_ws/install/text_to_speech:/opt/ros/humble /usr/bin/cmake --build /home/amenephous/df_ws/build/decision_maker_node -- -j8 -l8
[0.399s] DEBUG:colcon.colcon_core.event_handler.log_command:Invoking command in '/home/amenephous/df_ws/build/google_tts_node': CMAKE_PREFIX_PATH=${CMAKE_PREFIX_PATH}:/home/amenephous/selfdrive_ws/install/self_driving_car_pkg:/home/amenephous/ros2_ws/install/text_to_speech:/opt/ros/humble /usr/bin/cmake --build /home/amenephous/df_ws/build/google_tts_node -- -j8 -l8
[0.440s] DEBUG:colcon.colcon_core.event_handler.log_command:Invoking command in '/home/amenephous/df_ws/build/whisper_asr_node': CMAKE_PREFIX_PATH=${CMAKE_PREFIX_PATH}:/home/amenephous/selfdrive_ws/install/self_driving_car_pkg:/home/amenephous/ros2_ws/install/text_to_speech:/opt/ros/humble /usr/bin/cmake --build /home/amenephous/df_ws/build/whisper_asr_node -- -j8 -l8
[0.442s] DEBUG:colcon.colcon_core.event_handler.log_command:Invoked command in '/home/amenephous/df_ws/build/decision_maker_node' returned '0': CMAKE_PREFIX_PATH=${CMAKE_PREFIX_PATH}:/home/amenephous/selfdrive_ws/install/self_driving_car_pkg:/home/amenephous/ros2_ws/install/text_to_speech:/opt/ros/humble /usr/bin/cmake --build /home/amenephous/df_ws/build/decision_maker_node -- -j8 -l8
[0.499s] DEBUG:colcon.colcon_core.event_handler.log_command:Invoking command in '/home/amenephous/df_ws/build/decision_maker_node': CMAKE_PREFIX_PATH=${CMAKE_PREFIX_PATH}:/home/amenephous/selfdrive_ws/install/self_driving_car_pkg:/home/amenephous/ros2_ws/install/text_to_speech:/opt/ros/humble /usr/bin/cmake --install /home/amenephous/df_ws/build/decision_maker_node
[0.510s] Level 1:colcon.colcon_core.environment:create_environment_scripts_only(decision_maker_node)
[0.511s] DEBUG:colcon.colcon_core.event_handler.log_command:Invoked command in '/home/amenephous/df_ws/build/decision_maker_node' returned '0': CMAKE_PREFIX_PATH=${CMAKE_PREFIX_PATH}:/home/amenephous/selfdrive_ws/install/self_driving_car_pkg:/home/amenephous/ros2_ws/install/text_to_speech:/opt/ros/humble /usr/bin/cmake --install /home/amenephous/df_ws/build/decision_maker_node
[0.513s] Level 1:colcon.colcon_core.environment:checking '/home/amenephous/df_ws/install/decision_maker_node' for CMake module files
[0.513s] Level 1:colcon.colcon_core.environment:checking '/home/amenephous/df_ws/install/decision_maker_node' for CMake config files
[0.513s] Level 1:colcon.colcon_core.shell:create_environment_hook('decision_maker_node', 'cmake_prefix_path')
[0.513s] INFO:colcon.colcon_core.shell:Creating environment hook '/home/amenephous/df_ws/install/decision_maker_node/share/decision_maker_node/hook/cmake_prefix_path.ps1'
[0.514s] INFO:colcon.colcon_core.shell:Creating environment descriptor '/home/amenephous/df_ws/install/decision_maker_node/share/decision_maker_node/hook/cmake_prefix_path.dsv'
[0.514s] INFO:colcon.colcon_core.shell:Creating environment hook '/home/amenephous/df_ws/install/decision_maker_node/share/decision_maker_node/hook/cmake_prefix_path.sh'
[0.515s] Level 1:colcon.colcon_core.environment:checking '/home/amenephous/df_ws/install/decision_maker_node/lib'
[0.515s] Level 1:colcon.colcon_core.environment:checking '/home/amenephous/df_ws/install/decision_maker_node/bin'
[0.515s] Level 1:colcon.colcon_core.environment:checking '/home/amenephous/df_ws/install/decision_maker_node/lib/pkgconfig/decision_maker_node.pc'
[0.515s] Level 1:colcon.colcon_core.environment:checking '/home/amenephous/df_ws/install/decision_maker_node/lib/python3.10/site-packages'
[0.515s] Level 1:colcon.colcon_core.environment:checking '/home/amenephous/df_ws/install/decision_maker_node/bin'
[0.515s] INFO:colcon.colcon_core.shell:Creating package script '/home/amenephous/df_ws/install/decision_maker_node/share/decision_maker_node/package.ps1'
[0.516s] INFO:colcon.colcon_core.shell:Creating package descriptor '/home/amenephous/df_ws/install/decision_maker_node/share/decision_maker_node/package.dsv'
[0.516s] INFO:colcon.colcon_core.shell:Creating package script '/home/amenephous/df_ws/install/decision_maker_node/share/decision_maker_node/package.sh'
[0.517s] INFO:colcon.colcon_core.shell:Creating package script '/home/amenephous/df_ws/install/decision_maker_node/share/decision_maker_node/package.bash'
[0.517s] INFO:colcon.colcon_core.shell:Creating package script '/home/amenephous/df_ws/install/decision_maker_node/share/decision_maker_node/package.zsh'
[0.518s] Level 1:colcon.colcon_core.environment:create_file_with_runtime_dependencies(/home/amenephous/df_ws/install/decision_maker_node/share/colcon-core/packages/decision_maker_node)
[0.535s] Level 1:colcon.colcon_core.environment:create_environment_scripts_only(decision_maker_node)
[0.535s] Level 1:colcon.colcon_core.environment:checking '/home/amenephous/df_ws/install/decision_maker_node' for CMake module files
[0.535s] Level 1:colcon.colcon_core.environment:checking '/home/amenephous/df_ws/install/decision_maker_node' for CMake config files
[0.535s] Level 1:colcon.colcon_core.shell:create_environment_hook('decision_maker_node', 'cmake_prefix_path')
[0.535s] INFO:colcon.colcon_core.shell:Creating environment hook '/home/amenephous/df_ws/install/decision_maker_node/share/decision_maker_node/hook/cmake_prefix_path.ps1'
[0.536s] INFO:colcon.colcon_core.shell:Creating environment descriptor '/home/amenephous/df_ws/install/decision_maker_node/share/decision_maker_node/hook/cmake_prefix_path.dsv'
[0.536s] INFO:colcon.colcon_core.shell:Creating environment hook '/home/amenephous/df_ws/install/decision_maker_node/share/decision_maker_node/hook/cmake_prefix_path.sh'
[0.536s] Level 1:colcon.colcon_core.environment:checking '/home/amenephous/df_ws/install/decision_maker_node/lib'
[0.536s] Level 1:colcon.colcon_core.environment:checking '/home/amenephous/df_ws/install/decision_maker_node/bin'
[0.537s] Level 1:colcon.colcon_core.environment:checking '/home/amenephous/df_ws/install/decision_maker_node/lib/pkgconfig/decision_maker_node.pc'
[0.537s] Level 1:colcon.colcon_core.environment:checking '/home/amenephous/df_ws/install/decision_maker_node/lib/python3.10/site-packages'
[0.537s] Level 1:colcon.colcon_core.environment:checking '/home/amenephous/df_ws/install/decision_maker_node/bin'
[0.537s] INFO:colcon.colcon_core.shell:Creating package script '/home/amenephous/df_ws/install/decision_maker_node/share/decision_maker_node/package.ps1'
[0.537s] INFO:colcon.colcon_core.shell:Creating package descriptor '/home/amenephous/df_ws/install/decision_maker_node/share/decision_maker_node/package.dsv'
[0.538s] INFO:colcon.colcon_core.shell:Creating package script '/home/amenephous/df_ws/install/decision_maker_node/share/decision_maker_node/package.sh'
[0.538s] INFO:colcon.colcon_core.shell:Creating package script '/home/amenephous/df_ws/install/decision_maker_node/share/decision_maker_node/package.bash'
[0.538s] INFO:colcon.colcon_core.shell:Creating package script '/home/amenephous/df_ws/install/decision_maker_node/share/decision_maker_node/package.zsh'
[0.539s] Level 1:colcon.colcon_core.environment:create_file_with_runtime_dependencies(/home/amenephous/df_ws/install/decision_maker_node/share/colcon-core/packages/decision_maker_node)
[6.341s] DEBUG:colcon.colcon_core.event_handler.log_command:Invoked command in '/home/amenephous/df_ws/build/whisper_asr_node' returned '0': CMAKE_PREFIX_PATH=${CMAKE_PREFIX_PATH}:/home/amenephous/selfdrive_ws/install/self_driving_car_pkg:/home/amenephous/ros2_ws/install/text_to_speech:/opt/ros/humble /usr/bin/cmake --build /home/amenephous/df_ws/build/whisper_asr_node -- -j8 -l8
[6.360s] DEBUG:colcon.colcon_core.event_handler.log_command:Invoking command in '/home/amenephous/df_ws/build/whisper_asr_node': CMAKE_PREFIX_PATH=${CMAKE_PREFIX_PATH}:/home/amenephous/selfdrive_ws/install/self_driving_car_pkg:/home/amenephous/ros2_ws/install/text_to_speech:/opt/ros/humble /usr/bin/cmake --install /home/amenephous/df_ws/build/whisper_asr_node
[6.519s] Level 1:colcon.colcon_core.environment:create_environment_scripts_only(whisper_asr_node)
[6.520s] Level 1:colcon.colcon_core.environment:checking '/home/amenephous/df_ws/install/whisper_asr_node' for CMake module files
[6.520s] DEBUG:colcon.colcon_core.event_handler.log_command:Invoked command in '/home/amenephous/df_ws/build/whisper_asr_node' returned '0': CMAKE_PREFIX_PATH=${CMAKE_PREFIX_PATH}:/home/amenephous/selfdrive_ws/install/self_driving_car_pkg:/home/amenephous/ros2_ws/install/text_to_speech:/opt/ros/humble /usr/bin/cmake --install /home/amenephous/df_ws/build/whisper_asr_node
[6.520s] Level 1:colcon.colcon_core.environment:checking '/home/amenephous/df_ws/install/whisper_asr_node' for CMake config files
[6.521s] Level 1:colcon.colcon_core.shell:create_environment_hook('whisper_asr_node', 'cmake_prefix_path')
[6.521s] INFO:colcon.colcon_core.shell:Creating environment hook '/home/amenephous/df_ws/install/whisper_asr_node/share/whisper_asr_node/hook/cmake_prefix_path.ps1'
[6.521s] INFO:colcon.colcon_core.shell:Creating environment descriptor '/home/amenephous/df_ws/install/whisper_asr_node/share/whisper_asr_node/hook/cmake_prefix_path.dsv'
[6.521s] INFO:colcon.colcon_core.shell:Creating environment hook '/home/amenephous/df_ws/install/whisper_asr_node/share/whisper_asr_node/hook/cmake_prefix_path.sh'
[6.522s] Level 1:colcon.colcon_core.environment:checking '/home/amenephous/df_ws/install/whisper_asr_node/lib'
[6.522s] Level 1:colcon.colcon_core.shell:create_environment_hook('whisper_asr_node', 'ld_library_path_lib')
[6.522s] INFO:colcon.colcon_core.shell:Creating environment hook '/home/amenephous/df_ws/install/whisper_asr_node/share/whisper_asr_node/hook/ld_library_path_lib.ps1'
[6.522s] INFO:colcon.colcon_core.shell:Creating environment descriptor '/home/amenephous/df_ws/install/whisper_asr_node/share/whisper_asr_node/hook/ld_library_path_lib.dsv'
[6.523s] INFO:colcon.colcon_core.shell:Creating environment hook '/home/amenephous/df_ws/install/whisper_asr_node/share/whisper_asr_node/hook/ld_library_path_lib.sh'
[6.523s] Level 1:colcon.colcon_core.environment:checking '/home/amenephous/df_ws/install/whisper_asr_node/bin'
[6.523s] Level 1:colcon.colcon_core.environment:checking '/home/amenephous/df_ws/install/whisper_asr_node/lib/pkgconfig/whisper_asr_node.pc'
[6.523s] Level 1:colcon.colcon_core.environment:checking '/home/amenephous/df_ws/install/whisper_asr_node/lib/python3.10/site-packages'
[6.523s] Level 1:colcon.colcon_core.environment:checking '/home/amenephous/df_ws/install/whisper_asr_node/bin'
[6.524s] INFO:colcon.colcon_core.shell:Creating package script '/home/amenephous/df_ws/install/whisper_asr_node/share/whisper_asr_node/package.ps1'
[6.524s] INFO:colcon.colcon_core.shell:Creating package descriptor '/home/amenephous/df_ws/install/whisper_asr_node/share/whisper_asr_node/package.dsv'
[6.524s] INFO:colcon.colcon_core.shell:Creating package script '/home/amenephous/df_ws/install/whisper_asr_node/share/whisper_asr_node/package.sh'
[6.525s] INFO:colcon.colcon_core.shell:Creating package script '/home/amenephous/df_ws/install/whisper_asr_node/share/whisper_asr_node/package.bash'
[6.525s] INFO:colcon.colcon_core.shell:Creating package script '/home/amenephous/df_ws/install/whisper_asr_node/share/whisper_asr_node/package.zsh'
[6.525s] Level 1:colcon.colcon_core.environment:create_file_with_runtime_dependencies(/home/amenephous/df_ws/install/whisper_asr_node/share/colcon-core/packages/whisper_asr_node)
[6.544s] Level 1:colcon.colcon_core.environment:create_environment_scripts_only(whisper_asr_node)
[6.544s] Level 1:colcon.colcon_core.environment:checking '/home/amenephous/df_ws/install/whisper_asr_node' for CMake module files
[6.545s] Level 1:colcon.colcon_core.environment:checking '/home/amenephous/df_ws/install/whisper_asr_node' for CMake config files
[6.545s] Level 1:colcon.colcon_core.shell:create_environment_hook('whisper_asr_node', 'cmake_prefix_path')
[6.545s] INFO:colcon.colcon_core.shell:Creating environment hook '/home/amenephous/df_ws/install/whisper_asr_node/share/whisper_asr_node/hook/cmake_prefix_path.ps1'
[6.545s] INFO:colcon.colcon_core.shell:Creating environment descriptor '/home/amenephous/df_ws/install/whisper_asr_node/share/whisper_asr_node/hook/cmake_prefix_path.dsv'
[6.545s] INFO:colcon.colcon_core.shell:Creating environment hook '/home/amenephous/df_ws/install/whisper_asr_node/share/whisper_asr_node/hook/cmake_prefix_path.sh'
[6.546s] Level 1:colcon.colcon_core.environment:checking '/home/amenephous/df_ws/install/whisper_asr_node/lib'
[6.546s] Level 1:colcon.colcon_core.shell:create_environment_hook('whisper_asr_node', 'ld_library_path_lib')
[6.546s] INFO:colcon.colcon_core.shell:Creating environment hook '/home/amenephous/df_ws/install/whisper_asr_node/share/whisper_asr_node/hook/ld_library_path_lib.ps1'
[6.546s] INFO:colcon.colcon_core.shell:Creating environment descriptor '/home/amenephous/df_ws/install/whisper_asr_node/share/whisper_asr_node/hook/ld_library_path_lib.dsv'
[6.547s] INFO:colcon.colcon_core.shell:Creating environment hook '/home/amenephous/df_ws/install/whisper_asr_node/share/whisper_asr_node/hook/ld_library_path_lib.sh'
[6.547s] Level 1:colcon.colcon_core.environment:checking '/home/amenephous/df_ws/install/whisper_asr_node/bin'
[6.547s] Level 1:colcon.colcon_core.environment:checking '/home/amenephous/df_ws/install/whisper_asr_node/lib/pkgconfig/whisper_asr_node.pc'
[6.547s] Level 1:colcon.colcon_core.environment:checking '/home/amenephous/df_ws/install/whisper_asr_node/lib/python3.10/site-packages'
[6.547s] Level 1:colcon.colcon_core.environment:checking '/home/amenephous/df_ws/install/whisper_asr_node/bin'
[6.548s] INFO:colcon.colcon_core.shell:Creating package script '/home/amenephous/df_ws/install/whisper_asr_node/share/whisper_asr_node/package.ps1'
[6.548s] INFO:colcon.colcon_core.shell:Creating package descriptor '/home/amenephous/df_ws/install/whisper_asr_node/share/whisper_asr_node/package.dsv'
[6.548s] INFO:colcon.colcon_core.shell:Creating package script '/home/amenephous/df_ws/install/whisper_asr_node/share/whisper_asr_node/package.sh'
[6.549s] INFO:colcon.colcon_core.shell:Creating package script '/home/amenephous/df_ws/install/whisper_asr_node/share/whisper_asr_node/package.bash'
[6.549s] INFO:colcon.colcon_core.shell:Creating package script '/home/amenephous/df_ws/install/whisper_asr_node/share/whisper_asr_node/package.zsh'
[6.549s] Level 1:colcon.colcon_core.environment:create_file_with_runtime_dependencies(/home/amenephous/df_ws/install/whisper_asr_node/share/colcon-core/packages/whisper_asr_node)
[7.832s] DEBUG:colcon.colcon_core.event_handler.log_command:Invoked command in '/home/amenephous/df_ws/build/google_tts_node' returned '0': CMAKE_PREFIX_PATH=${CMAKE_PREFIX_PATH}:/home/amenephous/selfdrive_ws/install/self_driving_car_pkg:/home/amenephous/ros2_ws/install/text_to_speech:/opt/ros/humble /usr/bin/cmake --build /home/amenephous/df_ws/build/google_tts_node -- -j8 -l8
[7.849s] DEBUG:colcon.colcon_core.event_handler.log_command:Invoking command in '/home/amenephous/df_ws/build/google_tts_node': CMAKE_PREFIX_PATH=${CMAKE_PREFIX_PATH}:/home/amenephous/selfdrive_ws/install/self_driving_car_pkg:/home/amenephous/ros2_ws/install/text_to_speech:/opt/ros/humble /usr/bin/cmake --install /home/amenephous/df_ws/build/google_tts_node
[7.946s] Level 1:colcon.colcon_core.environment:create_environment_scripts_only(google_tts_node)
[7.947s] Level 1:colcon.colcon_core.environment:checking '/home/amenephous/df_ws/install/google_tts_node' for CMake module files
[7.949s] DEBUG:colcon.colcon_core.event_handler.log_command:Invoked command in '/home/amenephous/df_ws/build/google_tts_node' returned '0': CMAKE_PREFIX_PATH=${CMAKE_PREFIX_PATH}:/home/amenephous/selfdrive_ws/install/self_driving_car_pkg:/home/amenephous/ros2_ws/install/text_to_speech:/opt/ros/humble /usr/bin/cmake --install /home/amenephous/df_ws/build/google_tts_node
[7.950s] Level 1:colcon.colcon_core.environment:checking '/home/amenephous/df_ws/install/google_tts_node' for CMake config files
[7.951s] Level 1:colcon.colcon_core.shell:create_environment_hook('google_tts_node', 'cmake_prefix_path')
[7.952s] INFO:colcon.colcon_core.shell:Creating environment hook '/home/amenephous/df_ws/install/google_tts_node/share/google_tts_node/hook/cmake_prefix_path.ps1'
[7.953s] INFO:colcon.colcon_core.shell:Creating environment descriptor '/home/amenephous/df_ws/install/google_tts_node/share/google_tts_node/hook/cmake_prefix_path.dsv'
[7.954s] INFO:colcon.colcon_core.shell:Creating environment hook '/home/amenephous/df_ws/install/google_tts_node/share/google_tts_node/hook/cmake_prefix_path.sh'
[7.956s] Level 1:colcon.colcon_core.environment:checking '/home/amenephous/df_ws/install/google_tts_node/lib'
[7.956s] Level 1:colcon.colcon_core.environment:checking '/home/amenephous/df_ws/install/google_tts_node/bin'
[7.956s] Level 1:colcon.colcon_core.environment:checking '/home/amenephous/df_ws/install/google_tts_node/lib/pkgconfig/google_tts_node.pc'
[7.957s] Level 1:colcon.colcon_core.environment:checking '/home/amenephous/df_ws/install/google_tts_node/lib/python3.10/site-packages'
[7.958s] Level 1:colcon.colcon_core.environment:checking '/home/amenephous/df_ws/install/google_tts_node/bin'
[7.958s] INFO:colcon.colcon_core.shell:Creating package script '/home/amenephous/df_ws/install/google_tts_node/share/google_tts_node/package.ps1'
[7.960s] INFO:colcon.colcon_core.shell:Creating package descriptor '/home/amenephous/df_ws/install/google_tts_node/share/google_tts_node/package.dsv'
[7.961s] INFO:colcon.colcon_core.shell:Creating package script '/home/amenephous/df_ws/install/google_tts_node/share/google_tts_node/package.sh'
[7.962s] INFO:colcon.colcon_core.shell:Creating package script '/home/amenephous/df_ws/install/google_tts_node/share/google_tts_node/package.bash'
[7.963s] INFO:colcon.colcon_core.shell:Creating package script '/home/amenephous/df_ws/install/google_tts_node/share/google_tts_node/package.zsh'
[7.964s] Level 1:colcon.colcon_core.environment:create_file_with_runtime_dependencies(/home/amenephous/df_ws/install/google_tts_node/share/colcon-core/packages/google_tts_node)
[8.006s] Level 1:colcon.colcon_core.environment:create_environment_scripts_only(google_tts_node)
[8.007s] Level 1:colcon.colcon_core.environment:checking '/home/amenephous/df_ws/install/google_tts_node' for CMake module files
[8.008s] Level 1:colcon.colcon_core.environment:checking '/home/amenephous/df_ws/install/google_tts_node' for CMake config files
[8.008s] Level 1:colcon.colcon_core.shell:create_environment_hook('google_tts_node', 'cmake_prefix_path')
[8.008s] INFO:colcon.colcon_core.shell:Creating environment hook '/home/amenephous/df_ws/install/google_tts_node/share/google_tts_node/hook/cmake_prefix_path.ps1'
[8.009s] INFO:colcon.colcon_core.shell:Creating environment descriptor '/home/amenephous/df_ws/install/google_tts_node/share/google_tts_node/hook/cmake_prefix_path.dsv'
[8.010s] INFO:colcon.colcon_core.shell:Creating environment hook '/home/amenephous/df_ws/install/google_tts_node/share/google_tts_node/hook/cmake_prefix_path.sh'
[8.010s] Level 1:colcon.colcon_core.environment:checking '/home/amenephous/df_ws/install/google_tts_node/lib'
[8.011s] Level 1:colcon.colcon_core.environment:checking '/home/amenephous/df_ws/install/google_tts_node/bin'
[8.011s] Level 1:colcon.colcon_core.environment:checking '/home/amenephous/df_ws/install/google_tts_node/lib/pkgconfig/google_tts_node.pc'
[8.011s] Level 1:colcon.colcon_core.environment:checking '/home/amenephous/df_ws/install/google_tts_node/lib/python3.10/site-packages'
[8.012s] Level 1:colcon.colcon_core.environment:checking '/home/amenephous/df_ws/install/google_tts_node/bin'
[8.012s] INFO:colcon.colcon_core.shell:Creating package script '/home/amenephous/df_ws/install/google_tts_node/share/google_tts_node/package.ps1'
[8.013s] INFO:colcon.colcon_core.shell:Creating package descriptor '/home/amenephous/df_ws/install/google_tts_node/share/google_tts_node/package.dsv'
[8.014s] INFO:colcon.colcon_core.shell:Creating package script '/home/amenephous/df_ws/install/google_tts_node/share/google_tts_node/package.sh'
[8.015s] INFO:colcon.colcon_core.shell:Creating package script '/home/amenephous/df_ws/install/google_tts_node/share/google_tts_node/package.bash'
[8.015s] INFO:colcon.colcon_core.shell:Creating package script '/home/amenephous/df_ws/install/google_tts_node/share/google_tts_node/package.zsh'
[8.016s] Level 1:colcon.colcon_core.environment:create_file_with_runtime_dependencies(/home/amenephous/df_ws/install/google_tts_node/share/colcon-core/packages/google_tts_node)
[8.016s] DEBUG:colcon.colcon_parallel_executor.executor.parallel:closing loop
[8.017s] DEBUG:colcon.colcon_parallel_executor.executor.parallel:loop closed
[8.017s] DEBUG:colcon.colcon_parallel_executor.executor.parallel:run_until_complete finished with '0'
[8.017s] DEBUG:colcon.colcon_core.event_reactor:joining thread
[8.022s] INFO:colcon.colcon_core.plugin_system:Skipping extension 'colcon_notification.desktop_notification.terminal_notifier': Not used on non-Darwin systems
[8.022s] INFO:colcon.colcon_core.plugin_system:Skipping extension 'colcon_notification.desktop_notification.win32': Not used on non-Windows systems
[8.022s] INFO:colcon.colcon_notification.desktop_notification:Sending desktop notification using 'notify2'
[8.031s] DEBUG:colcon.colcon_core.event_reactor:joined thread
[8.032s] INFO:colcon.colcon_core.shell:Creating prefix script '/home/amenephous/df_ws/install/local_setup.ps1'
[8.092s] INFO:colcon.colcon_core.shell:Creating prefix util module '/home/amenephous/df_ws/install/_local_setup_util_ps1.py'
[8.108s] INFO:colcon.colcon_core.shell:Creating prefix chain script '/home/amenephous/df_ws/install/setup.ps1'
[8.114s] INFO:colcon.colcon_core.shell:Creating prefix script '/home/amenephous/df_ws/install/local_setup.sh'
[8.116s] INFO:colcon.colcon_core.shell:Creating prefix util module '/home/amenephous/df_ws/install/_local_setup_util_sh.py'
[8.117s] INFO:colcon.colcon_core.shell:Creating prefix chain script '/home/amenephous/df_ws/install/setup.sh'
[8.122s] INFO:colcon.colcon_core.shell:Creating prefix script '/home/amenephous/df_ws/install/local_setup.bash'
[8.124s] INFO:colcon.colcon_core.shell:Creating prefix chain script '/home/amenephous/df_ws/install/setup.bash'
[8.130s] INFO:colcon.colcon_core.shell:Creating prefix script '/home/amenephous/df_ws/install/local_setup.zsh'
[8.131s] INFO:colcon.colcon_core.shell:Creating prefix chain script '/home/amenephous/df_ws/install/setup.zsh'
