-- Found ament_cmake: 1.3.10 (/opt/ros/humble/share/ament_cmake/cmake)
-- Found rclcpp: 16.0.10 (/opt/ros/humble/share/rclcpp/cmake)
-- Found rosidl_generator_c: 3.1.5 (/opt/ros/humble/share/rosidl_generator_c/cmake)
-- Found rosidl_adapter: 3.1.5 (/opt/ros/humble/share/rosidl_adapter/cmake)
-- Found rosidl_generator_cpp: 3.1.5 (/opt/ros/humble/share/rosidl_generator_cpp/cmake)
-- Using all available rosidl_typesupport_c: rosidl_typesupport_fastrtps_c;rosidl_typesupport_introspection_c
-- Using all available rosidl_typesupport_cpp: rosidl_typesupport_fastrtps_cpp;rosidl_typesupport_introspection_cpp
-- Found rmw_implementation_cmake: 6.1.2 (/opt/ros/humble/share/rmw_implementation_cmake/cmake)
-- Found rmw_cyclonedds_cpp: 1.3.4 (/opt/ros/humble/share/rmw_cyclonedds_cpp/cmake)
-- Using RMW implementation 'rmw_cyclonedds_cpp' as default
-- Found Git: /usr/bin/git (found version "2.34.1") 
-- Warning: ccache not found - consider installing it for faster compilation or disable this warning with GGML_CCACHE=OFF
-- CMAKE_SYSTEM_PROCESSOR: x86_64
-- Including CPU backend
-- Found OpenMP_C: -fopenmp (found version "4.5") 
-- Found OpenMP_CXX: -fopenmp (found version "4.5") 
-- Found OpenMP: TRUE (found version "4.5")  
-- Adding CPU backend variant ggml-cpu: -march=native 
-- Configuring done
-- Generating done
-- Build files have been written to: /home/amenephous/df_ws/build/whisper_asr_node
[  4%] [32mBuilding C object whisper_cpp/ggml/src/CMakeFiles/ggml-base.dir/ggml-quants.c.o[0m
[ 19%] [32mBuilding C object whisper_cpp/ggml/src/CMakeFiles/ggml-base.dir/ggml.c.o[0m
[ 19%] [32mBuilding CXX object whisper_cpp/ggml/src/CMakeFiles/ggml-base.dir/ggml-backend.cpp.o[0m
[ 23%] [32mBuilding C object whisper_cpp/ggml/src/CMakeFiles/ggml-base.dir/ggml-alloc.c.o[0m
[ 23%] [32mBuilding CXX object whisper_cpp/ggml/src/CMakeFiles/ggml-base.dir/ggml-threading.cpp.o[0m
[ 28%] [32mBuilding CXX object whisper_cpp/ggml/src/CMakeFiles/ggml-base.dir/ggml-opt.cpp.o[0m
[ 33%] [32mBuilding C object whisper_cpp/ggml/src/CMakeFiles/ggml-base.dir/ggml-aarch64.c.o[0m
[ 38%] [32m[1mLinking CXX shared library libggml-base.so[0m
[ 38%] Built target ggml-base
[ 47%] [32mBuilding CXX object whisper_cpp/ggml/src/CMakeFiles/ggml-cpu.dir/ggml-cpu/ggml-cpu.cpp.o[0m
[ 47%] [32mBuilding CXX object whisper_cpp/ggml/src/CMakeFiles/ggml-cpu.dir/ggml-cpu/amx/amx.cpp.o[0m
[ 52%] [32mBuilding C object whisper_cpp/ggml/src/CMakeFiles/ggml-cpu.dir/ggml-cpu/ggml-cpu.c.o[0m
[ 61%] [32mBuilding C object whisper_cpp/ggml/src/CMakeFiles/ggml-cpu.dir/ggml-cpu/ggml-cpu-aarch64.c.o[0m
[ 61%] [32mBuilding C object whisper_cpp/ggml/src/CMakeFiles/ggml-cpu.dir/ggml-cpu/ggml-cpu-quants.c.o[0m
[ 66%] [32mBuilding CXX object whisper_cpp/ggml/src/CMakeFiles/ggml-cpu.dir/ggml-cpu/amx/mmq.cpp.o[0m
[ 71%] [32m[1mLinking CXX shared library libggml-cpu.so[0m
[ 71%] Built target ggml-cpu
[ 76%] [32mBuilding CXX object whisper_cpp/ggml/src/CMakeFiles/ggml.dir/ggml-backend-reg.cpp.o[0m
[ 80%] [32m[1mLinking CXX shared library libggml.so[0m
[ 80%] Built target ggml
[ 85%] [32mBuilding CXX object whisper_cpp/src/CMakeFiles/whisper.dir/whisper.cpp.o[0m
[ 90%] [32m[1mLinking CXX shared library libwhisper.so[0m
[ 90%] Built target whisper
[35m[1mConsolidate compiler generated dependencies of target whisper_asr[0m
[ 95%] [32mBuilding CXX object CMakeFiles/whisper_asr.dir/src/whisper_asr.cpp.o[0m
