[0.458s] DEBUG:colcon:Command line arguments: ['/usr/bin/colcon', 'build']
[0.458s] DEBUG:colcon:Parsed command line arguments: Namespace(log_base=None, log_level=None, verb_name='build', build_base='build', install_base='install', merge_install=False, symlink_install=False, test_result_base=None, continue_on_error=False, executor='parallel', parallel_workers=8, event_handlers=None, ignore_user_meta=False, metas=['./colcon.meta'], base_paths=['.'], packages_ignore=None, packages_ignore_regex=None, paths=None, packages_up_to=None, packages_up_to_regex=None, packages_above=None, packages_above_and_dependencies=None, packages_above_depth=None, packages_select_by_dep=None, packages_skip_by_dep=None, packages_skip_up_to=None, packages_select_build_failed=False, packages_skip_build_finished=False, packages_select_test_failures=False, packages_skip_test_passed=False, packages_select=None, packages_skip=None, packages_select_regex=None, packages_skip_regex=None, packages_start=None, packages_end=None, allow_overriding=[], cmake_args=None, cmake_target=None, cmake_target_skip_unavailable=False, cmake_clean_cache=False, cmake_clean_first=False, cmake_force_configure=False, ament_cmake_args=None, catkin_cmake_args=None, catkin_skip_building_tests=False, verb_parser=<colcon_defaults.argument_parser.defaults.DefaultArgumentsDecorator object at 0x7baf5fa4ec80>, verb_extension=<colcon_core.verb.build.BuildVerb object at 0x7baf5fa4e950>, main=<bound method BuildVerb.main of <colcon_core.verb.build.BuildVerb object at 0x7baf5fa4e950>>)
[2.460s] Level 1:colcon.colcon_core.package_discovery:discover_packages(colcon_meta) check parameters
[2.460s] Level 1:colcon.colcon_core.package_discovery:discover_packages(recursive) check parameters
[2.460s] Level 1:colcon.colcon_core.package_discovery:discover_packages(ignore) check parameters
[2.460s] Level 1:colcon.colcon_core.package_discovery:discover_packages(path) check parameters
[2.460s] Level 1:colcon.colcon_core.package_discovery:discover_packages(colcon_meta) discover
[2.460s] Level 1:colcon.colcon_core.package_discovery:discover_packages(recursive) discover
[2.461s] INFO:colcon.colcon_core.package_discovery:Crawling recursively for packages in '/home/amenephous/df_ws'
[2.461s] Level 1:colcon.colcon_core.package_identification:_identify(.) by extensions ['ignore', 'ignore_ament_install']
[2.461s] Level 1:colcon.colcon_core.package_identification:_identify(.) by extension 'ignore'
[2.461s] Level 1:colcon.colcon_core.package_identification:_identify(.) by extension 'ignore_ament_install'
[2.461s] Level 1:colcon.colcon_core.package_identification:_identify(.) by extensions ['colcon_pkg']
[2.461s] Level 1:colcon.colcon_core.package_identification:_identify(.) by extension 'colcon_pkg'
[2.461s] Level 1:colcon.colcon_core.package_identification:_identify(.) by extensions ['colcon_meta']
[2.461s] Level 1:colcon.colcon_core.package_identification:_identify(.) by extension 'colcon_meta'
[2.461s] Level 1:colcon.colcon_core.package_identification:_identify(.) by extensions ['ros']
[2.461s] Level 1:colcon.colcon_core.package_identification:_identify(.) by extension 'ros'
[2.470s] Level 1:colcon.colcon_core.package_identification:_identify(.) by extensions ['cmake', 'python']
[2.470s] Level 1:colcon.colcon_core.package_identification:_identify(.) by extension 'cmake'
[2.470s] Level 1:colcon.colcon_core.package_identification:_identify(.) by extension 'python'
[2.470s] Level 1:colcon.colcon_core.package_identification:_identify(.) by extensions ['python_setup_py']
[2.470s] Level 1:colcon.colcon_core.package_identification:_identify(.) by extension 'python_setup_py'
[2.471s] Level 1:colcon.colcon_core.package_identification:_identify(build) by extensions ['ignore', 'ignore_ament_install']
[2.471s] Level 1:colcon.colcon_core.package_identification:_identify(build) by extension 'ignore'
[2.471s] Level 1:colcon.colcon_core.package_identification:_identify(build) ignored
[2.471s] Level 1:colcon.colcon_core.package_identification:_identify(install) by extensions ['ignore', 'ignore_ament_install']
[2.472s] Level 1:colcon.colcon_core.package_identification:_identify(install) by extension 'ignore'
[2.472s] Level 1:colcon.colcon_core.package_identification:_identify(install) ignored
[2.472s] Level 1:colcon.colcon_core.package_identification:_identify(log) by extensions ['ignore', 'ignore_ament_install']
[2.472s] Level 1:colcon.colcon_core.package_identification:_identify(log) by extension 'ignore'
[2.472s] Level 1:colcon.colcon_core.package_identification:_identify(log) ignored
[2.472s] Level 1:colcon.colcon_core.package_identification:_identify(src) by extensions ['ignore', 'ignore_ament_install']
[2.472s] Level 1:colcon.colcon_core.package_identification:_identify(src) by extension 'ignore'
[2.472s] Level 1:colcon.colcon_core.package_identification:_identify(src) by extension 'ignore_ament_install'
[2.472s] Level 1:colcon.colcon_core.package_identification:_identify(src) by extensions ['colcon_pkg']
[2.472s] Level 1:colcon.colcon_core.package_identification:_identify(src) by extension 'colcon_pkg'
[2.472s] Level 1:colcon.colcon_core.package_identification:_identify(src) by extensions ['colcon_meta']
[2.472s] Level 1:colcon.colcon_core.package_identification:_identify(src) by extension 'colcon_meta'
[2.472s] Level 1:colcon.colcon_core.package_identification:_identify(src) by extensions ['ros']
[2.472s] Level 1:colcon.colcon_core.package_identification:_identify(src) by extension 'ros'
[2.472s] Level 1:colcon.colcon_core.package_identification:_identify(src) by extensions ['cmake', 'python']
[2.472s] Level 1:colcon.colcon_core.package_identification:_identify(src) by extension 'cmake'
[2.472s] Level 1:colcon.colcon_core.package_identification:_identify(src) by extension 'python'
[2.472s] Level 1:colcon.colcon_core.package_identification:_identify(src) by extensions ['python_setup_py']
[2.472s] Level 1:colcon.colcon_core.package_identification:_identify(src) by extension 'python_setup_py'
[2.472s] Level 1:colcon.colcon_core.package_identification:_identify(src/decision_maker_node) by extensions ['ignore', 'ignore_ament_install']
[2.473s] Level 1:colcon.colcon_core.package_identification:_identify(src/decision_maker_node) by extension 'ignore'
[2.473s] Level 1:colcon.colcon_core.package_identification:_identify(src/decision_maker_node) by extension 'ignore_ament_install'
[2.473s] Level 1:colcon.colcon_core.package_identification:_identify(src/decision_maker_node) by extensions ['colcon_pkg']
[2.473s] Level 1:colcon.colcon_core.package_identification:_identify(src/decision_maker_node) by extension 'colcon_pkg'
[2.473s] Level 1:colcon.colcon_core.package_identification:_identify(src/decision_maker_node) by extensions ['colcon_meta']
[2.473s] Level 1:colcon.colcon_core.package_identification:_identify(src/decision_maker_node) by extension 'colcon_meta'
[2.473s] Level 1:colcon.colcon_core.package_identification:_identify(src/decision_maker_node) by extensions ['ros']
[2.473s] Level 1:colcon.colcon_core.package_identification:_identify(src/decision_maker_node) by extension 'ros'
[2.475s] DEBUG:colcon.colcon_core.package_identification:Package 'src/decision_maker_node' with type 'ros.ament_cmake' and name 'decision_maker_node'
[2.483s] Level 1:colcon.colcon_core.package_identification:_identify(src/google_tts_node) by extensions ['ignore', 'ignore_ament_install']
[2.483s] Level 1:colcon.colcon_core.package_identification:_identify(src/google_tts_node) by extension 'ignore'
[2.484s] Level 1:colcon.colcon_core.package_identification:_identify(src/google_tts_node) by extension 'ignore_ament_install'
[2.484s] Level 1:colcon.colcon_core.package_identification:_identify(src/google_tts_node) by extensions ['colcon_pkg']
[2.484s] Level 1:colcon.colcon_core.package_identification:_identify(src/google_tts_node) by extension 'colcon_pkg'
[2.484s] Level 1:colcon.colcon_core.package_identification:_identify(src/google_tts_node) by extensions ['colcon_meta']
[2.484s] Level 1:colcon.colcon_core.package_identification:_identify(src/google_tts_node) by extension 'colcon_meta'
[2.484s] Level 1:colcon.colcon_core.package_identification:_identify(src/google_tts_node) by extensions ['ros']
[2.484s] Level 1:colcon.colcon_core.package_identification:_identify(src/google_tts_node) by extension 'ros'
[2.484s] DEBUG:colcon.colcon_core.package_identification:Package 'src/google_tts_node' with type 'ros.ament_cmake' and name 'google_tts_node'
[2.484s] Level 1:colcon.colcon_core.package_identification:_identify(src/whisper_asr_node) by extensions ['ignore', 'ignore_ament_install']
[2.485s] Level 1:colcon.colcon_core.package_identification:_identify(src/whisper_asr_node) by extension 'ignore'
[2.485s] Level 1:colcon.colcon_core.package_identification:_identify(src/whisper_asr_node) by extension 'ignore_ament_install'
[2.485s] Level 1:colcon.colcon_core.package_identification:_identify(src/whisper_asr_node) by extensions ['colcon_pkg']
[2.485s] Level 1:colcon.colcon_core.package_identification:_identify(src/whisper_asr_node) by extension 'colcon_pkg'
[2.485s] Level 1:colcon.colcon_core.package_identification:_identify(src/whisper_asr_node) by extensions ['colcon_meta']
[2.485s] Level 1:colcon.colcon_core.package_identification:_identify(src/whisper_asr_node) by extension 'colcon_meta'
[2.485s] Level 1:colcon.colcon_core.package_identification:_identify(src/whisper_asr_node) by extensions ['ros']
[2.485s] Level 1:colcon.colcon_core.package_identification:_identify(src/whisper_asr_node) by extension 'ros'
[2.485s] DEBUG:colcon.colcon_core.package_identification:Package 'src/whisper_asr_node' with type 'ros.ament_cmake' and name 'whisper_asr_node'
[2.485s] Level 1:colcon.colcon_core.package_discovery:discover_packages(recursive) using defaults
[2.485s] Level 1:colcon.colcon_core.package_discovery:discover_packages(ignore) discover
[2.485s] Level 1:colcon.colcon_core.package_discovery:discover_packages(ignore) using defaults
[2.485s] Level 1:colcon.colcon_core.package_discovery:discover_packages(path) discover
[2.485s] Level 1:colcon.colcon_core.package_discovery:discover_packages(path) using defaults
[2.560s] Level 1:colcon.colcon_core.package_discovery:discover_packages(prefix_path) check parameters
[2.560s] Level 1:colcon.colcon_core.package_discovery:discover_packages(prefix_path) discover
[2.676s] DEBUG:colcon.colcon_installed_package_information.package_discovery:Found 3 installed packages in /home/amenephous/df_ws/install
[2.678s] DEBUG:colcon.colcon_installed_package_information.package_discovery:Found 2 installed packages in /home/amenephous/selfdrive_ws/install
[2.681s] DEBUG:colcon.colcon_installed_package_information.package_discovery:Found 6 installed packages in /home/amenephous/ros2_ws/install
[2.683s] DEBUG:colcon.colcon_installed_package_information.package_discovery:Found 3 installed packages in /home/amenephous/turtlebot3_ws/install
[2.692s] DEBUG:colcon.colcon_installed_package_information.package_discovery:Found 383 installed packages in /opt/ros/humble
[2.694s] Level 1:colcon.colcon_core.package_discovery:discover_packages(prefix_path) using defaults
[2.760s] Level 5:colcon.colcon_core.verb:set package 'decision_maker_node' build argument 'cmake_args' from command line to 'None'
[2.760s] Level 5:colcon.colcon_core.verb:set package 'decision_maker_node' build argument 'cmake_target' from command line to 'None'
[2.760s] Level 5:colcon.colcon_core.verb:set package 'decision_maker_node' build argument 'cmake_target_skip_unavailable' from command line to 'False'
[2.760s] Level 5:colcon.colcon_core.verb:set package 'decision_maker_node' build argument 'cmake_clean_cache' from command line to 'False'
[2.760s] Level 5:colcon.colcon_core.verb:set package 'decision_maker_node' build argument 'cmake_clean_first' from command line to 'False'
[2.760s] Level 5:colcon.colcon_core.verb:set package 'decision_maker_node' build argument 'cmake_force_configure' from command line to 'False'
[2.760s] Level 5:colcon.colcon_core.verb:set package 'decision_maker_node' build argument 'ament_cmake_args' from command line to 'None'
[2.760s] Level 5:colcon.colcon_core.verb:set package 'decision_maker_node' build argument 'catkin_cmake_args' from command line to 'None'
[2.760s] Level 5:colcon.colcon_core.verb:set package 'decision_maker_node' build argument 'catkin_skip_building_tests' from command line to 'False'
[2.760s] DEBUG:colcon.colcon_core.verb:Building package 'decision_maker_node' with the following arguments: {'ament_cmake_args': None, 'build_base': '/home/amenephous/df_ws/build/decision_maker_node', 'catkin_cmake_args': None, 'catkin_skip_building_tests': False, 'cmake_args': None, 'cmake_clean_cache': False, 'cmake_clean_first': False, 'cmake_force_configure': False, 'cmake_target': None, 'cmake_target_skip_unavailable': False, 'install_base': '/home/amenephous/df_ws/install/decision_maker_node', 'merge_install': False, 'path': '/home/amenephous/df_ws/src/decision_maker_node', 'symlink_install': False, 'test_result_base': None}
[2.760s] Level 5:colcon.colcon_core.verb:set package 'google_tts_node' build argument 'cmake_args' from command line to 'None'
[2.760s] Level 5:colcon.colcon_core.verb:set package 'google_tts_node' build argument 'cmake_target' from command line to 'None'
[2.760s] Level 5:colcon.colcon_core.verb:set package 'google_tts_node' build argument 'cmake_target_skip_unavailable' from command line to 'False'
[2.760s] Level 5:colcon.colcon_core.verb:set package 'google_tts_node' build argument 'cmake_clean_cache' from command line to 'False'
[2.761s] Level 5:colcon.colcon_core.verb:set package 'google_tts_node' build argument 'cmake_clean_first' from command line to 'False'
[2.761s] Level 5:colcon.colcon_core.verb:set package 'google_tts_node' build argument 'cmake_force_configure' from command line to 'False'
[2.761s] Level 5:colcon.colcon_core.verb:set package 'google_tts_node' build argument 'ament_cmake_args' from command line to 'None'
[2.761s] Level 5:colcon.colcon_core.verb:set package 'google_tts_node' build argument 'catkin_cmake_args' from command line to 'None'
[2.761s] Level 5:colcon.colcon_core.verb:set package 'google_tts_node' build argument 'catkin_skip_building_tests' from command line to 'False'
[2.761s] DEBUG:colcon.colcon_core.verb:Building package 'google_tts_node' with the following arguments: {'ament_cmake_args': None, 'build_base': '/home/amenephous/df_ws/build/google_tts_node', 'catkin_cmake_args': None, 'catkin_skip_building_tests': False, 'cmake_args': None, 'cmake_clean_cache': False, 'cmake_clean_first': False, 'cmake_force_configure': False, 'cmake_target': None, 'cmake_target_skip_unavailable': False, 'install_base': '/home/amenephous/df_ws/install/google_tts_node', 'merge_install': False, 'path': '/home/amenephous/df_ws/src/google_tts_node', 'symlink_install': False, 'test_result_base': None}
[2.761s] Level 5:colcon.colcon_core.verb:set package 'whisper_asr_node' build argument 'cmake_args' from command line to 'None'
[2.761s] Level 5:colcon.colcon_core.verb:set package 'whisper_asr_node' build argument 'cmake_target' from command line to 'None'
[2.761s] Level 5:colcon.colcon_core.verb:set package 'whisper_asr_node' build argument 'cmake_target_skip_unavailable' from command line to 'False'
[2.761s] Level 5:colcon.colcon_core.verb:set package 'whisper_asr_node' build argument 'cmake_clean_cache' from command line to 'False'
[2.761s] Level 5:colcon.colcon_core.verb:set package 'whisper_asr_node' build argument 'cmake_clean_first' from command line to 'False'
[2.761s] Level 5:colcon.colcon_core.verb:set package 'whisper_asr_node' build argument 'cmake_force_configure' from command line to 'False'
[2.761s] Level 5:colcon.colcon_core.verb:set package 'whisper_asr_node' build argument 'ament_cmake_args' from command line to 'None'
[2.761s] Level 5:colcon.colcon_core.verb:set package 'whisper_asr_node' build argument 'catkin_cmake_args' from command line to 'None'
[2.761s] Level 5:colcon.colcon_core.verb:set package 'whisper_asr_node' build argument 'catkin_skip_building_tests' from command line to 'False'
[2.761s] DEBUG:colcon.colcon_core.verb:Building package 'whisper_asr_node' with the following arguments: {'ament_cmake_args': None, 'build_base': '/home/amenephous/df_ws/build/whisper_asr_node', 'catkin_cmake_args': None, 'catkin_skip_building_tests': False, 'cmake_args': None, 'cmake_clean_cache': False, 'cmake_clean_first': False, 'cmake_force_configure': False, 'cmake_target': None, 'cmake_target_skip_unavailable': False, 'install_base': '/home/amenephous/df_ws/install/whisper_asr_node', 'merge_install': False, 'path': '/home/amenephous/df_ws/src/whisper_asr_node', 'symlink_install': False, 'test_result_base': None}
[2.761s] INFO:colcon.colcon_core.executor:Executing jobs using 'parallel' executor
[2.762s] DEBUG:colcon.colcon_parallel_executor.executor.parallel:run_until_complete
[2.762s] INFO:colcon.colcon_ros.task.ament_cmake.build:Building ROS package in '/home/amenephous/df_ws/src/decision_maker_node' with build type 'ament_cmake'
[2.762s] INFO:colcon.colcon_cmake.task.cmake.build:Building CMake package in '/home/amenephous/df_ws/src/decision_maker_node'
[2.851s] INFO:colcon.colcon_core.plugin_system:Skipping extension 'colcon_core.shell.bat': Not used on non-Windows systems
[2.851s] INFO:colcon.colcon_core.shell:Skip shell extension 'powershell' for command environment: Not usable outside of PowerShell
[2.852s] DEBUG:colcon.colcon_core.shell:Skip shell extension 'dsv' for command environment
[2.897s] INFO:colcon.colcon_ros.task.ament_cmake.build:Building ROS package in '/home/amenephous/df_ws/src/google_tts_node' with build type 'ament_cmake'
[2.897s] INFO:colcon.colcon_cmake.task.cmake.build:Building CMake package in '/home/amenephous/df_ws/src/google_tts_node'
[2.897s] INFO:colcon.colcon_core.shell:Skip shell extension 'powershell' for command environment: Not usable outside of PowerShell
[2.898s] DEBUG:colcon.colcon_core.shell:Skip shell extension 'dsv' for command environment
[2.903s] INFO:colcon.colcon_ros.task.ament_cmake.build:Building ROS package in '/home/amenephous/df_ws/src/whisper_asr_node' with build type 'ament_cmake'
[2.903s] INFO:colcon.colcon_cmake.task.cmake.build:Building CMake package in '/home/amenephous/df_ws/src/whisper_asr_node'
[2.903s] INFO:colcon.colcon_core.shell:Skip shell extension 'powershell' for command environment: Not usable outside of PowerShell
[2.903s] DEBUG:colcon.colcon_core.shell:Skip shell extension 'dsv' for command environment
[2.912s] DEBUG:colcon.colcon_core.event_handler.log_command:Invoking command in '/home/amenephous/df_ws/build/decision_maker_node': CMAKE_PREFIX_PATH=${CMAKE_PREFIX_PATH}:/home/amenephous/selfdrive_ws/install/self_driving_car_pkg:/home/amenephous/ros2_ws/install/text_to_speech:/opt/ros/humble /usr/bin/cmake --build /home/amenephous/df_ws/build/decision_maker_node -- -j8 -l8
[2.914s] DEBUG:colcon.colcon_core.event_handler.log_command:Invoking command in '/home/amenephous/df_ws/build/google_tts_node': CMAKE_PREFIX_PATH=${CMAKE_PREFIX_PATH}:/home/amenephous/selfdrive_ws/install/self_driving_car_pkg:/home/amenephous/ros2_ws/install/text_to_speech:/opt/ros/humble /usr/bin/cmake --build /home/amenephous/df_ws/build/google_tts_node -- -j8 -l8
[2.917s] DEBUG:colcon.colcon_core.event_handler.log_command:Invoking command in '/home/amenephous/df_ws/build/whisper_asr_node': CMAKE_PREFIX_PATH=${CMAKE_PREFIX_PATH}:/home/amenephous/selfdrive_ws/install/self_driving_car_pkg:/home/amenephous/ros2_ws/install/text_to_speech:/opt/ros/humble /usr/bin/cmake --build /home/amenephous/df_ws/build/whisper_asr_node -- -j8 -l8
[3.052s] DEBUG:colcon.colcon_core.event_handler.log_command:Invoked command in '/home/amenephous/df_ws/build/decision_maker_node' returned '0': CMAKE_PREFIX_PATH=${CMAKE_PREFIX_PATH}:/home/amenephous/selfdrive_ws/install/self_driving_car_pkg:/home/amenephous/ros2_ws/install/text_to_speech:/opt/ros/humble /usr/bin/cmake --build /home/amenephous/df_ws/build/decision_maker_node -- -j8 -l8
[3.053s] DEBUG:colcon.colcon_core.event_handler.log_command:Invoked command in '/home/amenephous/df_ws/build/google_tts_node' returned '0': CMAKE_PREFIX_PATH=${CMAKE_PREFIX_PATH}:/home/amenephous/selfdrive_ws/install/self_driving_car_pkg:/home/amenephous/ros2_ws/install/text_to_speech:/opt/ros/humble /usr/bin/cmake --build /home/amenephous/df_ws/build/google_tts_node -- -j8 -l8
[3.053s] DEBUG:colcon.colcon_core.event_handler.log_command:Invoked command in '/home/amenephous/df_ws/build/whisper_asr_node' returned '0': CMAKE_PREFIX_PATH=${CMAKE_PREFIX_PATH}:/home/amenephous/selfdrive_ws/install/self_driving_car_pkg:/home/amenephous/ros2_ws/install/text_to_speech:/opt/ros/humble /usr/bin/cmake --build /home/amenephous/df_ws/build/whisper_asr_node -- -j8 -l8
[3.076s] DEBUG:colcon.colcon_core.event_handler.log_command:Invoking command in '/home/amenephous/df_ws/build/google_tts_node': CMAKE_PREFIX_PATH=${CMAKE_PREFIX_PATH}:/home/amenephous/selfdrive_ws/install/self_driving_car_pkg:/home/amenephous/ros2_ws/install/text_to_speech:/opt/ros/humble /usr/bin/cmake --install /home/amenephous/df_ws/build/google_tts_node
[3.077s] DEBUG:colcon.colcon_core.event_handler.log_command:Invoking command in '/home/amenephous/df_ws/build/decision_maker_node': CMAKE_PREFIX_PATH=${CMAKE_PREFIX_PATH}:/home/amenephous/selfdrive_ws/install/self_driving_car_pkg:/home/amenephous/ros2_ws/install/text_to_speech:/opt/ros/humble /usr/bin/cmake --install /home/amenephous/df_ws/build/decision_maker_node
[3.078s] DEBUG:colcon.colcon_core.event_handler.log_command:Invoking command in '/home/amenephous/df_ws/build/whisper_asr_node': CMAKE_PREFIX_PATH=${CMAKE_PREFIX_PATH}:/home/amenephous/selfdrive_ws/install/self_driving_car_pkg:/home/amenephous/ros2_ws/install/text_to_speech:/opt/ros/humble /usr/bin/cmake --install /home/amenephous/df_ws/build/whisper_asr_node
[3.101s] Level 1:colcon.colcon_core.environment:create_environment_scripts_only(whisper_asr_node)
[3.101s] DEBUG:colcon.colcon_core.event_handler.log_command:Invoked command in '/home/amenephous/df_ws/build/whisper_asr_node' returned '0': CMAKE_PREFIX_PATH=${CMAKE_PREFIX_PATH}:/home/amenephous/selfdrive_ws/install/self_driving_car_pkg:/home/amenephous/ros2_ws/install/text_to_speech:/opt/ros/humble /usr/bin/cmake --install /home/amenephous/df_ws/build/whisper_asr_node
[3.158s] Level 1:colcon.colcon_core.environment:checking '/home/amenephous/df_ws/install/whisper_asr_node' for CMake module files
[3.160s] Level 1:colcon.colcon_core.environment:checking '/home/amenephous/df_ws/install/whisper_asr_node' for CMake config files
[3.163s] Level 1:colcon.colcon_core.shell:create_environment_hook('whisper_asr_node', 'cmake_prefix_path')
[3.164s] INFO:colcon.colcon_core.shell:Creating environment hook '/home/amenephous/df_ws/install/whisper_asr_node/share/whisper_asr_node/hook/cmake_prefix_path.ps1'
[3.166s] INFO:colcon.colcon_core.shell:Creating environment descriptor '/home/amenephous/df_ws/install/whisper_asr_node/share/whisper_asr_node/hook/cmake_prefix_path.dsv'
[3.168s] INFO:colcon.colcon_core.shell:Creating environment hook '/home/amenephous/df_ws/install/whisper_asr_node/share/whisper_asr_node/hook/cmake_prefix_path.sh'
[3.170s] Level 1:colcon.colcon_core.environment:checking '/home/amenephous/df_ws/install/whisper_asr_node/lib'
[3.171s] Level 1:colcon.colcon_core.environment:checking '/home/amenephous/df_ws/install/whisper_asr_node/bin'
[3.171s] Level 1:colcon.colcon_core.environment:checking '/home/amenephous/df_ws/install/whisper_asr_node/lib/pkgconfig/whisper_asr_node.pc'
[3.172s] Level 1:colcon.colcon_core.environment:checking '/home/amenephous/df_ws/install/whisper_asr_node/lib/python3.10/site-packages'
[3.173s] Level 1:colcon.colcon_core.environment:checking '/home/amenephous/df_ws/install/whisper_asr_node/bin'
[3.174s] INFO:colcon.colcon_core.shell:Creating package script '/home/amenephous/df_ws/install/whisper_asr_node/share/whisper_asr_node/package.ps1'
[3.177s] INFO:colcon.colcon_core.shell:Creating package descriptor '/home/amenephous/df_ws/install/whisper_asr_node/share/whisper_asr_node/package.dsv'
[3.179s] INFO:colcon.colcon_core.shell:Creating package script '/home/amenephous/df_ws/install/whisper_asr_node/share/whisper_asr_node/package.sh'
[3.181s] INFO:colcon.colcon_core.shell:Creating package script '/home/amenephous/df_ws/install/whisper_asr_node/share/whisper_asr_node/package.bash'
[3.184s] INFO:colcon.colcon_core.shell:Creating package script '/home/amenephous/df_ws/install/whisper_asr_node/share/whisper_asr_node/package.zsh'
[3.186s] Level 1:colcon.colcon_core.environment:create_file_with_runtime_dependencies(/home/amenephous/df_ws/install/whisper_asr_node/share/colcon-core/packages/whisper_asr_node)
[3.189s] Level 1:colcon.colcon_core.environment:create_environment_scripts_only(google_tts_node)
[3.190s] Level 1:colcon.colcon_core.environment:checking '/home/amenephous/df_ws/install/google_tts_node' for CMake module files
[3.192s] DEBUG:colcon.colcon_core.event_handler.log_command:Invoked command in '/home/amenephous/df_ws/build/google_tts_node' returned '0': CMAKE_PREFIX_PATH=${CMAKE_PREFIX_PATH}:/home/amenephous/selfdrive_ws/install/self_driving_car_pkg:/home/amenephous/ros2_ws/install/text_to_speech:/opt/ros/humble /usr/bin/cmake --install /home/amenephous/df_ws/build/google_tts_node
[3.193s] Level 1:colcon.colcon_core.environment:checking '/home/amenephous/df_ws/install/google_tts_node' for CMake config files
[3.194s] Level 1:colcon.colcon_core.shell:create_environment_hook('google_tts_node', 'cmake_prefix_path')
[3.195s] INFO:colcon.colcon_core.shell:Creating environment hook '/home/amenephous/df_ws/install/google_tts_node/share/google_tts_node/hook/cmake_prefix_path.ps1'
[3.195s] INFO:colcon.colcon_core.shell:Creating environment descriptor '/home/amenephous/df_ws/install/google_tts_node/share/google_tts_node/hook/cmake_prefix_path.dsv'
[3.196s] INFO:colcon.colcon_core.shell:Creating environment hook '/home/amenephous/df_ws/install/google_tts_node/share/google_tts_node/hook/cmake_prefix_path.sh'
[3.197s] Level 1:colcon.colcon_core.environment:checking '/home/amenephous/df_ws/install/google_tts_node/lib'
[3.197s] Level 1:colcon.colcon_core.environment:checking '/home/amenephous/df_ws/install/google_tts_node/bin'
[3.197s] Level 1:colcon.colcon_core.environment:checking '/home/amenephous/df_ws/install/google_tts_node/lib/pkgconfig/google_tts_node.pc'
[3.197s] Level 1:colcon.colcon_core.environment:checking '/home/amenephous/df_ws/install/google_tts_node/lib/python3.10/site-packages'
[3.198s] Level 1:colcon.colcon_core.environment:checking '/home/amenephous/df_ws/install/google_tts_node/bin'
[3.198s] INFO:colcon.colcon_core.shell:Creating package script '/home/amenephous/df_ws/install/google_tts_node/share/google_tts_node/package.ps1'
[3.199s] INFO:colcon.colcon_core.shell:Creating package descriptor '/home/amenephous/df_ws/install/google_tts_node/share/google_tts_node/package.dsv'
[3.199s] INFO:colcon.colcon_core.shell:Creating package script '/home/amenephous/df_ws/install/google_tts_node/share/google_tts_node/package.sh'
[3.201s] INFO:colcon.colcon_core.shell:Creating package script '/home/amenephous/df_ws/install/google_tts_node/share/google_tts_node/package.bash'
[3.201s] INFO:colcon.colcon_core.shell:Creating package script '/home/amenephous/df_ws/install/google_tts_node/share/google_tts_node/package.zsh'
[3.202s] Level 1:colcon.colcon_core.environment:create_file_with_runtime_dependencies(/home/amenephous/df_ws/install/google_tts_node/share/colcon-core/packages/google_tts_node)
[3.204s] Level 1:colcon.colcon_core.environment:create_environment_scripts_only(decision_maker_node)
[3.205s] Level 1:colcon.colcon_core.environment:checking '/home/amenephous/df_ws/install/decision_maker_node' for CMake module files
[3.205s] DEBUG:colcon.colcon_core.event_handler.log_command:Invoked command in '/home/amenephous/df_ws/build/decision_maker_node' returned '0': CMAKE_PREFIX_PATH=${CMAKE_PREFIX_PATH}:/home/amenephous/selfdrive_ws/install/self_driving_car_pkg:/home/amenephous/ros2_ws/install/text_to_speech:/opt/ros/humble /usr/bin/cmake --install /home/amenephous/df_ws/build/decision_maker_node
[3.206s] Level 1:colcon.colcon_core.environment:checking '/home/amenephous/df_ws/install/decision_maker_node' for CMake config files
[3.207s] Level 1:colcon.colcon_core.shell:create_environment_hook('decision_maker_node', 'cmake_prefix_path')
[3.207s] INFO:colcon.colcon_core.shell:Creating environment hook '/home/amenephous/df_ws/install/decision_maker_node/share/decision_maker_node/hook/cmake_prefix_path.ps1'
[3.208s] INFO:colcon.colcon_core.shell:Creating environment descriptor '/home/amenephous/df_ws/install/decision_maker_node/share/decision_maker_node/hook/cmake_prefix_path.dsv'
[3.208s] INFO:colcon.colcon_core.shell:Creating environment hook '/home/amenephous/df_ws/install/decision_maker_node/share/decision_maker_node/hook/cmake_prefix_path.sh'
[3.209s] Level 1:colcon.colcon_core.environment:checking '/home/amenephous/df_ws/install/decision_maker_node/lib'
[3.209s] Level 1:colcon.colcon_core.environment:checking '/home/amenephous/df_ws/install/decision_maker_node/bin'
[3.209s] Level 1:colcon.colcon_core.environment:checking '/home/amenephous/df_ws/install/decision_maker_node/lib/pkgconfig/decision_maker_node.pc'
[3.209s] Level 1:colcon.colcon_core.environment:checking '/home/amenephous/df_ws/install/decision_maker_node/lib/python3.10/site-packages'
[3.209s] Level 1:colcon.colcon_core.environment:checking '/home/amenephous/df_ws/install/decision_maker_node/bin'
[3.210s] INFO:colcon.colcon_core.shell:Creating package script '/home/amenephous/df_ws/install/decision_maker_node/share/decision_maker_node/package.ps1'
[3.210s] INFO:colcon.colcon_core.shell:Creating package descriptor '/home/amenephous/df_ws/install/decision_maker_node/share/decision_maker_node/package.dsv'
[3.210s] INFO:colcon.colcon_core.shell:Creating package script '/home/amenephous/df_ws/install/decision_maker_node/share/decision_maker_node/package.sh'
[3.211s] INFO:colcon.colcon_core.shell:Creating package script '/home/amenephous/df_ws/install/decision_maker_node/share/decision_maker_node/package.bash'
[3.211s] INFO:colcon.colcon_core.shell:Creating package script '/home/amenephous/df_ws/install/decision_maker_node/share/decision_maker_node/package.zsh'
[3.211s] Level 1:colcon.colcon_core.environment:create_file_with_runtime_dependencies(/home/amenephous/df_ws/install/decision_maker_node/share/colcon-core/packages/decision_maker_node)
[3.217s] Level 1:colcon.colcon_core.environment:create_environment_scripts_only(whisper_asr_node)
[3.217s] Level 1:colcon.colcon_core.environment:checking '/home/amenephous/df_ws/install/whisper_asr_node' for CMake module files
[3.218s] Level 1:colcon.colcon_core.environment:checking '/home/amenephous/df_ws/install/whisper_asr_node' for CMake config files
[3.218s] Level 1:colcon.colcon_core.shell:create_environment_hook('whisper_asr_node', 'cmake_prefix_path')
[3.218s] INFO:colcon.colcon_core.shell:Creating environment hook '/home/amenephous/df_ws/install/whisper_asr_node/share/whisper_asr_node/hook/cmake_prefix_path.ps1'
[3.218s] INFO:colcon.colcon_core.shell:Creating environment descriptor '/home/amenephous/df_ws/install/whisper_asr_node/share/whisper_asr_node/hook/cmake_prefix_path.dsv'
[3.219s] INFO:colcon.colcon_core.shell:Creating environment hook '/home/amenephous/df_ws/install/whisper_asr_node/share/whisper_asr_node/hook/cmake_prefix_path.sh'
[3.219s] Level 1:colcon.colcon_core.environment:checking '/home/amenephous/df_ws/install/whisper_asr_node/lib'
[3.219s] Level 1:colcon.colcon_core.environment:checking '/home/amenephous/df_ws/install/whisper_asr_node/bin'
[3.219s] Level 1:colcon.colcon_core.environment:checking '/home/amenephous/df_ws/install/whisper_asr_node/lib/pkgconfig/whisper_asr_node.pc'
[3.220s] Level 1:colcon.colcon_core.environment:checking '/home/amenephous/df_ws/install/whisper_asr_node/lib/python3.10/site-packages'
[3.220s] Level 1:colcon.colcon_core.environment:checking '/home/amenephous/df_ws/install/whisper_asr_node/bin'
[3.220s] INFO:colcon.colcon_core.shell:Creating package script '/home/amenephous/df_ws/install/whisper_asr_node/share/whisper_asr_node/package.ps1'
[3.220s] INFO:colcon.colcon_core.shell:Creating package descriptor '/home/amenephous/df_ws/install/whisper_asr_node/share/whisper_asr_node/package.dsv'
[3.221s] INFO:colcon.colcon_core.shell:Creating package script '/home/amenephous/df_ws/install/whisper_asr_node/share/whisper_asr_node/package.sh'
[3.221s] INFO:colcon.colcon_core.shell:Creating package script '/home/amenephous/df_ws/install/whisper_asr_node/share/whisper_asr_node/package.bash'
[3.221s] INFO:colcon.colcon_core.shell:Creating package script '/home/amenephous/df_ws/install/whisper_asr_node/share/whisper_asr_node/package.zsh'
[3.222s] Level 1:colcon.colcon_core.environment:create_file_with_runtime_dependencies(/home/amenephous/df_ws/install/whisper_asr_node/share/colcon-core/packages/whisper_asr_node)
[3.223s] Level 1:colcon.colcon_core.environment:create_environment_scripts_only(google_tts_node)
[3.224s] Level 1:colcon.colcon_core.environment:checking '/home/amenephous/df_ws/install/google_tts_node' for CMake module files
[3.224s] Level 1:colcon.colcon_core.environment:checking '/home/amenephous/df_ws/install/google_tts_node' for CMake config files
[3.224s] Level 1:colcon.colcon_core.shell:create_environment_hook('google_tts_node', 'cmake_prefix_path')
[3.224s] INFO:colcon.colcon_core.shell:Creating environment hook '/home/amenephous/df_ws/install/google_tts_node/share/google_tts_node/hook/cmake_prefix_path.ps1'
[3.225s] INFO:colcon.colcon_core.shell:Creating environment descriptor '/home/amenephous/df_ws/install/google_tts_node/share/google_tts_node/hook/cmake_prefix_path.dsv'
[3.225s] INFO:colcon.colcon_core.shell:Creating environment hook '/home/amenephous/df_ws/install/google_tts_node/share/google_tts_node/hook/cmake_prefix_path.sh'
[3.225s] Level 1:colcon.colcon_core.environment:checking '/home/amenephous/df_ws/install/google_tts_node/lib'
[3.225s] Level 1:colcon.colcon_core.environment:checking '/home/amenephous/df_ws/install/google_tts_node/bin'
[3.225s] Level 1:colcon.colcon_core.environment:checking '/home/amenephous/df_ws/install/google_tts_node/lib/pkgconfig/google_tts_node.pc'
[3.225s] Level 1:colcon.colcon_core.environment:checking '/home/amenephous/df_ws/install/google_tts_node/lib/python3.10/site-packages'
[3.226s] Level 1:colcon.colcon_core.environment:checking '/home/amenephous/df_ws/install/google_tts_node/bin'
[3.226s] INFO:colcon.colcon_core.shell:Creating package script '/home/amenephous/df_ws/install/google_tts_node/share/google_tts_node/package.ps1'
[3.226s] INFO:colcon.colcon_core.shell:Creating package descriptor '/home/amenephous/df_ws/install/google_tts_node/share/google_tts_node/package.dsv'
[3.227s] INFO:colcon.colcon_core.shell:Creating package script '/home/amenephous/df_ws/install/google_tts_node/share/google_tts_node/package.sh'
[3.227s] INFO:colcon.colcon_core.shell:Creating package script '/home/amenephous/df_ws/install/google_tts_node/share/google_tts_node/package.bash'
[3.227s] INFO:colcon.colcon_core.shell:Creating package script '/home/amenephous/df_ws/install/google_tts_node/share/google_tts_node/package.zsh'
[3.227s] Level 1:colcon.colcon_core.environment:create_file_with_runtime_dependencies(/home/amenephous/df_ws/install/google_tts_node/share/colcon-core/packages/google_tts_node)
[3.229s] Level 1:colcon.colcon_core.environment:create_environment_scripts_only(decision_maker_node)
[3.229s] Level 1:colcon.colcon_core.environment:checking '/home/amenephous/df_ws/install/decision_maker_node' for CMake module files
[3.230s] Level 1:colcon.colcon_core.environment:checking '/home/amenephous/df_ws/install/decision_maker_node' for CMake config files
[3.230s] Level 1:colcon.colcon_core.shell:create_environment_hook('decision_maker_node', 'cmake_prefix_path')
[3.230s] INFO:colcon.colcon_core.shell:Creating environment hook '/home/amenephous/df_ws/install/decision_maker_node/share/decision_maker_node/hook/cmake_prefix_path.ps1'
[3.230s] INFO:colcon.colcon_core.shell:Creating environment descriptor '/home/amenephous/df_ws/install/decision_maker_node/share/decision_maker_node/hook/cmake_prefix_path.dsv'
[3.230s] INFO:colcon.colcon_core.shell:Creating environment hook '/home/amenephous/df_ws/install/decision_maker_node/share/decision_maker_node/hook/cmake_prefix_path.sh'
[3.231s] Level 1:colcon.colcon_core.environment:checking '/home/amenephous/df_ws/install/decision_maker_node/lib'
[3.231s] Level 1:colcon.colcon_core.environment:checking '/home/amenephous/df_ws/install/decision_maker_node/bin'
[3.231s] Level 1:colcon.colcon_core.environment:checking '/home/amenephous/df_ws/install/decision_maker_node/lib/pkgconfig/decision_maker_node.pc'
[3.231s] Level 1:colcon.colcon_core.environment:checking '/home/amenephous/df_ws/install/decision_maker_node/lib/python3.10/site-packages'
[3.231s] Level 1:colcon.colcon_core.environment:checking '/home/amenephous/df_ws/install/decision_maker_node/bin'
[3.231s] INFO:colcon.colcon_core.shell:Creating package script '/home/amenephous/df_ws/install/decision_maker_node/share/decision_maker_node/package.ps1'
[3.232s] INFO:colcon.colcon_core.shell:Creating package descriptor '/home/amenephous/df_ws/install/decision_maker_node/share/decision_maker_node/package.dsv'
[3.232s] INFO:colcon.colcon_core.shell:Creating package script '/home/amenephous/df_ws/install/decision_maker_node/share/decision_maker_node/package.sh'
[3.232s] INFO:colcon.colcon_core.shell:Creating package script '/home/amenephous/df_ws/install/decision_maker_node/share/decision_maker_node/package.bash'
[3.233s] INFO:colcon.colcon_core.shell:Creating package script '/home/amenephous/df_ws/install/decision_maker_node/share/decision_maker_node/package.zsh'
[3.233s] Level 1:colcon.colcon_core.environment:create_file_with_runtime_dependencies(/home/amenephous/df_ws/install/decision_maker_node/share/colcon-core/packages/decision_maker_node)
[3.233s] DEBUG:colcon.colcon_parallel_executor.executor.parallel:closing loop
[3.233s] DEBUG:colcon.colcon_parallel_executor.executor.parallel:loop closed
[3.233s] DEBUG:colcon.colcon_parallel_executor.executor.parallel:run_until_complete finished with '0'
[3.233s] DEBUG:colcon.colcon_core.event_reactor:joining thread
[3.238s] INFO:colcon.colcon_core.plugin_system:Skipping extension 'colcon_notification.desktop_notification.terminal_notifier': Not used on non-Darwin systems
[3.238s] INFO:colcon.colcon_core.plugin_system:Skipping extension 'colcon_notification.desktop_notification.win32': Not used on non-Windows systems
[3.238s] INFO:colcon.colcon_notification.desktop_notification:Sending desktop notification using 'notify2'
[3.252s] DEBUG:colcon.colcon_core.event_reactor:joined thread
[3.252s] INFO:colcon.colcon_core.shell:Creating prefix script '/home/amenephous/df_ws/install/local_setup.ps1'
[3.253s] INFO:colcon.colcon_core.shell:Creating prefix util module '/home/amenephous/df_ws/install/_local_setup_util_ps1.py'
[3.254s] INFO:colcon.colcon_core.shell:Creating prefix chain script '/home/amenephous/df_ws/install/setup.ps1'
[3.256s] INFO:colcon.colcon_core.shell:Creating prefix script '/home/amenephous/df_ws/install/local_setup.sh'
[3.256s] INFO:colcon.colcon_core.shell:Creating prefix util module '/home/amenephous/df_ws/install/_local_setup_util_sh.py'
[3.256s] INFO:colcon.colcon_core.shell:Creating prefix chain script '/home/amenephous/df_ws/install/setup.sh'
[3.258s] INFO:colcon.colcon_core.shell:Creating prefix script '/home/amenephous/df_ws/install/local_setup.bash'
[3.258s] INFO:colcon.colcon_core.shell:Creating prefix chain script '/home/amenephous/df_ws/install/setup.bash'
[3.261s] INFO:colcon.colcon_core.shell:Creating prefix script '/home/amenephous/df_ws/install/local_setup.zsh'
[3.261s] INFO:colcon.colcon_core.shell:Creating prefix chain script '/home/amenephous/df_ws/install/setup.zsh'
