[ 50%] [32mBuilding CXX object CMakeFiles/google_tts.dir/src/google_tts.cpp.o[0m
[100%] [32m[1mLinking CXX executable google_tts[0m
[100%] Built target google_tts
-- Install configuration: ""
-- Installing: /home/amenephous/df_ws/install/google_tts_node/lib/google_tts_node/google_tts
-- Set runtime path of "/home/amenephous/df_ws/install/google_tts_node/lib/google_tts_node/google_tts" to ""
-- Up-to-date: /home/amenephous/df_ws/install/google_tts_node/share/ament_index/resource_index/package_run_dependencies/google_tts_node
-- Up-to-date: /home/amenephous/df_ws/install/google_tts_node/share/ament_index/resource_index/parent_prefix_path/google_tts_node
-- Up-to-date: /home/amenephous/df_ws/install/google_tts_node/share/google_tts_node/environment/ament_prefix_path.sh
-- Up-to-date: /home/amenephous/df_ws/install/google_tts_node/share/google_tts_node/environment/ament_prefix_path.dsv
-- Up-to-date: /home/amenephous/df_ws/install/google_tts_node/share/google_tts_node/environment/path.sh
-- Up-to-date: /home/amenephous/df_ws/install/google_tts_node/share/google_tts_node/environment/path.dsv
-- Up-to-date: /home/amenephous/df_ws/install/google_tts_node/share/google_tts_node/local_setup.bash
-- Up-to-date: /home/amenephous/df_ws/install/google_tts_node/share/google_tts_node/local_setup.sh
-- Up-to-date: /home/amenephous/df_ws/install/google_tts_node/share/google_tts_node/local_setup.zsh
-- Up-to-date: /home/amenephous/df_ws/install/google_tts_node/share/google_tts_node/local_setup.dsv
-- Installing: /home/amenephous/df_ws/install/google_tts_node/share/google_tts_node/package.dsv
-- Up-to-date: /home/amenephous/df_ws/install/google_tts_node/share/ament_index/resource_index/packages/google_tts_node
-- Up-to-date: /home/amenephous/df_ws/install/google_tts_node/share/google_tts_node/cmake/google_tts_nodeConfig.cmake
-- Up-to-date: /home/amenephous/df_ws/install/google_tts_node/share/google_tts_node/cmake/google_tts_nodeConfig-version.cmake
-- Up-to-date: /home/amenephous/df_ws/install/google_tts_node/share/google_tts_node/package.xml
