[4.013s] DEBUG:colcon:Command line arguments: ['/usr/bin/colcon', 'build']
[4.013s] DEBUG:colcon:Parsed command line arguments: Namespace(log_base=None, log_level=None, verb_name='build', build_base='build', install_base='install', merge_install=False, symlink_install=False, test_result_base=None, continue_on_error=False, executor='parallel', parallel_workers=8, event_handlers=None, ignore_user_meta=False, metas=['./colcon.meta'], base_paths=['.'], packages_ignore=None, packages_ignore_regex=None, paths=None, packages_up_to=None, packages_up_to_regex=None, packages_above=None, packages_above_and_dependencies=None, packages_above_depth=None, packages_select_by_dep=None, packages_skip_by_dep=None, packages_skip_up_to=None, packages_select_build_failed=False, packages_skip_build_finished=False, packages_select_test_failures=False, packages_skip_test_passed=False, packages_select=None, packages_skip=None, packages_select_regex=None, packages_skip_regex=None, packages_start=None, packages_end=None, allow_overriding=[], cmake_args=None, cmake_target=None, cmake_target_skip_unavailable=False, cmake_clean_cache=False, cmake_clean_first=False, cmake_force_configure=False, ament_cmake_args=None, catkin_cmake_args=None, catkin_skip_building_tests=False, verb_parser=<colcon_defaults.argument_parser.defaults.DefaultArgumentsDecorator object at 0x773902e3ac80>, verb_extension=<colcon_core.verb.build.BuildVerb object at 0x773902e3a950>, main=<bound method BuildVerb.main of <colcon_core.verb.build.BuildVerb object at 0x773902e3a950>>)
[8.176s] Level 1:colcon.colcon_core.package_discovery:discover_packages(colcon_meta) check parameters
[8.176s] Level 1:colcon.colcon_core.package_discovery:discover_packages(recursive) check parameters
[8.176s] Level 1:colcon.colcon_core.package_discovery:discover_packages(ignore) check parameters
[8.176s] Level 1:colcon.colcon_core.package_discovery:discover_packages(path) check parameters
[8.176s] Level 1:colcon.colcon_core.package_discovery:discover_packages(colcon_meta) discover
[8.176s] Level 1:colcon.colcon_core.package_discovery:discover_packages(recursive) discover
[8.176s] INFO:colcon.colcon_core.package_discovery:Crawling recursively for packages in '/home/amenephous/df_ws'
[8.176s] Level 1:colcon.colcon_core.package_identification:_identify(.) by extensions ['ignore', 'ignore_ament_install']
[8.176s] Level 1:colcon.colcon_core.package_identification:_identify(.) by extension 'ignore'
[8.177s] Level 1:colcon.colcon_core.package_identification:_identify(.) by extension 'ignore_ament_install'
[8.177s] Level 1:colcon.colcon_core.package_identification:_identify(.) by extensions ['colcon_pkg']
[8.177s] Level 1:colcon.colcon_core.package_identification:_identify(.) by extension 'colcon_pkg'
[8.177s] Level 1:colcon.colcon_core.package_identification:_identify(.) by extensions ['colcon_meta']
[8.177s] Level 1:colcon.colcon_core.package_identification:_identify(.) by extension 'colcon_meta'
[8.177s] Level 1:colcon.colcon_core.package_identification:_identify(.) by extensions ['ros']
[8.177s] Level 1:colcon.colcon_core.package_identification:_identify(.) by extension 'ros'
[8.190s] Level 1:colcon.colcon_core.package_identification:_identify(.) by extensions ['cmake', 'python']
[8.190s] Level 1:colcon.colcon_core.package_identification:_identify(.) by extension 'cmake'
[8.190s] Level 1:colcon.colcon_core.package_identification:_identify(.) by extension 'python'
[8.190s] Level 1:colcon.colcon_core.package_identification:_identify(.) by extensions ['python_setup_py']
[8.190s] Level 1:colcon.colcon_core.package_identification:_identify(.) by extension 'python_setup_py'
[8.190s] Level 1:colcon.colcon_core.package_identification:_identify(build) by extensions ['ignore', 'ignore_ament_install']
[8.190s] Level 1:colcon.colcon_core.package_identification:_identify(build) by extension 'ignore'
[8.191s] Level 1:colcon.colcon_core.package_identification:_identify(build) ignored
[8.191s] Level 1:colcon.colcon_core.package_identification:_identify(install) by extensions ['ignore', 'ignore_ament_install']
[8.191s] Level 1:colcon.colcon_core.package_identification:_identify(install) by extension 'ignore'
[8.191s] Level 1:colcon.colcon_core.package_identification:_identify(install) ignored
[8.191s] Level 1:colcon.colcon_core.package_identification:_identify(log) by extensions ['ignore', 'ignore_ament_install']
[8.191s] Level 1:colcon.colcon_core.package_identification:_identify(log) by extension 'ignore'
[8.191s] Level 1:colcon.colcon_core.package_identification:_identify(log) ignored
[8.191s] Level 1:colcon.colcon_core.package_identification:_identify(src) by extensions ['ignore', 'ignore_ament_install']
[8.191s] Level 1:colcon.colcon_core.package_identification:_identify(src) by extension 'ignore'
[8.191s] Level 1:colcon.colcon_core.package_identification:_identify(src) by extension 'ignore_ament_install'
[8.191s] Level 1:colcon.colcon_core.package_identification:_identify(src) by extensions ['colcon_pkg']
[8.191s] Level 1:colcon.colcon_core.package_identification:_identify(src) by extension 'colcon_pkg'
[8.191s] Level 1:colcon.colcon_core.package_identification:_identify(src) by extensions ['colcon_meta']
[8.191s] Level 1:colcon.colcon_core.package_identification:_identify(src) by extension 'colcon_meta'
[8.191s] Level 1:colcon.colcon_core.package_identification:_identify(src) by extensions ['ros']
[8.191s] Level 1:colcon.colcon_core.package_identification:_identify(src) by extension 'ros'
[8.191s] Level 1:colcon.colcon_core.package_identification:_identify(src) by extensions ['cmake', 'python']
[8.191s] Level 1:colcon.colcon_core.package_identification:_identify(src) by extension 'cmake'
[8.191s] Level 1:colcon.colcon_core.package_identification:_identify(src) by extension 'python'
[8.191s] Level 1:colcon.colcon_core.package_identification:_identify(src) by extensions ['python_setup_py']
[8.191s] Level 1:colcon.colcon_core.package_identification:_identify(src) by extension 'python_setup_py'
[8.192s] Level 1:colcon.colcon_core.package_identification:_identify(src/decision_maker_node) by extensions ['ignore', 'ignore_ament_install']
[8.192s] Level 1:colcon.colcon_core.package_identification:_identify(src/decision_maker_node) by extension 'ignore'
[8.192s] Level 1:colcon.colcon_core.package_identification:_identify(src/decision_maker_node) by extension 'ignore_ament_install'
[8.192s] Level 1:colcon.colcon_core.package_identification:_identify(src/decision_maker_node) by extensions ['colcon_pkg']
[8.192s] Level 1:colcon.colcon_core.package_identification:_identify(src/decision_maker_node) by extension 'colcon_pkg'
[8.192s] Level 1:colcon.colcon_core.package_identification:_identify(src/decision_maker_node) by extensions ['colcon_meta']
[8.192s] Level 1:colcon.colcon_core.package_identification:_identify(src/decision_maker_node) by extension 'colcon_meta'
[8.192s] Level 1:colcon.colcon_core.package_identification:_identify(src/decision_maker_node) by extensions ['ros']
[8.192s] Level 1:colcon.colcon_core.package_identification:_identify(src/decision_maker_node) by extension 'ros'
[8.194s] DEBUG:colcon.colcon_core.package_identification:Package 'src/decision_maker_node' with type 'ros.ament_cmake' and name 'decision_maker_node'
[8.195s] Level 1:colcon.colcon_core.package_identification:_identify(src/google_tts_node) by extensions ['ignore', 'ignore_ament_install']
[8.195s] Level 1:colcon.colcon_core.package_identification:_identify(src/google_tts_node) by extension 'ignore'
[8.195s] Level 1:colcon.colcon_core.package_identification:_identify(src/google_tts_node) by extension 'ignore_ament_install'
[8.195s] Level 1:colcon.colcon_core.package_identification:_identify(src/google_tts_node) by extensions ['colcon_pkg']
[8.195s] Level 1:colcon.colcon_core.package_identification:_identify(src/google_tts_node) by extension 'colcon_pkg'
[8.195s] Level 1:colcon.colcon_core.package_identification:_identify(src/google_tts_node) by extensions ['colcon_meta']
[8.195s] Level 1:colcon.colcon_core.package_identification:_identify(src/google_tts_node) by extension 'colcon_meta'
[8.195s] Level 1:colcon.colcon_core.package_identification:_identify(src/google_tts_node) by extensions ['ros']
[8.195s] Level 1:colcon.colcon_core.package_identification:_identify(src/google_tts_node) by extension 'ros'
[8.195s] DEBUG:colcon.colcon_core.package_identification:Package 'src/google_tts_node' with type 'ros.ament_cmake' and name 'google_tts_node'
[8.196s] Level 1:colcon.colcon_core.package_identification:_identify(src/whisper_asr_node) by extensions ['ignore', 'ignore_ament_install']
[8.196s] Level 1:colcon.colcon_core.package_identification:_identify(src/whisper_asr_node) by extension 'ignore'
[8.196s] Level 1:colcon.colcon_core.package_identification:_identify(src/whisper_asr_node) by extension 'ignore_ament_install'
[8.196s] Level 1:colcon.colcon_core.package_identification:_identify(src/whisper_asr_node) by extensions ['colcon_pkg']
[8.196s] Level 1:colcon.colcon_core.package_identification:_identify(src/whisper_asr_node) by extension 'colcon_pkg'
[8.196s] Level 1:colcon.colcon_core.package_identification:_identify(src/whisper_asr_node) by extensions ['colcon_meta']
[8.196s] Level 1:colcon.colcon_core.package_identification:_identify(src/whisper_asr_node) by extension 'colcon_meta'
[8.196s] Level 1:colcon.colcon_core.package_identification:_identify(src/whisper_asr_node) by extensions ['ros']
[8.196s] Level 1:colcon.colcon_core.package_identification:_identify(src/whisper_asr_node) by extension 'ros'
[8.196s] DEBUG:colcon.colcon_core.package_identification:Package 'src/whisper_asr_node' with type 'ros.ament_cmake' and name 'whisper_asr_node'
[8.196s] Level 1:colcon.colcon_core.package_discovery:discover_packages(recursive) using defaults
[8.196s] Level 1:colcon.colcon_core.package_discovery:discover_packages(ignore) discover
[8.197s] Level 1:colcon.colcon_core.package_discovery:discover_packages(ignore) using defaults
[8.197s] Level 1:colcon.colcon_core.package_discovery:discover_packages(path) discover
[8.197s] Level 1:colcon.colcon_core.package_discovery:discover_packages(path) using defaults
[8.332s] Level 1:colcon.colcon_core.package_discovery:discover_packages(prefix_path) check parameters
[8.332s] Level 1:colcon.colcon_core.package_discovery:discover_packages(prefix_path) discover
[8.452s] DEBUG:colcon.colcon_installed_package_information.package_discovery:Found 2 installed packages in /home/amenephous/selfdrive_ws/install
[8.453s] DEBUG:colcon.colcon_installed_package_information.package_discovery:Found 6 installed packages in /home/amenephous/ros2_ws/install
[8.490s] DEBUG:colcon.colcon_installed_package_information.package_discovery:Found 3 installed packages in /home/amenephous/turtlebot3_ws/install
[8.490s] DEBUG:colcon.colcon_installed_package_information.package_discovery:Found 3 installed packages in /home/amenephous/df_ws/install
[8.538s] DEBUG:colcon.colcon_installed_package_information.package_discovery:Found 383 installed packages in /opt/ros/humble
[8.540s] Level 1:colcon.colcon_core.package_discovery:discover_packages(prefix_path) using defaults
