[0.090s] DEBUG:colcon:Command line arguments: ['/usr/bin/colcon', 'build', '--packages-select', 'whisper_asr_node']
[0.090s] DEBUG:colcon:Parsed command line arguments: Namespace(log_base=None, log_level=None, verb_name='build', build_base='build', install_base='install', merge_install=False, symlink_install=False, test_result_base=None, continue_on_error=False, executor='parallel', parallel_workers=8, event_handlers=None, ignore_user_meta=False, metas=['./colcon.meta'], base_paths=['.'], packages_ignore=None, packages_ignore_regex=None, paths=None, packages_up_to=None, packages_up_to_regex=None, packages_above=None, packages_above_and_dependencies=None, packages_above_depth=None, packages_select_by_dep=None, packages_skip_by_dep=None, packages_skip_up_to=None, packages_select_build_failed=False, packages_skip_build_finished=False, packages_select_test_failures=False, packages_skip_test_passed=False, packages_select=['whisper_asr_node'], packages_skip=None, packages_select_regex=None, packages_skip_regex=None, packages_start=None, packages_end=None, allow_overriding=[], cmake_args=None, cmake_target=None, cmake_target_skip_unavailable=False, cmake_clean_cache=False, cmake_clean_first=False, cmake_force_configure=False, ament_cmake_args=None, catkin_cmake_args=None, catkin_skip_building_tests=False, verb_parser=<colcon_defaults.argument_parser.defaults.DefaultArgumentsDecorator object at 0x7b1d48c56d40>, verb_extension=<colcon_core.verb.build.BuildVerb object at 0x7b1d48c56a10>, main=<bound method BuildVerb.main of <colcon_core.verb.build.BuildVerb object at 0x7b1d48c56a10>>)
[0.248s] Level 1:colcon.colcon_core.package_discovery:discover_packages(colcon_meta) check parameters
[0.248s] Level 1:colcon.colcon_core.package_discovery:discover_packages(recursive) check parameters
[0.248s] Level 1:colcon.colcon_core.package_discovery:discover_packages(ignore) check parameters
[0.248s] Level 1:colcon.colcon_core.package_discovery:discover_packages(path) check parameters
[0.248s] Level 1:colcon.colcon_core.package_discovery:discover_packages(colcon_meta) discover
[0.248s] Level 1:colcon.colcon_core.package_discovery:discover_packages(recursive) discover
[0.248s] INFO:colcon.colcon_core.package_discovery:Crawling recursively for packages in '/home/amenephous/df_ws'
[0.248s] Level 1:colcon.colcon_core.package_identification:_identify(.) by extensions ['ignore', 'ignore_ament_install']
[0.248s] Level 1:colcon.colcon_core.package_identification:_identify(.) by extension 'ignore'
[0.248s] Level 1:colcon.colcon_core.package_identification:_identify(.) by extension 'ignore_ament_install'
[0.248s] Level 1:colcon.colcon_core.package_identification:_identify(.) by extensions ['colcon_pkg']
[0.248s] Level 1:colcon.colcon_core.package_identification:_identify(.) by extension 'colcon_pkg'
[0.248s] Level 1:colcon.colcon_core.package_identification:_identify(.) by extensions ['colcon_meta']
[0.248s] Level 1:colcon.colcon_core.package_identification:_identify(.) by extension 'colcon_meta'
[0.248s] Level 1:colcon.colcon_core.package_identification:_identify(.) by extensions ['ros']
[0.249s] Level 1:colcon.colcon_core.package_identification:_identify(.) by extension 'ros'
[0.257s] Level 1:colcon.colcon_core.package_identification:_identify(.) by extensions ['cmake', 'python']
[0.257s] Level 1:colcon.colcon_core.package_identification:_identify(.) by extension 'cmake'
[0.257s] Level 1:colcon.colcon_core.package_identification:_identify(.) by extension 'python'
[0.257s] Level 1:colcon.colcon_core.package_identification:_identify(.) by extensions ['python_setup_py']
[0.257s] Level 1:colcon.colcon_core.package_identification:_identify(.) by extension 'python_setup_py'
[0.257s] Level 1:colcon.colcon_core.package_identification:_identify(build) by extensions ['ignore', 'ignore_ament_install']
[0.257s] Level 1:colcon.colcon_core.package_identification:_identify(build) by extension 'ignore'
[0.257s] Level 1:colcon.colcon_core.package_identification:_identify(build) ignored
[0.257s] Level 1:colcon.colcon_core.package_identification:_identify(install) by extensions ['ignore', 'ignore_ament_install']
[0.257s] Level 1:colcon.colcon_core.package_identification:_identify(install) by extension 'ignore'
[0.258s] Level 1:colcon.colcon_core.package_identification:_identify(install) ignored
[0.258s] Level 1:colcon.colcon_core.package_identification:_identify(log) by extensions ['ignore', 'ignore_ament_install']
[0.258s] Level 1:colcon.colcon_core.package_identification:_identify(log) by extension 'ignore'
[0.258s] Level 1:colcon.colcon_core.package_identification:_identify(log) ignored
[0.258s] Level 1:colcon.colcon_core.package_identification:_identify(src) by extensions ['ignore', 'ignore_ament_install']
[0.258s] Level 1:colcon.colcon_core.package_identification:_identify(src) by extension 'ignore'
[0.258s] Level 1:colcon.colcon_core.package_identification:_identify(src) by extension 'ignore_ament_install'
[0.258s] Level 1:colcon.colcon_core.package_identification:_identify(src) by extensions ['colcon_pkg']
[0.258s] Level 1:colcon.colcon_core.package_identification:_identify(src) by extension 'colcon_pkg'
[0.258s] Level 1:colcon.colcon_core.package_identification:_identify(src) by extensions ['colcon_meta']
[0.258s] Level 1:colcon.colcon_core.package_identification:_identify(src) by extension 'colcon_meta'
[0.258s] Level 1:colcon.colcon_core.package_identification:_identify(src) by extensions ['ros']
[0.258s] Level 1:colcon.colcon_core.package_identification:_identify(src) by extension 'ros'
[0.258s] Level 1:colcon.colcon_core.package_identification:_identify(src) by extensions ['cmake', 'python']
[0.258s] Level 1:colcon.colcon_core.package_identification:_identify(src) by extension 'cmake'
[0.258s] Level 1:colcon.colcon_core.package_identification:_identify(src) by extension 'python'
[0.258s] Level 1:colcon.colcon_core.package_identification:_identify(src) by extensions ['python_setup_py']
[0.258s] Level 1:colcon.colcon_core.package_identification:_identify(src) by extension 'python_setup_py'
[0.258s] Level 1:colcon.colcon_core.package_identification:_identify(src/decision_maker_node) by extensions ['ignore', 'ignore_ament_install']
[0.258s] Level 1:colcon.colcon_core.package_identification:_identify(src/decision_maker_node) by extension 'ignore'
[0.258s] Level 1:colcon.colcon_core.package_identification:_identify(src/decision_maker_node) by extension 'ignore_ament_install'
[0.258s] Level 1:colcon.colcon_core.package_identification:_identify(src/decision_maker_node) by extensions ['colcon_pkg']
[0.259s] Level 1:colcon.colcon_core.package_identification:_identify(src/decision_maker_node) by extension 'colcon_pkg'
[0.259s] Level 1:colcon.colcon_core.package_identification:_identify(src/decision_maker_node) by extensions ['colcon_meta']
[0.259s] Level 1:colcon.colcon_core.package_identification:_identify(src/decision_maker_node) by extension 'colcon_meta'
[0.259s] Level 1:colcon.colcon_core.package_identification:_identify(src/decision_maker_node) by extensions ['ros']
[0.259s] Level 1:colcon.colcon_core.package_identification:_identify(src/decision_maker_node) by extension 'ros'
[0.261s] DEBUG:colcon.colcon_core.package_identification:Package 'src/decision_maker_node' with type 'ros.ament_cmake' and name 'decision_maker_node'
[0.261s] Level 1:colcon.colcon_core.package_identification:_identify(src/google_tts_node) by extensions ['ignore', 'ignore_ament_install']
[0.261s] Level 1:colcon.colcon_core.package_identification:_identify(src/google_tts_node) by extension 'ignore'
[0.261s] Level 1:colcon.colcon_core.package_identification:_identify(src/google_tts_node) by extension 'ignore_ament_install'
[0.261s] Level 1:colcon.colcon_core.package_identification:_identify(src/google_tts_node) by extensions ['colcon_pkg']
[0.261s] Level 1:colcon.colcon_core.package_identification:_identify(src/google_tts_node) by extension 'colcon_pkg'
[0.261s] Level 1:colcon.colcon_core.package_identification:_identify(src/google_tts_node) by extensions ['colcon_meta']
[0.261s] Level 1:colcon.colcon_core.package_identification:_identify(src/google_tts_node) by extension 'colcon_meta'
[0.261s] Level 1:colcon.colcon_core.package_identification:_identify(src/google_tts_node) by extensions ['ros']
[0.261s] Level 1:colcon.colcon_core.package_identification:_identify(src/google_tts_node) by extension 'ros'
[0.262s] DEBUG:colcon.colcon_core.package_identification:Package 'src/google_tts_node' with type 'ros.ament_cmake' and name 'google_tts_node'
[0.262s] Level 1:colcon.colcon_core.package_identification:_identify(src/whisper_asr_node) by extensions ['ignore', 'ignore_ament_install']
[0.262s] Level 1:colcon.colcon_core.package_identification:_identify(src/whisper_asr_node) by extension 'ignore'
[0.262s] Level 1:colcon.colcon_core.package_identification:_identify(src/whisper_asr_node) by extension 'ignore_ament_install'
[0.262s] Level 1:colcon.colcon_core.package_identification:_identify(src/whisper_asr_node) by extensions ['colcon_pkg']
[0.262s] Level 1:colcon.colcon_core.package_identification:_identify(src/whisper_asr_node) by extension 'colcon_pkg'
[0.262s] Level 1:colcon.colcon_core.package_identification:_identify(src/whisper_asr_node) by extensions ['colcon_meta']
[0.262s] Level 1:colcon.colcon_core.package_identification:_identify(src/whisper_asr_node) by extension 'colcon_meta'
[0.262s] Level 1:colcon.colcon_core.package_identification:_identify(src/whisper_asr_node) by extensions ['ros']
[0.262s] Level 1:colcon.colcon_core.package_identification:_identify(src/whisper_asr_node) by extension 'ros'
[0.263s] DEBUG:colcon.colcon_core.package_identification:Package 'src/whisper_asr_node' with type 'ros.ament_cmake' and name 'whisper_asr_node'
[0.263s] Level 1:colcon.colcon_core.package_discovery:discover_packages(recursive) using defaults
[0.263s] Level 1:colcon.colcon_core.package_discovery:discover_packages(ignore) discover
[0.263s] Level 1:colcon.colcon_core.package_discovery:discover_packages(ignore) using defaults
[0.263s] Level 1:colcon.colcon_core.package_discovery:discover_packages(path) discover
[0.263s] Level 1:colcon.colcon_core.package_discovery:discover_packages(path) using defaults
[0.286s] INFO:colcon.colcon_core.package_selection:Skipping not selected package 'decision_maker_node' in 'src/decision_maker_node'
[0.286s] INFO:colcon.colcon_core.package_selection:Skipping not selected package 'google_tts_node' in 'src/google_tts_node'
[0.286s] Level 1:colcon.colcon_core.package_discovery:discover_packages(prefix_path) check parameters
[0.286s] Level 1:colcon.colcon_core.package_discovery:discover_packages(prefix_path) discover
[0.288s] DEBUG:colcon.colcon_installed_package_information.package_discovery:Found 3 installed packages in /home/amenephous/df_ws/install
[0.288s] DEBUG:colcon.colcon_installed_package_information.package_discovery:Found 2 installed packages in /home/amenephous/selfdrive_ws/install
[0.288s] DEBUG:colcon.colcon_installed_package_information.package_discovery:Found 6 installed packages in /home/amenephous/ros2_ws/install
[0.289s] DEBUG:colcon.colcon_installed_package_information.package_discovery:Found 3 installed packages in /home/amenephous/turtlebot3_ws/install
[0.290s] DEBUG:colcon.colcon_installed_package_information.package_discovery:Found 383 installed packages in /opt/ros/humble
[0.291s] Level 1:colcon.colcon_core.package_discovery:discover_packages(prefix_path) using defaults
[0.331s] Level 5:colcon.colcon_core.verb:set package 'whisper_asr_node' build argument 'cmake_args' from command line to 'None'
[0.331s] Level 5:colcon.colcon_core.verb:set package 'whisper_asr_node' build argument 'cmake_target' from command line to 'None'
[0.331s] Level 5:colcon.colcon_core.verb:set package 'whisper_asr_node' build argument 'cmake_target_skip_unavailable' from command line to 'False'
[0.331s] Level 5:colcon.colcon_core.verb:set package 'whisper_asr_node' build argument 'cmake_clean_cache' from command line to 'False'
[0.331s] Level 5:colcon.colcon_core.verb:set package 'whisper_asr_node' build argument 'cmake_clean_first' from command line to 'False'
[0.331s] Level 5:colcon.colcon_core.verb:set package 'whisper_asr_node' build argument 'cmake_force_configure' from command line to 'False'
[0.331s] Level 5:colcon.colcon_core.verb:set package 'whisper_asr_node' build argument 'ament_cmake_args' from command line to 'None'
[0.331s] Level 5:colcon.colcon_core.verb:set package 'whisper_asr_node' build argument 'catkin_cmake_args' from command line to 'None'
[0.331s] Level 5:colcon.colcon_core.verb:set package 'whisper_asr_node' build argument 'catkin_skip_building_tests' from command line to 'False'
[0.331s] DEBUG:colcon.colcon_core.verb:Building package 'whisper_asr_node' with the following arguments: {'ament_cmake_args': None, 'build_base': '/home/amenephous/df_ws/build/whisper_asr_node', 'catkin_cmake_args': None, 'catkin_skip_building_tests': False, 'cmake_args': None, 'cmake_clean_cache': False, 'cmake_clean_first': False, 'cmake_force_configure': False, 'cmake_target': None, 'cmake_target_skip_unavailable': False, 'install_base': '/home/amenephous/df_ws/install/whisper_asr_node', 'merge_install': False, 'path': '/home/amenephous/df_ws/src/whisper_asr_node', 'symlink_install': False, 'test_result_base': None}
[0.332s] INFO:colcon.colcon_core.executor:Executing jobs using 'parallel' executor
[0.332s] DEBUG:colcon.colcon_parallel_executor.executor.parallel:run_until_complete
[0.332s] INFO:colcon.colcon_ros.task.ament_cmake.build:Building ROS package in '/home/amenephous/df_ws/src/whisper_asr_node' with build type 'ament_cmake'
[0.332s] INFO:colcon.colcon_cmake.task.cmake.build:Building CMake package in '/home/amenephous/df_ws/src/whisper_asr_node'
[0.334s] INFO:colcon.colcon_core.plugin_system:Skipping extension 'colcon_core.shell.bat': Not used on non-Windows systems
[0.334s] INFO:colcon.colcon_core.shell:Skip shell extension 'powershell' for command environment: Not usable outside of PowerShell
[0.334s] DEBUG:colcon.colcon_core.shell:Skip shell extension 'dsv' for command environment
[0.343s] DEBUG:colcon.colcon_core.event_handler.log_command:Invoking command in '/home/amenephous/df_ws/build/whisper_asr_node': CMAKE_PREFIX_PATH=${CMAKE_PREFIX_PATH}:/home/amenephous/selfdrive_ws/install/self_driving_car_pkg:/home/amenephous/ros2_ws/install/text_to_speech:/opt/ros/humble /usr/bin/cmake --build /home/amenephous/df_ws/build/whisper_asr_node -- -j8 -l8
[3.099s] DEBUG:colcon.colcon_core.event_handler.log_command:Invoked command in '/home/amenephous/df_ws/build/whisper_asr_node' returned '2': CMAKE_PREFIX_PATH=${CMAKE_PREFIX_PATH}:/home/amenephous/selfdrive_ws/install/self_driving_car_pkg:/home/amenephous/ros2_ws/install/text_to_speech:/opt/ros/humble /usr/bin/cmake --build /home/amenephous/df_ws/build/whisper_asr_node -- -j8 -l8
[3.118s] Level 1:colcon.colcon_core.environment:create_environment_scripts_only(whisper_asr_node)
[3.120s] Level 1:colcon.colcon_core.environment:checking '/home/amenephous/df_ws/install/whisper_asr_node' for CMake module files
[3.120s] Level 1:colcon.colcon_core.environment:checking '/home/amenephous/df_ws/install/whisper_asr_node' for CMake config files
[3.120s] Level 1:colcon.colcon_core.shell:create_environment_hook('whisper_asr_node', 'cmake_prefix_path')
[3.121s] INFO:colcon.colcon_core.shell:Creating environment hook '/home/amenephous/df_ws/install/whisper_asr_node/share/whisper_asr_node/hook/cmake_prefix_path.ps1'
[3.121s] INFO:colcon.colcon_core.shell:Creating environment descriptor '/home/amenephous/df_ws/install/whisper_asr_node/share/whisper_asr_node/hook/cmake_prefix_path.dsv'
[3.121s] INFO:colcon.colcon_core.shell:Creating environment hook '/home/amenephous/df_ws/install/whisper_asr_node/share/whisper_asr_node/hook/cmake_prefix_path.sh'
[3.122s] Level 1:colcon.colcon_core.environment:checking '/home/amenephous/df_ws/install/whisper_asr_node/lib'
[3.122s] Level 1:colcon.colcon_core.shell:create_environment_hook('whisper_asr_node', 'ld_library_path_lib')
[3.122s] INFO:colcon.colcon_core.shell:Creating environment hook '/home/amenephous/df_ws/install/whisper_asr_node/share/whisper_asr_node/hook/ld_library_path_lib.ps1'
[3.123s] INFO:colcon.colcon_core.shell:Creating environment descriptor '/home/amenephous/df_ws/install/whisper_asr_node/share/whisper_asr_node/hook/ld_library_path_lib.dsv'
[3.123s] INFO:colcon.colcon_core.shell:Creating environment hook '/home/amenephous/df_ws/install/whisper_asr_node/share/whisper_asr_node/hook/ld_library_path_lib.sh'
[3.123s] Level 1:colcon.colcon_core.environment:checking '/home/amenephous/df_ws/install/whisper_asr_node/bin'
[3.123s] Level 1:colcon.colcon_core.environment:checking '/home/amenephous/df_ws/install/whisper_asr_node/lib/pkgconfig/whisper_asr_node.pc'
[3.123s] Level 1:colcon.colcon_core.environment:checking '/home/amenephous/df_ws/install/whisper_asr_node/lib/python3.10/site-packages'
[3.123s] Level 1:colcon.colcon_core.environment:checking '/home/amenephous/df_ws/install/whisper_asr_node/bin'
[3.124s] INFO:colcon.colcon_core.shell:Creating package script '/home/amenephous/df_ws/install/whisper_asr_node/share/whisper_asr_node/package.ps1'
[3.124s] INFO:colcon.colcon_core.shell:Creating package descriptor '/home/amenephous/df_ws/install/whisper_asr_node/share/whisper_asr_node/package.dsv'
[3.125s] INFO:colcon.colcon_core.shell:Creating package script '/home/amenephous/df_ws/install/whisper_asr_node/share/whisper_asr_node/package.sh'
[3.125s] INFO:colcon.colcon_core.shell:Creating package script '/home/amenephous/df_ws/install/whisper_asr_node/share/whisper_asr_node/package.bash'
[3.126s] INFO:colcon.colcon_core.shell:Creating package script '/home/amenephous/df_ws/install/whisper_asr_node/share/whisper_asr_node/package.zsh'
[3.126s] Level 1:colcon.colcon_core.environment:create_file_with_runtime_dependencies(/home/amenephous/df_ws/install/whisper_asr_node/share/colcon-core/packages/whisper_asr_node)
[3.137s] DEBUG:colcon.colcon_parallel_executor.executor.parallel:closing loop
[3.137s] DEBUG:colcon.colcon_parallel_executor.executor.parallel:loop closed
[3.137s] DEBUG:colcon.colcon_parallel_executor.executor.parallel:run_until_complete finished with '2'
[3.137s] DEBUG:colcon.colcon_core.event_reactor:joining thread
[3.141s] INFO:colcon.colcon_core.plugin_system:Skipping extension 'colcon_notification.desktop_notification.terminal_notifier': Not used on non-Darwin systems
[3.141s] INFO:colcon.colcon_core.plugin_system:Skipping extension 'colcon_notification.desktop_notification.win32': Not used on non-Windows systems
[3.141s] INFO:colcon.colcon_notification.desktop_notification:Sending desktop notification using 'notify2'
[3.149s] DEBUG:colcon.colcon_core.event_reactor:joined thread
[3.149s] INFO:colcon.colcon_core.shell:Creating prefix script '/home/amenephous/df_ws/install/local_setup.ps1'
[3.150s] INFO:colcon.colcon_core.shell:Creating prefix util module '/home/amenephous/df_ws/install/_local_setup_util_ps1.py'
[3.151s] INFO:colcon.colcon_core.shell:Creating prefix chain script '/home/amenephous/df_ws/install/setup.ps1'
[3.152s] INFO:colcon.colcon_core.shell:Creating prefix script '/home/amenephous/df_ws/install/local_setup.sh'
[3.153s] INFO:colcon.colcon_core.shell:Creating prefix util module '/home/amenephous/df_ws/install/_local_setup_util_sh.py'
[3.153s] INFO:colcon.colcon_core.shell:Creating prefix chain script '/home/amenephous/df_ws/install/setup.sh'
[3.154s] INFO:colcon.colcon_core.shell:Creating prefix script '/home/amenephous/df_ws/install/local_setup.bash'
[3.155s] INFO:colcon.colcon_core.shell:Creating prefix chain script '/home/amenephous/df_ws/install/setup.bash'
[3.156s] INFO:colcon.colcon_core.shell:Creating prefix script '/home/amenephous/df_ws/install/local_setup.zsh'
[3.156s] INFO:colcon.colcon_core.shell:Creating prefix chain script '/home/amenephous/df_ws/install/setup.zsh'
