[0.758s] Invoking command in '/home/amenephous/df_ws/build/decision_maker_node': CMAKE_PREFIX_PATH=${CMAKE_PREFIX_PATH}:/home/amenephous/selfdrive_ws/install/self_driving_car_pkg:/home/amenephous/ros2_ws/install/text_to_speech:/opt/ros/humble /usr/bin/cmake --build /home/amenephous/df_ws/build/decision_maker_node -- -j8 -l8
[0.790s] [35m[1mConsolidate compiler generated dependencies of target decision_maker[0m
[1.143s] [ 50%] [32mBuilding CXX object CMakeFiles/decision_maker.dir/src/decision_maker.cpp.o[0m
[15.200s] [100%] [32m[1mLinking CXX executable decision_maker[0m
[15.913s] [100%] Built target decision_maker
[16.552s] Invoked command in '/home/amenephous/df_ws/build/decision_maker_node' returned '0': CMAKE_PREFIX_PATH=${CMAKE_PREFIX_PATH}:/home/amenephous/selfdrive_ws/install/self_driving_car_pkg:/home/amenephous/ros2_ws/install/text_to_speech:/opt/ros/humble /usr/bin/cmake --build /home/amenephous/df_ws/build/decision_maker_node -- -j8 -l8
[16.617s] Invoking command in '/home/amenephous/df_ws/build/decision_maker_node': CMAKE_PREFIX_PATH=${CMAKE_PREFIX_PATH}:/home/amenephous/selfdrive_ws/install/self_driving_car_pkg:/home/amenephous/ros2_ws/install/text_to_speech:/opt/ros/humble /usr/bin/cmake --install /home/amenephous/df_ws/build/decision_maker_node
[16.635s] -- Install configuration: ""
[16.635s] -- Installing: /home/amenephous/df_ws/install/decision_maker_node/lib/decision_maker_node/decision_maker
[16.641s] -- Set runtime path of "/home/amenephous/df_ws/install/decision_maker_node/lib/decision_maker_node/decision_maker" to ""
[16.641s] -- Up-to-date: /home/amenephous/df_ws/install/decision_maker_node/share/ament_index/resource_index/package_run_dependencies/decision_maker_node
[16.641s] -- Up-to-date: /home/amenephous/df_ws/install/decision_maker_node/share/ament_index/resource_index/parent_prefix_path/decision_maker_node
[16.641s] -- Up-to-date: /home/amenephous/df_ws/install/decision_maker_node/share/decision_maker_node/environment/ament_prefix_path.sh
[16.641s] -- Up-to-date: /home/amenephous/df_ws/install/decision_maker_node/share/decision_maker_node/environment/ament_prefix_path.dsv
[16.642s] -- Up-to-date: /home/amenephous/df_ws/install/decision_maker_node/share/decision_maker_node/environment/path.sh
[16.642s] -- Up-to-date: /home/amenephous/df_ws/install/decision_maker_node/share/decision_maker_node/environment/path.dsv
[16.642s] -- Up-to-date: /home/amenephous/df_ws/install/decision_maker_node/share/decision_maker_node/local_setup.bash
[16.642s] -- Up-to-date: /home/amenephous/df_ws/install/decision_maker_node/share/decision_maker_node/local_setup.sh
[16.642s] -- Up-to-date: /home/amenephous/df_ws/install/decision_maker_node/share/decision_maker_node/local_setup.zsh
[16.642s] -- Up-to-date: /home/amenephous/df_ws/install/decision_maker_node/share/decision_maker_node/local_setup.dsv
[16.642s] -- Installing: /home/amenephous/df_ws/install/decision_maker_node/share/decision_maker_node/package.dsv
[16.642s] -- Up-to-date: /home/amenephous/df_ws/install/decision_maker_node/share/ament_index/resource_index/packages/decision_maker_node
[16.642s] -- Up-to-date: /home/amenephous/df_ws/install/decision_maker_node/share/decision_maker_node/cmake/decision_maker_nodeConfig.cmake
[16.642s] -- Up-to-date: /home/amenephous/df_ws/install/decision_maker_node/share/decision_maker_node/cmake/decision_maker_nodeConfig-version.cmake
[16.643s] -- Up-to-date: /home/amenephous/df_ws/install/decision_maker_node/share/decision_maker_node/package.xml
[17.057s] Invoked command in '/home/amenephous/df_ws/build/decision_maker_node' returned '0': CMAKE_PREFIX_PATH=${CMAKE_PREFIX_PATH}:/home/amenephous/selfdrive_ws/install/self_driving_car_pkg:/home/amenephous/ros2_ws/install/text_to_speech:/opt/ros/humble /usr/bin/cmake --install /home/amenephous/df_ws/build/decision_maker_node
