[3.673s] DEBUG:colcon:Command line arguments: ['/usr/bin/colcon', 'build']
[3.673s] DEBUG:colcon:Parsed command line arguments: Namespace(log_base=None, log_level=None, verb_name='build', build_base='build', install_base='install', merge_install=False, symlink_install=False, test_result_base=None, continue_on_error=False, executor='parallel', parallel_workers=8, event_handlers=None, ignore_user_meta=False, metas=['./colcon.meta'], base_paths=['.'], packages_ignore=None, packages_ignore_regex=None, paths=None, packages_up_to=None, packages_up_to_regex=None, packages_above=None, packages_above_and_dependencies=None, packages_above_depth=None, packages_select_by_dep=None, packages_skip_by_dep=None, packages_skip_up_to=None, packages_select_build_failed=False, packages_skip_build_finished=False, packages_select_test_failures=False, packages_skip_test_passed=False, packages_select=None, packages_skip=None, packages_select_regex=None, packages_skip_regex=None, packages_start=None, packages_end=None, allow_overriding=[], cmake_args=None, cmake_target=None, cmake_target_skip_unavailable=False, cmake_clean_cache=False, cmake_clean_first=False, cmake_force_configure=False, ament_cmake_args=None, catkin_cmake_args=None, catkin_skip_building_tests=False, verb_parser=<colcon_defaults.argument_parser.defaults.DefaultArgumentsDecorator object at 0x7ca6cbd36c80>, verb_extension=<colcon_core.verb.build.BuildVerb object at 0x7ca6cbd36950>, main=<bound method BuildVerb.main of <colcon_core.verb.build.BuildVerb object at 0x7ca6cbd36950>>)
[6.175s] Level 1:colcon.colcon_core.package_discovery:discover_packages(colcon_meta) check parameters
[6.175s] Level 1:colcon.colcon_core.package_discovery:discover_packages(recursive) check parameters
[6.175s] Level 1:colcon.colcon_core.package_discovery:discover_packages(ignore) check parameters
[6.175s] Level 1:colcon.colcon_core.package_discovery:discover_packages(path) check parameters
[6.175s] Level 1:colcon.colcon_core.package_discovery:discover_packages(colcon_meta) discover
[6.175s] Level 1:colcon.colcon_core.package_discovery:discover_packages(recursive) discover
[6.175s] INFO:colcon.colcon_core.package_discovery:Crawling recursively for packages in '/home/amenephous/df_ws'
[6.221s] Level 1:colcon.colcon_core.package_identification:_identify(.) by extensions ['ignore', 'ignore_ament_install']
[6.222s] Level 1:colcon.colcon_core.package_identification:_identify(.) by extension 'ignore'
[6.222s] Level 1:colcon.colcon_core.package_identification:_identify(.) by extension 'ignore_ament_install'
[6.222s] Level 1:colcon.colcon_core.package_identification:_identify(.) by extensions ['colcon_pkg']
[6.222s] Level 1:colcon.colcon_core.package_identification:_identify(.) by extension 'colcon_pkg'
[6.222s] Level 1:colcon.colcon_core.package_identification:_identify(.) by extensions ['colcon_meta']
[6.222s] Level 1:colcon.colcon_core.package_identification:_identify(.) by extension 'colcon_meta'
[6.222s] Level 1:colcon.colcon_core.package_identification:_identify(.) by extensions ['ros']
[6.222s] Level 1:colcon.colcon_core.package_identification:_identify(.) by extension 'ros'
[6.247s] Level 1:colcon.colcon_core.package_identification:_identify(.) by extensions ['cmake', 'python']
[6.247s] Level 1:colcon.colcon_core.package_identification:_identify(.) by extension 'cmake'
[6.247s] Level 1:colcon.colcon_core.package_identification:_identify(.) by extension 'python'
[6.247s] Level 1:colcon.colcon_core.package_identification:_identify(.) by extensions ['python_setup_py']
[6.247s] Level 1:colcon.colcon_core.package_identification:_identify(.) by extension 'python_setup_py'
[6.253s] Level 1:colcon.colcon_core.package_identification:_identify(build) by extensions ['ignore', 'ignore_ament_install']
[6.253s] Level 1:colcon.colcon_core.package_identification:_identify(build) by extension 'ignore'
[6.253s] Level 1:colcon.colcon_core.package_identification:_identify(build) ignored
[6.264s] Level 1:colcon.colcon_core.package_identification:_identify(install) by extensions ['ignore', 'ignore_ament_install']
[6.264s] Level 1:colcon.colcon_core.package_identification:_identify(install) by extension 'ignore'
[6.264s] Level 1:colcon.colcon_core.package_identification:_identify(install) ignored
[6.264s] Level 1:colcon.colcon_core.package_identification:_identify(log) by extensions ['ignore', 'ignore_ament_install']
[6.264s] Level 1:colcon.colcon_core.package_identification:_identify(log) by extension 'ignore'
[6.264s] Level 1:colcon.colcon_core.package_identification:_identify(log) ignored
[6.264s] Level 1:colcon.colcon_core.package_identification:_identify(src) by extensions ['ignore', 'ignore_ament_install']
[6.264s] Level 1:colcon.colcon_core.package_identification:_identify(src) by extension 'ignore'
[6.264s] Level 1:colcon.colcon_core.package_identification:_identify(src) by extension 'ignore_ament_install'
[6.265s] Level 1:colcon.colcon_core.package_identification:_identify(src) by extensions ['colcon_pkg']
[6.265s] Level 1:colcon.colcon_core.package_identification:_identify(src) by extension 'colcon_pkg'
[6.265s] Level 1:colcon.colcon_core.package_identification:_identify(src) by extensions ['colcon_meta']
[6.265s] Level 1:colcon.colcon_core.package_identification:_identify(src) by extension 'colcon_meta'
[6.265s] Level 1:colcon.colcon_core.package_identification:_identify(src) by extensions ['ros']
[6.265s] Level 1:colcon.colcon_core.package_identification:_identify(src) by extension 'ros'
[6.265s] Level 1:colcon.colcon_core.package_identification:_identify(src) by extensions ['cmake', 'python']
[6.265s] Level 1:colcon.colcon_core.package_identification:_identify(src) by extension 'cmake'
[6.265s] Level 1:colcon.colcon_core.package_identification:_identify(src) by extension 'python'
[6.265s] Level 1:colcon.colcon_core.package_identification:_identify(src) by extensions ['python_setup_py']
[6.265s] Level 1:colcon.colcon_core.package_identification:_identify(src) by extension 'python_setup_py'
[6.265s] Level 1:colcon.colcon_core.package_identification:_identify(src/decision_maker_node) by extensions ['ignore', 'ignore_ament_install']
[6.265s] Level 1:colcon.colcon_core.package_identification:_identify(src/decision_maker_node) by extension 'ignore'
[6.265s] Level 1:colcon.colcon_core.package_identification:_identify(src/decision_maker_node) by extension 'ignore_ament_install'
[6.265s] Level 1:colcon.colcon_core.package_identification:_identify(src/decision_maker_node) by extensions ['colcon_pkg']
[6.265s] Level 1:colcon.colcon_core.package_identification:_identify(src/decision_maker_node) by extension 'colcon_pkg'
[6.265s] Level 1:colcon.colcon_core.package_identification:_identify(src/decision_maker_node) by extensions ['colcon_meta']
[6.265s] Level 1:colcon.colcon_core.package_identification:_identify(src/decision_maker_node) by extension 'colcon_meta'
[6.265s] Level 1:colcon.colcon_core.package_identification:_identify(src/decision_maker_node) by extensions ['ros']
[6.265s] Level 1:colcon.colcon_core.package_identification:_identify(src/decision_maker_node) by extension 'ros'
[6.267s] DEBUG:colcon.colcon_core.package_identification:Package 'src/decision_maker_node' with type 'ros.ament_cmake' and name 'decision_maker_node'
[6.271s] Level 1:colcon.colcon_core.package_identification:_identify(src/google_tts_node) by extensions ['ignore', 'ignore_ament_install']
[6.272s] Level 1:colcon.colcon_core.package_identification:_identify(src/google_tts_node) by extension 'ignore'
[6.272s] Level 1:colcon.colcon_core.package_identification:_identify(src/google_tts_node) by extension 'ignore_ament_install'
[6.272s] Level 1:colcon.colcon_core.package_identification:_identify(src/google_tts_node) by extensions ['colcon_pkg']
[6.272s] Level 1:colcon.colcon_core.package_identification:_identify(src/google_tts_node) by extension 'colcon_pkg'
[6.272s] Level 1:colcon.colcon_core.package_identification:_identify(src/google_tts_node) by extensions ['colcon_meta']
[6.272s] Level 1:colcon.colcon_core.package_identification:_identify(src/google_tts_node) by extension 'colcon_meta'
[6.272s] Level 1:colcon.colcon_core.package_identification:_identify(src/google_tts_node) by extensions ['ros']
[6.272s] Level 1:colcon.colcon_core.package_identification:_identify(src/google_tts_node) by extension 'ros'
[6.272s] DEBUG:colcon.colcon_core.package_identification:Package 'src/google_tts_node' with type 'ros.ament_cmake' and name 'google_tts_node'
[6.272s] Level 1:colcon.colcon_core.package_identification:_identify(src/whisper_asr_node) by extensions ['ignore', 'ignore_ament_install']
[6.273s] Level 1:colcon.colcon_core.package_identification:_identify(src/whisper_asr_node) by extension 'ignore'
[6.273s] Level 1:colcon.colcon_core.package_identification:_identify(src/whisper_asr_node) by extension 'ignore_ament_install'
[6.273s] Level 1:colcon.colcon_core.package_identification:_identify(src/whisper_asr_node) by extensions ['colcon_pkg']
[6.273s] Level 1:colcon.colcon_core.package_identification:_identify(src/whisper_asr_node) by extension 'colcon_pkg'
[6.273s] Level 1:colcon.colcon_core.package_identification:_identify(src/whisper_asr_node) by extensions ['colcon_meta']
[6.273s] Level 1:colcon.colcon_core.package_identification:_identify(src/whisper_asr_node) by extension 'colcon_meta'
[6.273s] Level 1:colcon.colcon_core.package_identification:_identify(src/whisper_asr_node) by extensions ['ros']
[6.273s] Level 1:colcon.colcon_core.package_identification:_identify(src/whisper_asr_node) by extension 'ros'
[6.273s] DEBUG:colcon.colcon_core.package_identification:Package 'src/whisper_asr_node' with type 'ros.ament_cmake' and name 'whisper_asr_node'
[6.273s] Level 1:colcon.colcon_core.package_discovery:discover_packages(recursive) using defaults
[6.273s] Level 1:colcon.colcon_core.package_discovery:discover_packages(ignore) discover
[6.273s] Level 1:colcon.colcon_core.package_discovery:discover_packages(ignore) using defaults
[6.273s] Level 1:colcon.colcon_core.package_discovery:discover_packages(path) discover
[6.273s] Level 1:colcon.colcon_core.package_discovery:discover_packages(path) using defaults
[6.346s] Level 1:colcon.colcon_core.package_discovery:discover_packages(prefix_path) check parameters
[6.347s] Level 1:colcon.colcon_core.package_discovery:discover_packages(prefix_path) discover
[6.587s] DEBUG:colcon.colcon_installed_package_information.package_discovery:Found 3 installed packages in /home/amenephous/df_ws/install
[6.609s] DEBUG:colcon.colcon_installed_package_information.package_discovery:Found 2 installed packages in /home/amenephous/selfdrive_ws/install
[6.610s] DEBUG:colcon.colcon_installed_package_information.package_discovery:Found 6 installed packages in /home/amenephous/ros2_ws/install
[6.646s] DEBUG:colcon.colcon_installed_package_information.package_discovery:Found 3 installed packages in /home/amenephous/turtlebot3_ws/install
[6.676s] DEBUG:colcon.colcon_installed_package_information.package_discovery:Found 383 installed packages in /opt/ros/humble
[6.677s] Level 1:colcon.colcon_core.package_discovery:discover_packages(prefix_path) using defaults
[6.829s] Level 5:colcon.colcon_core.verb:set package 'decision_maker_node' build argument 'cmake_args' from command line to 'None'
[6.829s] Level 5:colcon.colcon_core.verb:set package 'decision_maker_node' build argument 'cmake_target' from command line to 'None'
[6.829s] Level 5:colcon.colcon_core.verb:set package 'decision_maker_node' build argument 'cmake_target_skip_unavailable' from command line to 'False'
[6.829s] Level 5:colcon.colcon_core.verb:set package 'decision_maker_node' build argument 'cmake_clean_cache' from command line to 'False'
[6.829s] Level 5:colcon.colcon_core.verb:set package 'decision_maker_node' build argument 'cmake_clean_first' from command line to 'False'
[6.829s] Level 5:colcon.colcon_core.verb:set package 'decision_maker_node' build argument 'cmake_force_configure' from command line to 'False'
[6.829s] Level 5:colcon.colcon_core.verb:set package 'decision_maker_node' build argument 'ament_cmake_args' from command line to 'None'
[6.829s] Level 5:colcon.colcon_core.verb:set package 'decision_maker_node' build argument 'catkin_cmake_args' from command line to 'None'
[6.829s] Level 5:colcon.colcon_core.verb:set package 'decision_maker_node' build argument 'catkin_skip_building_tests' from command line to 'False'
[6.829s] DEBUG:colcon.colcon_core.verb:Building package 'decision_maker_node' with the following arguments: {'ament_cmake_args': None, 'build_base': '/home/amenephous/df_ws/build/decision_maker_node', 'catkin_cmake_args': None, 'catkin_skip_building_tests': False, 'cmake_args': None, 'cmake_clean_cache': False, 'cmake_clean_first': False, 'cmake_force_configure': False, 'cmake_target': None, 'cmake_target_skip_unavailable': False, 'install_base': '/home/amenephous/df_ws/install/decision_maker_node', 'merge_install': False, 'path': '/home/amenephous/df_ws/src/decision_maker_node', 'symlink_install': False, 'test_result_base': None}
[6.829s] Level 5:colcon.colcon_core.verb:set package 'google_tts_node' build argument 'cmake_args' from command line to 'None'
[6.829s] Level 5:colcon.colcon_core.verb:set package 'google_tts_node' build argument 'cmake_target' from command line to 'None'
[6.829s] Level 5:colcon.colcon_core.verb:set package 'google_tts_node' build argument 'cmake_target_skip_unavailable' from command line to 'False'
[6.829s] Level 5:colcon.colcon_core.verb:set package 'google_tts_node' build argument 'cmake_clean_cache' from command line to 'False'
[6.829s] Level 5:colcon.colcon_core.verb:set package 'google_tts_node' build argument 'cmake_clean_first' from command line to 'False'
[6.829s] Level 5:colcon.colcon_core.verb:set package 'google_tts_node' build argument 'cmake_force_configure' from command line to 'False'
[6.829s] Level 5:colcon.colcon_core.verb:set package 'google_tts_node' build argument 'ament_cmake_args' from command line to 'None'
[6.829s] Level 5:colcon.colcon_core.verb:set package 'google_tts_node' build argument 'catkin_cmake_args' from command line to 'None'
[6.829s] Level 5:colcon.colcon_core.verb:set package 'google_tts_node' build argument 'catkin_skip_building_tests' from command line to 'False'
[6.829s] DEBUG:colcon.colcon_core.verb:Building package 'google_tts_node' with the following arguments: {'ament_cmake_args': None, 'build_base': '/home/amenephous/df_ws/build/google_tts_node', 'catkin_cmake_args': None, 'catkin_skip_building_tests': False, 'cmake_args': None, 'cmake_clean_cache': False, 'cmake_clean_first': False, 'cmake_force_configure': False, 'cmake_target': None, 'cmake_target_skip_unavailable': False, 'install_base': '/home/amenephous/df_ws/install/google_tts_node', 'merge_install': False, 'path': '/home/amenephous/df_ws/src/google_tts_node', 'symlink_install': False, 'test_result_base': None}
[6.830s] Level 5:colcon.colcon_core.verb:set package 'whisper_asr_node' build argument 'cmake_args' from command line to 'None'
[6.830s] Level 5:colcon.colcon_core.verb:set package 'whisper_asr_node' build argument 'cmake_target' from command line to 'None'
[6.830s] Level 5:colcon.colcon_core.verb:set package 'whisper_asr_node' build argument 'cmake_target_skip_unavailable' from command line to 'False'
[6.830s] Level 5:colcon.colcon_core.verb:set package 'whisper_asr_node' build argument 'cmake_clean_cache' from command line to 'False'
[6.830s] Level 5:colcon.colcon_core.verb:set package 'whisper_asr_node' build argument 'cmake_clean_first' from command line to 'False'
[6.830s] Level 5:colcon.colcon_core.verb:set package 'whisper_asr_node' build argument 'cmake_force_configure' from command line to 'False'
[6.830s] Level 5:colcon.colcon_core.verb:set package 'whisper_asr_node' build argument 'ament_cmake_args' from command line to 'None'
[6.830s] Level 5:colcon.colcon_core.verb:set package 'whisper_asr_node' build argument 'catkin_cmake_args' from command line to 'None'
[6.830s] Level 5:colcon.colcon_core.verb:set package 'whisper_asr_node' build argument 'catkin_skip_building_tests' from command line to 'False'
[6.830s] DEBUG:colcon.colcon_core.verb:Building package 'whisper_asr_node' with the following arguments: {'ament_cmake_args': None, 'build_base': '/home/amenephous/df_ws/build/whisper_asr_node', 'catkin_cmake_args': None, 'catkin_skip_building_tests': False, 'cmake_args': None, 'cmake_clean_cache': False, 'cmake_clean_first': False, 'cmake_force_configure': False, 'cmake_target': None, 'cmake_target_skip_unavailable': False, 'install_base': '/home/amenephous/df_ws/install/whisper_asr_node', 'merge_install': False, 'path': '/home/amenephous/df_ws/src/whisper_asr_node', 'symlink_install': False, 'test_result_base': None}
[6.830s] INFO:colcon.colcon_core.executor:Executing jobs using 'parallel' executor
[6.831s] DEBUG:colcon.colcon_parallel_executor.executor.parallel:run_until_complete
[6.831s] INFO:colcon.colcon_ros.task.ament_cmake.build:Building ROS package in '/home/amenephous/df_ws/src/decision_maker_node' with build type 'ament_cmake'
[6.831s] INFO:colcon.colcon_cmake.task.cmake.build:Building CMake package in '/home/amenephous/df_ws/src/decision_maker_node'
[6.926s] INFO:colcon.colcon_core.plugin_system:Skipping extension 'colcon_core.shell.bat': Not used on non-Windows systems
[6.926s] INFO:colcon.colcon_core.shell:Skip shell extension 'powershell' for command environment: Not usable outside of PowerShell
[6.926s] DEBUG:colcon.colcon_core.shell:Skip shell extension 'dsv' for command environment
[6.930s] INFO:colcon.colcon_ros.task.ament_cmake.build:Building ROS package in '/home/amenephous/df_ws/src/google_tts_node' with build type 'ament_cmake'
[6.931s] INFO:colcon.colcon_cmake.task.cmake.build:Building CMake package in '/home/amenephous/df_ws/src/google_tts_node'
[6.931s] INFO:colcon.colcon_core.shell:Skip shell extension 'powershell' for command environment: Not usable outside of PowerShell
[6.931s] DEBUG:colcon.colcon_core.shell:Skip shell extension 'dsv' for command environment
[6.935s] INFO:colcon.colcon_ros.task.ament_cmake.build:Building ROS package in '/home/amenephous/df_ws/src/whisper_asr_node' with build type 'ament_cmake'
[6.935s] INFO:colcon.colcon_cmake.task.cmake.build:Building CMake package in '/home/amenephous/df_ws/src/whisper_asr_node'
[6.935s] INFO:colcon.colcon_core.shell:Skip shell extension 'powershell' for command environment: Not usable outside of PowerShell
[6.935s] DEBUG:colcon.colcon_core.shell:Skip shell extension 'dsv' for command environment
[6.943s] DEBUG:colcon.colcon_core.event_handler.log_command:Invoking command in '/home/amenephous/df_ws/build/decision_maker_node': CMAKE_PREFIX_PATH=${CMAKE_PREFIX_PATH}:/home/amenephous/selfdrive_ws/install/self_driving_car_pkg:/home/amenephous/ros2_ws/install/text_to_speech:/opt/ros/humble /usr/bin/cmake --build /home/amenephous/df_ws/build/decision_maker_node -- -j8 -l8
[6.946s] DEBUG:colcon.colcon_core.event_handler.log_command:Invoking command in '/home/amenephous/df_ws/build/google_tts_node': CMAKE_PREFIX_PATH=${CMAKE_PREFIX_PATH}:/home/amenephous/selfdrive_ws/install/self_driving_car_pkg:/home/amenephous/ros2_ws/install/text_to_speech:/opt/ros/humble /usr/bin/cmake --build /home/amenephous/df_ws/build/google_tts_node -- -j8 -l8
[6.949s] DEBUG:colcon.colcon_core.event_handler.log_command:Invoking command in '/home/amenephous/df_ws/build/whisper_asr_node': CMAKE_PREFIX_PATH=${CMAKE_PREFIX_PATH}:/home/amenephous/selfdrive_ws/install/self_driving_car_pkg:/home/amenephous/ros2_ws/install/text_to_speech:/opt/ros/humble /usr/bin/cmake --build /home/amenephous/df_ws/build/whisper_asr_node -- -j8 -l8
[7.183s] DEBUG:colcon.colcon_core.event_handler.log_command:Invoked command in '/home/amenephous/df_ws/build/whisper_asr_node' returned '0': CMAKE_PREFIX_PATH=${CMAKE_PREFIX_PATH}:/home/amenephous/selfdrive_ws/install/self_driving_car_pkg:/home/amenephous/ros2_ws/install/text_to_speech:/opt/ros/humble /usr/bin/cmake --build /home/amenephous/df_ws/build/whisper_asr_node -- -j8 -l8
[7.207s] DEBUG:colcon.colcon_core.event_handler.log_command:Invoking command in '/home/amenephous/df_ws/build/whisper_asr_node': CMAKE_PREFIX_PATH=${CMAKE_PREFIX_PATH}:/home/amenephous/selfdrive_ws/install/self_driving_car_pkg:/home/amenephous/ros2_ws/install/text_to_speech:/opt/ros/humble /usr/bin/cmake --install /home/amenephous/df_ws/build/whisper_asr_node
[7.207s] DEBUG:colcon.colcon_core.event_handler.log_command:Invoked command in '/home/amenephous/df_ws/build/decision_maker_node' returned '0': CMAKE_PREFIX_PATH=${CMAKE_PREFIX_PATH}:/home/amenephous/selfdrive_ws/install/self_driving_car_pkg:/home/amenephous/ros2_ws/install/text_to_speech:/opt/ros/humble /usr/bin/cmake --build /home/amenephous/df_ws/build/decision_maker_node -- -j8 -l8
[7.225s] DEBUG:colcon.colcon_core.event_handler.log_command:Invoking command in '/home/amenephous/df_ws/build/decision_maker_node': CMAKE_PREFIX_PATH=${CMAKE_PREFIX_PATH}:/home/amenephous/selfdrive_ws/install/self_driving_car_pkg:/home/amenephous/ros2_ws/install/text_to_speech:/opt/ros/humble /usr/bin/cmake --install /home/amenephous/df_ws/build/decision_maker_node
[7.240s] Level 1:colcon.colcon_core.environment:create_environment_scripts_only(whisper_asr_node)
[7.240s] DEBUG:colcon.colcon_core.event_handler.log_command:Invoked command in '/home/amenephous/df_ws/build/whisper_asr_node' returned '0': CMAKE_PREFIX_PATH=${CMAKE_PREFIX_PATH}:/home/amenephous/selfdrive_ws/install/self_driving_car_pkg:/home/amenephous/ros2_ws/install/text_to_speech:/opt/ros/humble /usr/bin/cmake --install /home/amenephous/df_ws/build/whisper_asr_node
[7.413s] Level 1:colcon.colcon_core.environment:checking '/home/amenephous/df_ws/install/whisper_asr_node' for CMake module files
[7.461s] Level 1:colcon.colcon_core.environment:checking '/home/amenephous/df_ws/install/whisper_asr_node' for CMake config files
[7.483s] Level 1:colcon.colcon_core.shell:create_environment_hook('whisper_asr_node', 'cmake_prefix_path')
[7.483s] INFO:colcon.colcon_core.shell:Creating environment hook '/home/amenephous/df_ws/install/whisper_asr_node/share/whisper_asr_node/hook/cmake_prefix_path.ps1'
[7.484s] INFO:colcon.colcon_core.shell:Creating environment descriptor '/home/amenephous/df_ws/install/whisper_asr_node/share/whisper_asr_node/hook/cmake_prefix_path.dsv'
[7.484s] INFO:colcon.colcon_core.shell:Creating environment hook '/home/amenephous/df_ws/install/whisper_asr_node/share/whisper_asr_node/hook/cmake_prefix_path.sh'
[7.485s] Level 1:colcon.colcon_core.environment:checking '/home/amenephous/df_ws/install/whisper_asr_node/lib'
[7.485s] Level 1:colcon.colcon_core.environment:checking '/home/amenephous/df_ws/install/whisper_asr_node/bin'
[7.485s] Level 1:colcon.colcon_core.environment:checking '/home/amenephous/df_ws/install/whisper_asr_node/lib/pkgconfig/whisper_asr_node.pc'
[7.485s] Level 1:colcon.colcon_core.environment:checking '/home/amenephous/df_ws/install/whisper_asr_node/lib/python3.10/site-packages'
[7.486s] Level 1:colcon.colcon_core.environment:checking '/home/amenephous/df_ws/install/whisper_asr_node/bin'
[7.486s] INFO:colcon.colcon_core.shell:Creating package script '/home/amenephous/df_ws/install/whisper_asr_node/share/whisper_asr_node/package.ps1'
[7.486s] INFO:colcon.colcon_core.shell:Creating package descriptor '/home/amenephous/df_ws/install/whisper_asr_node/share/whisper_asr_node/package.dsv'
[7.487s] INFO:colcon.colcon_core.shell:Creating package script '/home/amenephous/df_ws/install/whisper_asr_node/share/whisper_asr_node/package.sh'
[7.487s] INFO:colcon.colcon_core.shell:Creating package script '/home/amenephous/df_ws/install/whisper_asr_node/share/whisper_asr_node/package.bash'
[7.488s] INFO:colcon.colcon_core.shell:Creating package script '/home/amenephous/df_ws/install/whisper_asr_node/share/whisper_asr_node/package.zsh'
[7.488s] Level 1:colcon.colcon_core.environment:create_file_with_runtime_dependencies(/home/amenephous/df_ws/install/whisper_asr_node/share/colcon-core/packages/whisper_asr_node)
[7.490s] DEBUG:colcon.colcon_core.event_handler.log_command:Invoked command in '/home/amenephous/df_ws/build/google_tts_node' returned '0': CMAKE_PREFIX_PATH=${CMAKE_PREFIX_PATH}:/home/amenephous/selfdrive_ws/install/self_driving_car_pkg:/home/amenephous/ros2_ws/install/text_to_speech:/opt/ros/humble /usr/bin/cmake --build /home/amenephous/df_ws/build/google_tts_node -- -j8 -l8
[7.490s] Level 1:colcon.colcon_core.environment:create_environment_scripts_only(decision_maker_node)
[7.491s] Level 1:colcon.colcon_core.environment:checking '/home/amenephous/df_ws/install/decision_maker_node' for CMake module files
[7.491s] DEBUG:colcon.colcon_core.event_handler.log_command:Invoked command in '/home/amenephous/df_ws/build/decision_maker_node' returned '0': CMAKE_PREFIX_PATH=${CMAKE_PREFIX_PATH}:/home/amenephous/selfdrive_ws/install/self_driving_car_pkg:/home/amenephous/ros2_ws/install/text_to_speech:/opt/ros/humble /usr/bin/cmake --install /home/amenephous/df_ws/build/decision_maker_node
[7.504s] Level 1:colcon.colcon_core.environment:checking '/home/amenephous/df_ws/install/decision_maker_node' for CMake config files
[7.527s] Level 1:colcon.colcon_core.shell:create_environment_hook('decision_maker_node', 'cmake_prefix_path')
[7.527s] INFO:colcon.colcon_core.shell:Creating environment hook '/home/amenephous/df_ws/install/decision_maker_node/share/decision_maker_node/hook/cmake_prefix_path.ps1'
[7.527s] INFO:colcon.colcon_core.shell:Creating environment descriptor '/home/amenephous/df_ws/install/decision_maker_node/share/decision_maker_node/hook/cmake_prefix_path.dsv'
[7.528s] INFO:colcon.colcon_core.shell:Creating environment hook '/home/amenephous/df_ws/install/decision_maker_node/share/decision_maker_node/hook/cmake_prefix_path.sh'
[7.528s] Level 1:colcon.colcon_core.environment:checking '/home/amenephous/df_ws/install/decision_maker_node/lib'
[7.528s] Level 1:colcon.colcon_core.environment:checking '/home/amenephous/df_ws/install/decision_maker_node/bin'
[7.528s] Level 1:colcon.colcon_core.environment:checking '/home/amenephous/df_ws/install/decision_maker_node/lib/pkgconfig/decision_maker_node.pc'
[7.528s] Level 1:colcon.colcon_core.environment:checking '/home/amenephous/df_ws/install/decision_maker_node/lib/python3.10/site-packages'
[7.528s] Level 1:colcon.colcon_core.environment:checking '/home/amenephous/df_ws/install/decision_maker_node/bin'
[7.529s] INFO:colcon.colcon_core.shell:Creating package script '/home/amenephous/df_ws/install/decision_maker_node/share/decision_maker_node/package.ps1'
[7.529s] INFO:colcon.colcon_core.shell:Creating package descriptor '/home/amenephous/df_ws/install/decision_maker_node/share/decision_maker_node/package.dsv'
[7.529s] INFO:colcon.colcon_core.shell:Creating package script '/home/amenephous/df_ws/install/decision_maker_node/share/decision_maker_node/package.sh'
[7.530s] INFO:colcon.colcon_core.shell:Creating package script '/home/amenephous/df_ws/install/decision_maker_node/share/decision_maker_node/package.bash'
[7.530s] INFO:colcon.colcon_core.shell:Creating package script '/home/amenephous/df_ws/install/decision_maker_node/share/decision_maker_node/package.zsh'
[7.530s] Level 1:colcon.colcon_core.environment:create_file_with_runtime_dependencies(/home/amenephous/df_ws/install/decision_maker_node/share/colcon-core/packages/decision_maker_node)
[7.531s] Level 1:colcon.colcon_core.environment:create_environment_scripts_only(whisper_asr_node)
[7.531s] Level 1:colcon.colcon_core.environment:checking '/home/amenephous/df_ws/install/whisper_asr_node' for CMake module files
[7.532s] Level 1:colcon.colcon_core.environment:checking '/home/amenephous/df_ws/install/whisper_asr_node' for CMake config files
[7.532s] Level 1:colcon.colcon_core.shell:create_environment_hook('whisper_asr_node', 'cmake_prefix_path')
[7.532s] INFO:colcon.colcon_core.shell:Creating environment hook '/home/amenephous/df_ws/install/whisper_asr_node/share/whisper_asr_node/hook/cmake_prefix_path.ps1'
[7.533s] INFO:colcon.colcon_core.shell:Creating environment descriptor '/home/amenephous/df_ws/install/whisper_asr_node/share/whisper_asr_node/hook/cmake_prefix_path.dsv'
[7.533s] INFO:colcon.colcon_core.shell:Creating environment hook '/home/amenephous/df_ws/install/whisper_asr_node/share/whisper_asr_node/hook/cmake_prefix_path.sh'
[7.533s] Level 1:colcon.colcon_core.environment:checking '/home/amenephous/df_ws/install/whisper_asr_node/lib'
[7.533s] Level 1:colcon.colcon_core.environment:checking '/home/amenephous/df_ws/install/whisper_asr_node/bin'
[7.533s] Level 1:colcon.colcon_core.environment:checking '/home/amenephous/df_ws/install/whisper_asr_node/lib/pkgconfig/whisper_asr_node.pc'
[7.533s] Level 1:colcon.colcon_core.environment:checking '/home/amenephous/df_ws/install/whisper_asr_node/lib/python3.10/site-packages'
[7.534s] Level 1:colcon.colcon_core.environment:checking '/home/amenephous/df_ws/install/whisper_asr_node/bin'
[7.534s] INFO:colcon.colcon_core.shell:Creating package script '/home/amenephous/df_ws/install/whisper_asr_node/share/whisper_asr_node/package.ps1'
[7.534s] INFO:colcon.colcon_core.shell:Creating package descriptor '/home/amenephous/df_ws/install/whisper_asr_node/share/whisper_asr_node/package.dsv'
[7.535s] INFO:colcon.colcon_core.shell:Creating package script '/home/amenephous/df_ws/install/whisper_asr_node/share/whisper_asr_node/package.sh'
[7.535s] INFO:colcon.colcon_core.shell:Creating package script '/home/amenephous/df_ws/install/whisper_asr_node/share/whisper_asr_node/package.bash'
[7.535s] INFO:colcon.colcon_core.shell:Creating package script '/home/amenephous/df_ws/install/whisper_asr_node/share/whisper_asr_node/package.zsh'
[7.535s] Level 1:colcon.colcon_core.environment:create_file_with_runtime_dependencies(/home/amenephous/df_ws/install/whisper_asr_node/share/colcon-core/packages/whisper_asr_node)
[7.537s] DEBUG:colcon.colcon_core.event_handler.log_command:Invoking command in '/home/amenephous/df_ws/build/google_tts_node': CMAKE_PREFIX_PATH=${CMAKE_PREFIX_PATH}:/home/amenephous/selfdrive_ws/install/self_driving_car_pkg:/home/amenephous/ros2_ws/install/text_to_speech:/opt/ros/humble /usr/bin/cmake --install /home/amenephous/df_ws/build/google_tts_node
[7.547s] Level 1:colcon.colcon_core.environment:create_environment_scripts_only(decision_maker_node)
[7.547s] Level 1:colcon.colcon_core.environment:checking '/home/amenephous/df_ws/install/decision_maker_node' for CMake module files
[7.548s] Level 1:colcon.colcon_core.environment:checking '/home/amenephous/df_ws/install/decision_maker_node' for CMake config files
[7.548s] Level 1:colcon.colcon_core.shell:create_environment_hook('decision_maker_node', 'cmake_prefix_path')
[7.548s] INFO:colcon.colcon_core.shell:Creating environment hook '/home/amenephous/df_ws/install/decision_maker_node/share/decision_maker_node/hook/cmake_prefix_path.ps1'
[7.548s] INFO:colcon.colcon_core.shell:Creating environment descriptor '/home/amenephous/df_ws/install/decision_maker_node/share/decision_maker_node/hook/cmake_prefix_path.dsv'
[7.549s] INFO:colcon.colcon_core.shell:Creating environment hook '/home/amenephous/df_ws/install/decision_maker_node/share/decision_maker_node/hook/cmake_prefix_path.sh'
[7.549s] Level 1:colcon.colcon_core.environment:checking '/home/amenephous/df_ws/install/decision_maker_node/lib'
[7.549s] Level 1:colcon.colcon_core.environment:checking '/home/amenephous/df_ws/install/decision_maker_node/bin'
[7.549s] Level 1:colcon.colcon_core.environment:checking '/home/amenephous/df_ws/install/decision_maker_node/lib/pkgconfig/decision_maker_node.pc'
[7.549s] Level 1:colcon.colcon_core.environment:checking '/home/amenephous/df_ws/install/decision_maker_node/lib/python3.10/site-packages'
[7.549s] Level 1:colcon.colcon_core.environment:checking '/home/amenephous/df_ws/install/decision_maker_node/bin'
[7.550s] INFO:colcon.colcon_core.shell:Creating package script '/home/amenephous/df_ws/install/decision_maker_node/share/decision_maker_node/package.ps1'
[7.550s] INFO:colcon.colcon_core.shell:Creating package descriptor '/home/amenephous/df_ws/install/decision_maker_node/share/decision_maker_node/package.dsv'
[7.550s] INFO:colcon.colcon_core.shell:Creating package script '/home/amenephous/df_ws/install/decision_maker_node/share/decision_maker_node/package.sh'
[7.551s] INFO:colcon.colcon_core.shell:Creating package script '/home/amenephous/df_ws/install/decision_maker_node/share/decision_maker_node/package.bash'
[7.551s] INFO:colcon.colcon_core.shell:Creating package script '/home/amenephous/df_ws/install/decision_maker_node/share/decision_maker_node/package.zsh'
[7.551s] Level 1:colcon.colcon_core.environment:create_file_with_runtime_dependencies(/home/amenephous/df_ws/install/decision_maker_node/share/colcon-core/packages/decision_maker_node)
[7.566s] Level 1:colcon.colcon_core.environment:create_environment_scripts_only(google_tts_node)
[7.566s] Level 1:colcon.colcon_core.environment:checking '/home/amenephous/df_ws/install/google_tts_node' for CMake module files
[7.566s] DEBUG:colcon.colcon_core.event_handler.log_command:Invoked command in '/home/amenephous/df_ws/build/google_tts_node' returned '0': CMAKE_PREFIX_PATH=${CMAKE_PREFIX_PATH}:/home/amenephous/selfdrive_ws/install/self_driving_car_pkg:/home/amenephous/ros2_ws/install/text_to_speech:/opt/ros/humble /usr/bin/cmake --install /home/amenephous/df_ws/build/google_tts_node
[7.583s] Level 1:colcon.colcon_core.environment:checking '/home/amenephous/df_ws/install/google_tts_node' for CMake config files
[7.606s] Level 1:colcon.colcon_core.shell:create_environment_hook('google_tts_node', 'cmake_prefix_path')
[7.606s] INFO:colcon.colcon_core.shell:Creating environment hook '/home/amenephous/df_ws/install/google_tts_node/share/google_tts_node/hook/cmake_prefix_path.ps1'
[7.607s] INFO:colcon.colcon_core.shell:Creating environment descriptor '/home/amenephous/df_ws/install/google_tts_node/share/google_tts_node/hook/cmake_prefix_path.dsv'
[7.607s] INFO:colcon.colcon_core.shell:Creating environment hook '/home/amenephous/df_ws/install/google_tts_node/share/google_tts_node/hook/cmake_prefix_path.sh'
[7.607s] Level 1:colcon.colcon_core.environment:checking '/home/amenephous/df_ws/install/google_tts_node/lib'
[7.607s] Level 1:colcon.colcon_core.environment:checking '/home/amenephous/df_ws/install/google_tts_node/bin'
[7.607s] Level 1:colcon.colcon_core.environment:checking '/home/amenephous/df_ws/install/google_tts_node/lib/pkgconfig/google_tts_node.pc'
[7.607s] Level 1:colcon.colcon_core.environment:checking '/home/amenephous/df_ws/install/google_tts_node/lib/python3.10/site-packages'
[7.608s] Level 1:colcon.colcon_core.environment:checking '/home/amenephous/df_ws/install/google_tts_node/bin'
[7.608s] INFO:colcon.colcon_core.shell:Creating package script '/home/amenephous/df_ws/install/google_tts_node/share/google_tts_node/package.ps1'
[7.608s] INFO:colcon.colcon_core.shell:Creating package descriptor '/home/amenephous/df_ws/install/google_tts_node/share/google_tts_node/package.dsv'
[7.608s] INFO:colcon.colcon_core.shell:Creating package script '/home/amenephous/df_ws/install/google_tts_node/share/google_tts_node/package.sh'
[7.609s] INFO:colcon.colcon_core.shell:Creating package script '/home/amenephous/df_ws/install/google_tts_node/share/google_tts_node/package.bash'
[7.609s] INFO:colcon.colcon_core.shell:Creating package script '/home/amenephous/df_ws/install/google_tts_node/share/google_tts_node/package.zsh'
[7.609s] Level 1:colcon.colcon_core.environment:create_file_with_runtime_dependencies(/home/amenephous/df_ws/install/google_tts_node/share/colcon-core/packages/google_tts_node)
[7.626s] Level 1:colcon.colcon_core.environment:create_environment_scripts_only(google_tts_node)
[7.626s] Level 1:colcon.colcon_core.environment:checking '/home/amenephous/df_ws/install/google_tts_node' for CMake module files
[7.627s] Level 1:colcon.colcon_core.environment:checking '/home/amenephous/df_ws/install/google_tts_node' for CMake config files
[7.627s] Level 1:colcon.colcon_core.shell:create_environment_hook('google_tts_node', 'cmake_prefix_path')
[7.627s] INFO:colcon.colcon_core.shell:Creating environment hook '/home/amenephous/df_ws/install/google_tts_node/share/google_tts_node/hook/cmake_prefix_path.ps1'
[7.627s] INFO:colcon.colcon_core.shell:Creating environment descriptor '/home/amenephous/df_ws/install/google_tts_node/share/google_tts_node/hook/cmake_prefix_path.dsv'
[7.627s] INFO:colcon.colcon_core.shell:Creating environment hook '/home/amenephous/df_ws/install/google_tts_node/share/google_tts_node/hook/cmake_prefix_path.sh'
[7.628s] Level 1:colcon.colcon_core.environment:checking '/home/amenephous/df_ws/install/google_tts_node/lib'
[7.628s] Level 1:colcon.colcon_core.environment:checking '/home/amenephous/df_ws/install/google_tts_node/bin'
[7.628s] Level 1:colcon.colcon_core.environment:checking '/home/amenephous/df_ws/install/google_tts_node/lib/pkgconfig/google_tts_node.pc'
[7.628s] Level 1:colcon.colcon_core.environment:checking '/home/amenephous/df_ws/install/google_tts_node/lib/python3.10/site-packages'
[7.628s] Level 1:colcon.colcon_core.environment:checking '/home/amenephous/df_ws/install/google_tts_node/bin'
[7.628s] INFO:colcon.colcon_core.shell:Creating package script '/home/amenephous/df_ws/install/google_tts_node/share/google_tts_node/package.ps1'
[7.629s] INFO:colcon.colcon_core.shell:Creating package descriptor '/home/amenephous/df_ws/install/google_tts_node/share/google_tts_node/package.dsv'
[7.629s] INFO:colcon.colcon_core.shell:Creating package script '/home/amenephous/df_ws/install/google_tts_node/share/google_tts_node/package.sh'
[7.629s] INFO:colcon.colcon_core.shell:Creating package script '/home/amenephous/df_ws/install/google_tts_node/share/google_tts_node/package.bash'
[7.630s] INFO:colcon.colcon_core.shell:Creating package script '/home/amenephous/df_ws/install/google_tts_node/share/google_tts_node/package.zsh'
[7.630s] Level 1:colcon.colcon_core.environment:create_file_with_runtime_dependencies(/home/amenephous/df_ws/install/google_tts_node/share/colcon-core/packages/google_tts_node)
[7.630s] DEBUG:colcon.colcon_parallel_executor.executor.parallel:closing loop
[7.630s] DEBUG:colcon.colcon_parallel_executor.executor.parallel:loop closed
[7.631s] DEBUG:colcon.colcon_parallel_executor.executor.parallel:run_until_complete finished with '0'
[7.631s] DEBUG:colcon.colcon_core.event_reactor:joining thread
[7.635s] INFO:colcon.colcon_core.plugin_system:Skipping extension 'colcon_notification.desktop_notification.terminal_notifier': Not used on non-Darwin systems
[7.635s] INFO:colcon.colcon_core.plugin_system:Skipping extension 'colcon_notification.desktop_notification.win32': Not used on non-Windows systems
[7.635s] INFO:colcon.colcon_notification.desktop_notification:Sending desktop notification using 'notify2'
[7.647s] DEBUG:colcon.colcon_core.event_reactor:joined thread
[7.647s] INFO:colcon.colcon_core.shell:Creating prefix script '/home/amenephous/df_ws/install/local_setup.ps1'
[7.648s] INFO:colcon.colcon_core.shell:Creating prefix util module '/home/amenephous/df_ws/install/_local_setup_util_ps1.py'
[7.650s] INFO:colcon.colcon_core.shell:Creating prefix chain script '/home/amenephous/df_ws/install/setup.ps1'
[7.653s] INFO:colcon.colcon_core.shell:Creating prefix script '/home/amenephous/df_ws/install/local_setup.sh'
[7.654s] INFO:colcon.colcon_core.shell:Creating prefix util module '/home/amenephous/df_ws/install/_local_setup_util_sh.py'
[7.655s] INFO:colcon.colcon_core.shell:Creating prefix chain script '/home/amenephous/df_ws/install/setup.sh'
[7.657s] INFO:colcon.colcon_core.shell:Creating prefix script '/home/amenephous/df_ws/install/local_setup.bash'
[7.659s] INFO:colcon.colcon_core.shell:Creating prefix chain script '/home/amenephous/df_ws/install/setup.bash'
[7.661s] INFO:colcon.colcon_core.shell:Creating prefix script '/home/amenephous/df_ws/install/local_setup.zsh'
[7.662s] INFO:colcon.colcon_core.shell:Creating prefix chain script '/home/amenephous/df_ws/install/setup.zsh'
