[0.344s] Invoking command in '/home/amenephous/df_ws/build/google_tts_node': CMAKE_PREFIX_PATH=${CMAKE_PREFIX_PATH}:/home/amenephous/selfdrive_ws/install/self_driving_car_pkg:/home/amenephous/ros2_ws/install/text_to_speech:/opt/ros/humble /usr/bin/cmake --build /home/amenephous/df_ws/build/google_tts_node -- -j8 -l8
[0.388s] [100%] Built target google_tts
[1.044s] Invoked command in '/home/amenephous/df_ws/build/google_tts_node' returned '0': CMAKE_PREFIX_PATH=${CMAKE_PREFIX_PATH}:/home/amenephous/selfdrive_ws/install/self_driving_car_pkg:/home/amenephous/ros2_ws/install/text_to_speech:/opt/ros/humble /usr/bin/cmake --build /home/amenephous/df_ws/build/google_tts_node -- -j8 -l8
[1.070s] Invoking command in '/home/amenephous/df_ws/build/google_tts_node': CMAKE_PREFIX_PATH=${CMAKE_PREFIX_PATH}:/home/amenephous/selfdrive_ws/install/self_driving_car_pkg:/home/amenephous/ros2_ws/install/text_to_speech:/opt/ros/humble /usr/bin/cmake --install /home/amenephous/df_ws/build/google_tts_node
[1.075s] -- Install configuration: ""
[1.075s] -- Up-to-date: /home/amenephous/df_ws/install/google_tts_node/lib/google_tts_node/google_tts
[1.076s] -- Up-to-date: /home/amenephous/df_ws/install/google_tts_node/share/ament_index/resource_index/package_run_dependencies/google_tts_node
[1.076s] -- Up-to-date: /home/amenephous/df_ws/install/google_tts_node/share/ament_index/resource_index/parent_prefix_path/google_tts_node
[1.076s] -- Up-to-date: /home/amenephous/df_ws/install/google_tts_node/share/google_tts_node/environment/ament_prefix_path.sh
[1.076s] -- Up-to-date: /home/amenephous/df_ws/install/google_tts_node/share/google_tts_node/environment/ament_prefix_path.dsv
[1.076s] -- Up-to-date: /home/amenephous/df_ws/install/google_tts_node/share/google_tts_node/environment/path.sh
[1.076s] -- Up-to-date: /home/amenephous/df_ws/install/google_tts_node/share/google_tts_node/environment/path.dsv
[1.076s] -- Up-to-date: /home/amenephous/df_ws/install/google_tts_node/share/google_tts_node/local_setup.bash
[1.076s] -- Up-to-date: /home/amenephous/df_ws/install/google_tts_node/share/google_tts_node/local_setup.sh
[1.076s] -- Up-to-date: /home/amenephous/df_ws/install/google_tts_node/share/google_tts_node/local_setup.zsh
[1.076s] -- Up-to-date: /home/amenephous/df_ws/install/google_tts_node/share/google_tts_node/local_setup.dsv
[1.076s] -- Installing: /home/amenephous/df_ws/install/google_tts_node/share/google_tts_node/package.dsv
[1.077s] -- Up-to-date: /home/amenephous/df_ws/install/google_tts_node/share/ament_index/resource_index/packages/google_tts_node
[1.077s] -- Up-to-date: /home/amenephous/df_ws/install/google_tts_node/share/google_tts_node/cmake/google_tts_nodeConfig.cmake
[1.077s] -- Up-to-date: /home/amenephous/df_ws/install/google_tts_node/share/google_tts_node/cmake/google_tts_nodeConfig-version.cmake
[1.077s] -- Up-to-date: /home/amenephous/df_ws/install/google_tts_node/share/google_tts_node/package.xml
[1.426s] Invoked command in '/home/amenephous/df_ws/build/google_tts_node' returned '0': CMAKE_PREFIX_PATH=${CMAKE_PREFIX_PATH}:/home/amenephous/selfdrive_ws/install/self_driving_car_pkg:/home/amenephous/ros2_ws/install/text_to_speech:/opt/ros/humble /usr/bin/cmake --install /home/amenephous/df_ws/build/google_tts_node
