[0.015s] Invoking command in '/home/amenephous/df_ws/build/whisper_asr_node': CMAKE_PREFIX_PATH=${CMAKE_PREFIX_PATH}:/home/amenephous/selfdrive_ws/install/self_driving_car_pkg:/home/amenephous/ros2_ws/install/text_to_speech:/opt/ros/humble /usr/bin/cmake --build /home/amenephous/df_ws/build/whisper_asr_node -- -j8 -l8
[0.055s] [ 50%] [32mBuilding CXX object CMakeFiles/whisper_asr.dir/src/whisper_asr.cpp.o[0m
[3.352s] [100%] [32m[1mLinking CXX executable whisper_asr[0m
[3.484s] [100%] Built target whisper_asr
[3.492s] Invoked command in '/home/amenephous/df_ws/build/whisper_asr_node' returned '0': CMAKE_PREFIX_PATH=${CMAKE_PREFIX_PATH}:/home/amenephous/selfdrive_ws/install/self_driving_car_pkg:/home/amenephous/ros2_ws/install/text_to_speech:/opt/ros/humble /usr/bin/cmake --build /home/amenephous/df_ws/build/whisper_asr_node -- -j8 -l8
[3.508s] Invoking command in '/home/amenephous/df_ws/build/whisper_asr_node': CMAKE_PREFIX_PATH=${CMAKE_PREFIX_PATH}:/home/amenephous/selfdrive_ws/install/self_driving_car_pkg:/home/amenephous/ros2_ws/install/text_to_speech:/opt/ros/humble /usr/bin/cmake --install /home/amenephous/df_ws/build/whisper_asr_node
[3.514s] -- Install configuration: ""
[3.514s] -- Installing: /home/amenephous/df_ws/install/whisper_asr_node/lib/whisper_asr_node/whisper_asr
[3.515s] -- Set runtime path of "/home/amenephous/df_ws/install/whisper_asr_node/lib/whisper_asr_node/whisper_asr" to ""
[3.515s] -- Up-to-date: /home/amenephous/df_ws/install/whisper_asr_node/share/ament_index/resource_index/package_run_dependencies/whisper_asr_node
[3.515s] -- Up-to-date: /home/amenephous/df_ws/install/whisper_asr_node/share/ament_index/resource_index/parent_prefix_path/whisper_asr_node
[3.515s] -- Up-to-date: /home/amenephous/df_ws/install/whisper_asr_node/share/whisper_asr_node/environment/ament_prefix_path.sh
[3.515s] -- Up-to-date: /home/amenephous/df_ws/install/whisper_asr_node/share/whisper_asr_node/environment/ament_prefix_path.dsv
[3.515s] -- Up-to-date: /home/amenephous/df_ws/install/whisper_asr_node/share/whisper_asr_node/environment/path.sh
[3.515s] -- Up-to-date: /home/amenephous/df_ws/install/whisper_asr_node/share/whisper_asr_node/environment/path.dsv
[3.515s] -- Up-to-date: /home/amenephous/df_ws/install/whisper_asr_node/share/whisper_asr_node/local_setup.bash
[3.515s] -- Up-to-date: /home/amenephous/df_ws/install/whisper_asr_node/share/whisper_asr_node/local_setup.sh
[3.515s] -- Up-to-date: /home/amenephous/df_ws/install/whisper_asr_node/share/whisper_asr_node/local_setup.zsh
[3.515s] -- Up-to-date: /home/amenephous/df_ws/install/whisper_asr_node/share/whisper_asr_node/local_setup.dsv
[3.515s] -- Installing: /home/amenephous/df_ws/install/whisper_asr_node/share/whisper_asr_node/package.dsv
[3.515s] -- Up-to-date: /home/amenephous/df_ws/install/whisper_asr_node/share/ament_index/resource_index/packages/whisper_asr_node
[3.515s] -- Up-to-date: /home/amenephous/df_ws/install/whisper_asr_node/share/whisper_asr_node/cmake/whisper_asr_nodeConfig.cmake
[3.516s] -- Up-to-date: /home/amenephous/df_ws/install/whisper_asr_node/share/whisper_asr_node/cmake/whisper_asr_nodeConfig-version.cmake
[3.516s] -- Up-to-date: /home/amenephous/df_ws/install/whisper_asr_node/share/whisper_asr_node/package.xml
[3.517s] Invoked command in '/home/amenephous/df_ws/build/whisper_asr_node' returned '0': CMAKE_PREFIX_PATH=${CMAKE_PREFIX_PATH}:/home/amenephous/selfdrive_ws/install/self_driving_car_pkg:/home/amenephous/ros2_ws/install/text_to_speech:/opt/ros/humble /usr/bin/cmake --install /home/amenephous/df_ws/build/whisper_asr_node
