[0.395s] Invoking command in '/home/amenephous/df_ws/build/google_tts_node': CMAKE_PREFIX_PATH=${CMAKE_PREFIX_PATH}:/home/amenephous/selfdrive_ws/install/self_driving_car_pkg:/home/amenephous/ros2_ws/install/text_to_speech:/opt/ros/humble /usr/bin/cmake /home/amenephous/df_ws/src/google_tts_node -DCMAKE_INSTALL_PREFIX=/home/amenephous/df_ws/install/google_tts_node
[1.701s] -- The C compiler identification is GNU 11.4.0
[2.724s] -- The CXX compiler identification is GNU 11.4.0
[2.733s] -- Detecting C compiler ABI info
[5.114s] -- Detecting C compiler ABI info - done
[5.115s] -- Check for working C compiler: /usr/bin/cc - skipped
[5.115s] -- Detecting C compile features
[5.115s] -- Detecting C compile features - done
[5.115s] -- Detecting CXX compiler ABI info
[5.196s] -- Detecting CXX compiler ABI info - done
[5.203s] -- Check for working CXX compiler: /usr/bin/c++ - skipped
[5.203s] -- Detecting CXX compile features
[5.203s] -- Detecting CXX compile features - done
[5.206s] -- Found ament_cmake: 1.3.10 (/opt/ros/humble/share/ament_cmake/cmake)
[5.345s] -- Found Python3: /usr/bin/python3 (found version "3.10.12") found components: Interpreter 
[5.426s] -- Found rclcpp: 16.0.10 (/opt/ros/humble/share/rclcpp/cmake)
[5.468s] -- Found rosidl_generator_c: 3.1.5 (/opt/ros/humble/share/rosidl_generator_c/cmake)
[5.474s] -- Found rosidl_adapter: 3.1.5 (/opt/ros/humble/share/rosidl_adapter/cmake)
[5.481s] -- Found rosidl_generator_cpp: 3.1.5 (/opt/ros/humble/share/rosidl_generator_cpp/cmake)
[5.492s] -- Using all available rosidl_typesupport_c: rosidl_typesupport_fastrtps_c;rosidl_typesupport_introspection_c
[5.507s] -- Using all available rosidl_typesupport_cpp: rosidl_typesupport_fastrtps_cpp;rosidl_typesupport_introspection_cpp
[5.550s] -- Found rmw_implementation_cmake: 6.1.2 (/opt/ros/humble/share/rmw_implementation_cmake/cmake)
[5.554s] -- Found rmw_cyclonedds_cpp: 1.3.4 (/opt/ros/humble/share/rmw_cyclonedds_cpp/cmake)
[5.576s] -- Using RMW implementation 'rmw_cyclonedds_cpp' as default
[5.585s] -- Looking for pthread.h
[6.825s] -- Looking for pthread.h - found
[6.826s] -- Performing Test CMAKE_HAVE_LIBC_PTHREAD
[7.993s] -- Performing Test CMAKE_HAVE_LIBC_PTHREAD - Success
[7.994s] -- Found Threads: TRUE  
[8.103s] -- Configuring done
[8.111s] -- Generating done
[8.277s] -- Build files have been written to: /home/amenephous/df_ws/build/google_tts_node
[8.296s] Invoked command in '/home/amenephous/df_ws/build/google_tts_node' returned '0': CMAKE_PREFIX_PATH=${CMAKE_PREFIX_PATH}:/home/amenephous/selfdrive_ws/install/self_driving_car_pkg:/home/amenephous/ros2_ws/install/text_to_speech:/opt/ros/humble /usr/bin/cmake /home/amenephous/df_ws/src/google_tts_node -DCMAKE_INSTALL_PREFIX=/home/amenephous/df_ws/install/google_tts_node
[8.301s] Invoking command in '/home/amenephous/df_ws/build/google_tts_node': CMAKE_PREFIX_PATH=${CMAKE_PREFIX_PATH}:/home/amenephous/selfdrive_ws/install/self_driving_car_pkg:/home/amenephous/ros2_ws/install/text_to_speech:/opt/ros/humble /usr/bin/cmake --build /home/amenephous/df_ws/build/google_tts_node -- -j8 -l8
[8.401s] [ 50%] [32mBuilding CXX object CMakeFiles/google_tts.dir/src/google_tts.cpp.o[0m
[21.083s] [100%] [32m[1mLinking CXX executable google_tts[0m
[21.543s] [100%] Built target google_tts
[22.107s] Invoked command in '/home/amenephous/df_ws/build/google_tts_node' returned '0': CMAKE_PREFIX_PATH=${CMAKE_PREFIX_PATH}:/home/amenephous/selfdrive_ws/install/self_driving_car_pkg:/home/amenephous/ros2_ws/install/text_to_speech:/opt/ros/humble /usr/bin/cmake --build /home/amenephous/df_ws/build/google_tts_node -- -j8 -l8
[22.160s] Invoking command in '/home/amenephous/df_ws/build/google_tts_node': CMAKE_PREFIX_PATH=${CMAKE_PREFIX_PATH}:/home/amenephous/selfdrive_ws/install/self_driving_car_pkg:/home/amenephous/ros2_ws/install/text_to_speech:/opt/ros/humble /usr/bin/cmake --install /home/amenephous/df_ws/build/google_tts_node
[22.166s] -- Install configuration: ""
[22.166s] -- Installing: /home/amenephous/df_ws/install/google_tts_node/lib/google_tts_node/google_tts
[22.168s] -- Set runtime path of "/home/amenephous/df_ws/install/google_tts_node/lib/google_tts_node/google_tts" to ""
[22.168s] -- Installing: /home/amenephous/df_ws/install/google_tts_node/share/ament_index/resource_index/package_run_dependencies/google_tts_node
[22.168s] -- Installing: /home/amenephous/df_ws/install/google_tts_node/share/ament_index/resource_index/parent_prefix_path/google_tts_node
[22.168s] -- Installing: /home/amenephous/df_ws/install/google_tts_node/share/google_tts_node/environment/ament_prefix_path.sh
[22.168s] -- Installing: /home/amenephous/df_ws/install/google_tts_node/share/google_tts_node/environment/ament_prefix_path.dsv
[22.168s] -- Installing: /home/amenephous/df_ws/install/google_tts_node/share/google_tts_node/environment/path.sh
[22.168s] -- Installing: /home/amenephous/df_ws/install/google_tts_node/share/google_tts_node/environment/path.dsv
[22.169s] -- Installing: /home/amenephous/df_ws/install/google_tts_node/share/google_tts_node/local_setup.bash
[22.169s] -- Installing: /home/amenephous/df_ws/install/google_tts_node/share/google_tts_node/local_setup.sh
[22.169s] -- Installing: /home/amenephous/df_ws/install/google_tts_node/share/google_tts_node/local_setup.zsh
[22.169s] -- Installing: /home/amenephous/df_ws/install/google_tts_node/share/google_tts_node/local_setup.dsv
[22.169s] -- Installing: /home/amenephous/df_ws/install/google_tts_node/share/google_tts_node/package.dsv
[22.169s] -- Installing: /home/amenephous/df_ws/install/google_tts_node/share/ament_index/resource_index/packages/google_tts_node
[22.169s] -- Installing: /home/amenephous/df_ws/install/google_tts_node/share/google_tts_node/cmake/google_tts_nodeConfig.cmake
[22.169s] -- Installing: /home/amenephous/df_ws/install/google_tts_node/share/google_tts_node/cmake/google_tts_nodeConfig-version.cmake
[22.169s] -- Installing: /home/amenephous/df_ws/install/google_tts_node/share/google_tts_node/package.xml
[22.171s] Invoked command in '/home/amenephous/df_ws/build/google_tts_node' returned '0': CMAKE_PREFIX_PATH=${CMAKE_PREFIX_PATH}:/home/amenephous/selfdrive_ws/install/self_driving_car_pkg:/home/amenephous/ros2_ws/install/text_to_speech:/opt/ros/humble /usr/bin/cmake --install /home/amenephous/df_ws/build/google_tts_node
