[0.099s] Invoking command in '/home/amenephous/df_ws/build/whisper_asr_node': CMAKE_PREFIX_PATH=${CMAKE_PREFIX_PATH}:/home/amenephous/selfdrive_ws/install/self_driving_car_pkg:/home/amenephous/ros2_ws/install/text_to_speech:/opt/ros/humble /usr/bin/cmake --build /home/amenephous/df_ws/build/whisper_asr_node -- -j8 -l8
[0.720s] [ 38%] Built target ggml-base
[0.766s] [ 71%] Built target ggml-cpu
[0.798s] [ 80%] Built target ggml
[0.830s] [ 90%] Built target whisper
[1.001s] [ 95%] [32mBuilding CXX object CMakeFiles/whisper_asr.dir/src/whisper_asr.cpp.o[0m
[3.097s] [01m[K/home/amenephous/df_ws/src/whisper_asr_node/src/whisper_asr.cpp:[m[K In member function ‘[01m[Kvoid WhisperASRNode::processAudio()[m[K’:
[3.097s] [01m[K/home/amenephous/df_ws/src/whisper_asr_node/src/whisper_asr.cpp:24:61:[m[K [01;35m[Kwarning: [m[K‘[01m[Kwhisper_context* whisper_init_from_file(const char*)[m[K’ is deprecated: use whisper_init_from_file_with_params instead [[01;35m[K]8;;https://gcc.gnu.org/onlinedocs/gcc/Warning-Options.html#index-Wdeprecated-declarations-Wdeprecated-declarations]8;;[m[K]
[3.097s]    24 |         struct whisper_context *ctx = [01;35m[Kwhisper_init_from_file(model_path.c_str())[m[K;
[3.097s]       |                                       [01;35m[K~~~~~~~~~~~~~~~~~~~~~~^~~~~~~~~~~~~~~~~~~~[m[K
[3.097s] In file included from [01m[K/home/amenephous/df_ws/src/whisper_asr_node/src/whisper_asr.cpp:6[m[K:
[3.098s] [01m[K/home/amenephous/df_ws/src/whisper_asr_node/whisper_cpp/src/../include/whisper.h:206:46:[m[K [01;36m[Knote: [m[Kdeclared here
[3.098s]   206 |         WHISPER_API struct whisper_context * [01;36m[Kwhisper_init_from_file[m[K(const char * path_model),
[3.098s]       |                                              [01;36m[K^~~~~~~~~~~~~~~~~~~~~~[m[K
[3.098s] [01m[K/home/amenephous/df_ws/src/whisper_asr_node/whisper_cpp/src/../include/whisper.h:12:44:[m[K [01;36m[Knote: [m[Kin definition of macro ‘[01m[KWHISPER_DEPRECATED[m[K’
[3.098s]    12 | #    define WHISPER_DEPRECATED(func, hint) [01;36m[Kfunc[m[K __attribute__((deprecated(hint)))
[3.098s]       |                                            [01;36m[K^~~~[m[K
[5.768s] [100%] [32m[1mLinking CXX executable whisper_asr[0m
[5.991s] [100%] Built target whisper_asr
[6.000s] Invoked command in '/home/amenephous/df_ws/build/whisper_asr_node' returned '0': CMAKE_PREFIX_PATH=${CMAKE_PREFIX_PATH}:/home/amenephous/selfdrive_ws/install/self_driving_car_pkg:/home/amenephous/ros2_ws/install/text_to_speech:/opt/ros/humble /usr/bin/cmake --build /home/amenephous/df_ws/build/whisper_asr_node -- -j8 -l8
[6.019s] Invoking command in '/home/amenephous/df_ws/build/whisper_asr_node': CMAKE_PREFIX_PATH=${CMAKE_PREFIX_PATH}:/home/amenephous/selfdrive_ws/install/self_driving_car_pkg:/home/amenephous/ros2_ws/install/text_to_speech:/opt/ros/humble /usr/bin/cmake --install /home/amenephous/df_ws/build/whisper_asr_node
[6.025s] -- Install configuration: "Release"
[6.040s] -- Installing: /home/amenephous/df_ws/install/whisper_asr_node/lib/whisper_asr_node/whisper_asr
[6.040s] -- Set runtime path of "/home/amenephous/df_ws/install/whisper_asr_node/lib/whisper_asr_node/whisper_asr" to ""
[6.040s] -- Up-to-date: /home/amenephous/df_ws/install/whisper_asr_node/share/ament_index/resource_index/package_run_dependencies/whisper_asr_node
[6.088s] -- Up-to-date: /home/amenephous/df_ws/install/whisper_asr_node/share/ament_index/resource_index/parent_prefix_path/whisper_asr_node
[6.088s] -- Up-to-date: /home/amenephous/df_ws/install/whisper_asr_node/share/whisper_asr_node/environment/ament_prefix_path.sh
[6.088s] -- Up-to-date: /home/amenephous/df_ws/install/whisper_asr_node/share/whisper_asr_node/environment/ament_prefix_path.dsv
[6.088s] -- Up-to-date: /home/amenephous/df_ws/install/whisper_asr_node/share/whisper_asr_node/environment/path.sh
[6.088s] -- Up-to-date: /home/amenephous/df_ws/install/whisper_asr_node/share/whisper_asr_node/environment/path.dsv
[6.089s] -- Up-to-date: /home/amenephous/df_ws/install/whisper_asr_node/share/whisper_asr_node/local_setup.bash
[6.089s] -- Up-to-date: /home/amenephous/df_ws/install/whisper_asr_node/share/whisper_asr_node/local_setup.sh
[6.089s] -- Up-to-date: /home/amenephous/df_ws/install/whisper_asr_node/share/whisper_asr_node/local_setup.zsh
[6.089s] -- Up-to-date: /home/amenephous/df_ws/install/whisper_asr_node/share/whisper_asr_node/local_setup.dsv
[6.089s] -- Installing: /home/amenephous/df_ws/install/whisper_asr_node/share/whisper_asr_node/package.dsv
[6.089s] -- Up-to-date: /home/amenephous/df_ws/install/whisper_asr_node/share/ament_index/resource_index/packages/whisper_asr_node
[6.089s] -- Up-to-date: /home/amenephous/df_ws/install/whisper_asr_node/share/whisper_asr_node/cmake/whisper_asr_nodeConfig.cmake
[6.089s] -- Up-to-date: /home/amenephous/df_ws/install/whisper_asr_node/share/whisper_asr_node/cmake/whisper_asr_nodeConfig-version.cmake
[6.089s] -- Up-to-date: /home/amenephous/df_ws/install/whisper_asr_node/share/whisper_asr_node/package.xml
[6.142s] -- Up-to-date: /home/amenephous/df_ws/install/whisper_asr_node/lib/libwhisper.so.1.7.2
[6.142s] -- Up-to-date: /home/amenephous/df_ws/install/whisper_asr_node/lib/libwhisper.so.1
[6.142s] -- Up-to-date: /home/amenephous/df_ws/install/whisper_asr_node/lib/libwhisper.so
[6.142s] -- Up-to-date: /home/amenephous/df_ws/install/whisper_asr_node/include/whisper.h
[6.143s] -- Up-to-date: /home/amenephous/df_ws/install/whisper_asr_node/lib/cmake/whisper/whisper-config.cmake
[6.143s] -- Up-to-date: /home/amenephous/df_ws/install/whisper_asr_node/lib/cmake/whisper/whisper-version.cmake
[6.143s] -- Up-to-date: /home/amenephous/df_ws/install/whisper_asr_node/lib/pkgconfig/whisper.pc
[6.157s] -- Up-to-date: /home/amenephous/df_ws/install/whisper_asr_node/lib/libggml-cpu.so
[6.158s] -- Up-to-date: /home/amenephous/df_ws/install/whisper_asr_node/lib/libggml.so
[6.158s] -- Up-to-date: /home/amenephous/df_ws/install/whisper_asr_node/include/ggml.h
[6.158s] -- Up-to-date: /home/amenephous/df_ws/install/whisper_asr_node/include/ggml-cpu.h
[6.159s] -- Up-to-date: /home/amenephous/df_ws/install/whisper_asr_node/include/ggml-alloc.h
[6.159s] -- Up-to-date: /home/amenephous/df_ws/install/whisper_asr_node/include/ggml-backend.h
[6.159s] -- Up-to-date: /home/amenephous/df_ws/install/whisper_asr_node/include/ggml-blas.h
[6.159s] -- Up-to-date: /home/amenephous/df_ws/install/whisper_asr_node/include/ggml-cann.h
[6.159s] -- Up-to-date: /home/amenephous/df_ws/install/whisper_asr_node/include/ggml-cuda.h
[6.159s] -- Up-to-date: /home/amenephous/df_ws/install/whisper_asr_node/include/ggml-kompute.h
[6.159s] -- Up-to-date: /home/amenephous/df_ws/install/whisper_asr_node/include/ggml-opt.h
[6.159s] -- Up-to-date: /home/amenephous/df_ws/install/whisper_asr_node/include/ggml-metal.h
[6.159s] -- Up-to-date: /home/amenephous/df_ws/install/whisper_asr_node/include/ggml-rpc.h
[6.159s] -- Up-to-date: /home/amenephous/df_ws/install/whisper_asr_node/include/ggml-sycl.h
[6.159s] -- Up-to-date: /home/amenephous/df_ws/install/whisper_asr_node/include/ggml-vulkan.h
[6.177s] -- Up-to-date: /home/amenephous/df_ws/install/whisper_asr_node/lib/libggml-base.so
[6.179s] Invoked command in '/home/amenephous/df_ws/build/whisper_asr_node' returned '0': CMAKE_PREFIX_PATH=${CMAKE_PREFIX_PATH}:/home/amenephous/selfdrive_ws/install/self_driving_car_pkg:/home/amenephous/ros2_ws/install/text_to_speech:/opt/ros/humble /usr/bin/cmake --install /home/amenephous/df_ws/build/whisper_asr_node
