[ 38%] Built target ggml-base
[ 71%] Built target ggml-cpu
[ 80%] Built target ggml
[ 90%] Built target whisper
[ 95%] [32mBuilding CXX object CMakeFiles/whisper_asr.dir/src/whisper_asr.cpp.o[0m
[01m[K/home/amenephous/df_ws/src/whisper_asr_node/src/whisper_asr.cpp:[m[K In member function ‘[01m[Kvoid WhisperASRNode::processAudio()[m[K’:
[01m[K/home/amenephous/df_ws/src/whisper_asr_node/src/whisper_asr.cpp:28:61:[m[K [01;35m[Kwarning: [m[K‘[01m[Kwhisper_context* whisper_init_from_file(const char*)[m[K’ is deprecated: use whisper_init_from_file_with_params instead [[01;35m[K]8;;https://gcc.gnu.org/onlinedocs/gcc/Warning-Options.html#index-Wdeprecated-declarations-Wdeprecated-declarations]8;;[m[K]
   28 |         struct whisper_context *ctx = [01;35m[Kwhisper_init_from_file(model_path.c_str())[m[K;
      |                                       [01;35m[K~~~~~~~~~~~~~~~~~~~~~~^~~~~~~~~~~~~~~~~~~~[m[K
In file included from [01m[K/home/amenephous/df_ws/src/whisper_asr_node/src/whisper_asr.cpp:6[m[K:
[01m[K/home/amenephous/df_ws/src/whisper_asr_node/whisper_cpp/src/../include/whisper.h:206:46:[m[K [01;36m[Knote: [m[Kdeclared here
  206 |         WHISPER_API struct whisper_context * [01;36m[Kwhisper_init_from_file[m[K(const char * path_model),
      |                                              [01;36m[K^~~~~~~~~~~~~~~~~~~~~~[m[K
[01m[K/home/amenephous/df_ws/src/whisper_asr_node/whisper_cpp/src/../include/whisper.h:12:44:[m[K [01;36m[Knote: [m[Kin definition of macro ‘[01m[KWHISPER_DEPRECATED[m[K’
   12 | #    define WHISPER_DEPRECATED(func, hint) [01;36m[Kfunc[m[K __attribute__((deprecated(hint)))
      |                                            [01;36m[K^~~~[m[K
[01m[K/home/amenephous/df_ws/src/whisper_asr_node/src/whisper_asr.cpp:[m[K In function ‘[01m[Kint main(int, char**)[m[K’:
[01m[K/home/amenephous/df_ws/src/whisper_asr_node/src/whisper_asr.cpp:103:5:[m[K [01;31m[Kerror: [m[K‘[01m[Knode[m[K’ was not declared in this scope
  103 |     [01;31m[Knode[m[K->set_parameter(model_path_param);
      |     [01;31m[K^~~~[m[K
gmake[2]: *** [CMakeFiles/whisper_asr.dir/build.make:76: CMakeFiles/whisper_asr.dir/src/whisper_asr.cpp.o] Error 1
gmake[1]: *** [CMakeFiles/Makefile2:226: CMakeFiles/whisper_asr.dir/all] Error 2
gmake: *** [Makefile:146: all] Error 2
